TLC2 Version 2.19 of 08 August 2024 (rev: 5a47802)
Warning: Please run the Java VM which executes TLC with a throughput optimized garbage collector by passing the "-XX:+UseParallelGC" property.
(Use the -nowarning option to disable this warning.)
Running breadth-first search Model-Checking with fp 11 and seed -8563167676476765319 with 10 workers on 10 cores with 8192MB heap and 64MB offheap memory [pid: 70770] (Mac OS X 14.2.1 aarch64, Oracle Corporation 18.0.2.1 x86_64, MSBDiskFPSet, DiskStateQueue).
Parsing file /Users/idardik/Documents/CMU/compositional_ii/tla-sym-assump-synth/examples/client_server_db_ae/cust_decomp2/D0_hist.tla
Parsing file /private/var/folders/dl/hzl20bt96699x9wpnq61qdmc0000gq/T/Naturals.tla
Parsing file /private/var/folders/dl/hzl20bt96699x9wpnq61qdmc0000gq/T/Sequences.tla
Parsing file /private/var/folders/dl/hzl20bt96699x9wpnq61qdmc0000gq/T/FiniteSets.tla
Parsing file /private/var/folders/dl/hzl20bt96699x9wpnq61qdmc0000gq/T/TLC.tla
Semantic processing of module Naturals
Semantic processing of module Sequences
Semantic processing of module FiniteSets
Semantic processing of module TLC
Semantic processing of module D0_hist
Starting... (2025-02-27 15:43:22)
Computing initial states...
Computed 2 initial states...
Computed 4 initial states...
Computed 8 initial states...
Computed 16 initial states...
Computed 32 initial states...
Computed 64 initial states...
Computed 128 initial states...
Computed 256 initial states...
Finished computing initial states: 512 distinct states generated at 2025-02-27 15:43:22.
Progress(5) at 2025-02-27 15:43:25: 1,514,723 states generated (1,514,723 s/min), 505,669 distinct states found (505,669 ds/min), 393,883 states left on queue.
Progress(7) at 2025-02-27 15:44:25: 42,746,891 states generated (41,232,168 s/min), 10,091,222 distinct states found (9,585,553 ds/min), 7,429,858 states left on queue.
Progress(8) at 2025-02-27 15:45:25: 85,225,359 states generated (42,478,468 s/min), 18,350,259 distinct states found (8,259,037 ds/min), 13,209,426 states left on queue.
Progress(8) at 2025-02-27 15:46:25: 127,572,636 states generated (42,347,277 s/min), 26,432,827 distinct states found (8,082,568 ds/min), 18,921,464 states left on queue.
Progress(8) at 2025-02-27 15:47:25: 169,511,980 states generated (41,939,344 s/min), 34,561,858 distinct states found (8,129,031 ds/min), 24,772,083 states left on queue.