Building the system LTS (for T3.tla)
Built the system LTS in 0.968s

WARNING: sun.reflect.Reflection.getCallerClass is not supported. This will impact performance.
Command exited with non-zero status 130
27.67user 1.10system 0:22.80elapsed 126%CPU (0avgtext+0avgdata 875536maxresident)k
0inputs+664outputs (0major+476034minor)pagefaults 0swaps
Command exited with non-zero status 130
262.49user 6.16system 3:41.20elapsed 121%CPU (0avgtext+0avgdata 3387300maxresident)k
16inputs+95752outputs (0major+2650311minor)pagefaults 0swaps
Command exited with non-zero status 130
14.52user 0.90system 0:11.45elapsed 134%CPU (0avgtext+0avgdata 815548maxresident)k
0inputs+624outputs (0major+323447minor)pagefaults 0swaps
Command exited with non-zero status 130
11.59user 0.81system 0:08.57elapsed 144%CPU (0avgtext+0avgdata 842456maxresident)k
0inputs+528outputs (0major+332203minor)pagefaults 0swaps
Command exited with non-zero status 130
14.66user 1.00system 0:12.59elapsed 124%CPU (0avgtext+0avgdata 794620maxresident)k
0inputs+528outputs (0major+439155minor)pagefaults 0swaps
Command exited with non-zero status 130
9.45user 0.91system 0:06.79elapsed 152%CPU (0avgtext+0avgdata 830412maxresident)k
0inputs+560outputs (0major+339065minor)pagefaults 0swaps
Command exited with non-zero status 130
3249.99user 150.31system 10:32.06elapsed 537%CPU (0avgtext+0avgdata 7308648maxresident)k
408inputs+48175272outputs (2major+62526631minor)pagefaults 0swaps
Command exited with non-zero status 130
206.84user 11.03system 2:49.52elapsed 128%CPU (0avgtext+0avgdata 6187296maxresident)k
0inputs+61144outputs (0major+4554672minor)pagefaults 0swaps
Command exited with non-zero status 130
15.09user 0.94system 0:10.44elapsed 153%CPU (0avgtext+0avgdata 869296maxresident)k
0inputs+592outputs (0major+339805minor)pagefaults 0swaps
Command exited with non-zero status 130
288.53user 18.62system 2:27.92elapsed 207%CPU (0avgtext+0avgdata 5912252maxresident)k
24inputs+316408outputs (0major+6677722minor)pagefaults 0swaps
Command exited with non-zero status 130
15.98user 1.02system 0:11.92elapsed 142%CPU (0avgtext+0avgdata 854880maxresident)k
0inputs+600outputs (0major+342969minor)pagefaults 0swaps
Command exited with non-zero status 130
9.48user 0.91system 0:05.54elapsed 187%CPU (0avgtext+0avgdata 857216maxresident)k
0inputs+528outputs (0major+309002minor)pagefaults 0swaps
Command exited with non-zero status 130
236.39user 10.69system 2:17.07elapsed 180%CPU (0avgtext+0avgdata 5886096maxresident)k
0inputs+64264outputs (0major+3864439minor)pagefaults 0swaps
Command exited with non-zero status 130
854.77user 46.61system 4:29.46elapsed 334%CPU (0avgtext+0avgdata 8521392maxresident)k
112inputs+9509392outputs (0major+18707319minor)pagefaults 0swaps
Command exited with non-zero status 130
23.73user 1.10system 0:21.18elapsed 117%CPU (0avgtext+0avgdata 868604maxresident)k
16288inputs+528outputs (5major+496437minor)pagefaults 0swaps
