Building the LTS for the initial trace (T1.tla)
Built the LTS in 1.464s
Creating the initial trace
WARNING: sun.reflect.Reflection.getCallerClass is not supported. This will impact performance.
Created the initial trace in 0.177s

Round 1
-------
TLC neg trace generation time: 0.689 seconds
# neg traces: 1
# min neg traces: 1
partial neg trace generation time: 0.382 seconds
attempting to eliminate the following neg trace this round:
NT1 (NegTrace): (T0->CommitEntryn1NUM1NUM1 + T1->CommitEntryn1NUM1NUM2)

Init pos trace:
PT1 (PosTrace): (T0->BecomeLeadern3NUM1)
Using the following partial neg trace for formula synth:
NT1 (NegTrace): (T0->CommitEntryn1NUM1NUM1)
Formula synth batch: 1
Total # workers: 8
# workers using: 8
First worker finished, shutdown count is 30.0s
Formula synthesis complete in 7.794 seconds
\A var0 \in FinNat : (Fluent2_2[var0]) => (Fluent1_2[var0])
  Fluent2_2[FinNat]
    initially: FALSE
    flActions:
      CommitEntry[1] = TRUE
  Fluent1_2[FinNat]
    initially: FALSE
    flActions:
      CommitEntry[2] = FALSE
\A var0 \in Server : (Fluent2_7[var0]) => (Fluent1_7[var0])
  Fluent2_7[Server]
    initially: FALSE
    flActions:
      CommitEntry[0] = TRUE
  Fluent1_7[Server]
    initially: FALSE
    flActions:
      CommitEntry[0] = FALSE
\A var0 \in FinNat : (Fluent2_5[var0]) => (Fluent1_5[var0])
  Fluent1_5[FinNat]
    initially: FALSE
    flActions:
      BecomeLeader[1] = FALSE
  Fluent2_5[FinNat]
    initially: FALSE
    flActions:
      CommitEntry[2] = TRUE
\A var0 \in FinNat : (Fluent2_4[var0]) => (~(Fluent1_4[var0]))
  Fluent2_4[FinNat]
    initially: FALSE
    flActions:
      CommitEntry[2] = TRUE
  Fluent1_4[FinNat]
    initially: FALSE
    flActions:
      CommitEntry[2] = TRUE
\A var0 \in Server : (Fluent2_1[var0]) => (~(Fluent1_1[var0]))
  Fluent2_1[Server]
    initially: FALSE
    flActions:
      CommitEntry[0] = TRUE
  Fluent1_1[Server]
    initially: FALSE
    flActions:
      CommitEntry[0] = TRUE
\A var0 \in Server : (Fluent1_3[var0]) => (~(Fluent2_3[var0]))
  Fluent2_3[Server]
    initially: FALSE
    flActions:
      CommitEntry[0] = TRUE
  Fluent1_3[Server]
    initially: FALSE
    flActions:
      CommitEntry[0] = TRUE
\A var0 \in FinNat : (Fluent2_0[var0]) => (~(Fluent1_0[var0]))
  Fluent2_0[FinNat]
    initially: FALSE
    flActions:
      CommitEntry[1] = TRUE
  Fluent1_0[FinNat]
    initially: FALSE
    flActions:
      CommitEntry[1] = TRUE
\A var0 \in Server : (Fluent1_6[var0]) => (~(Fluent2_6[var0]))
  Fluent2_6[Server]
    initially: FALSE
    flActions:
      CommitEntry[0] = TRUE
  Fluent1_6[Server]
    initially: FALSE
    flActions:
      CommitEntry[0] = TRUE

new pos trace(s):
PT5 (PosTrace): (T0->BecomeLeadern1NUM1 + T1->ClientRequestn1NUM1 + T2->GetEntriesn2n1 + T3->CommitEntryn1NUM1NUM1)
Using the following partial neg trace for formula synth:
NT1 (NegTrace): (T0->CommitEntryn1NUM1NUM1)
Formula synth batch: 2
Total # workers: 8
# workers using: 8
First worker finished, shutdown count is 43.89s
Formula synthesis complete in 16.13 seconds
\A var0 \in Server : (Fluent2_7[var0]) => (Fluent3_7[var0])
  Fluent3_7[Server]
    initially: FALSE
    flActions:
      BecomeLeader[0] = TRUE
  Fluent2_7[Server]
    initially: FALSE
    flActions:
      CommitEntry[0] = TRUE

Found the following new invariant this round:
\A var0 \in Server : (Fluent2_7[var0]) => (Fluent3_7[var0])
  Fluent3_7[Server]
    initially: FALSE
    flActions:
      BecomeLeader[0] = TRUE
  Fluent2_7[Server]
    initially: FALSE
    flActions:
      CommitEntry[0] = TRUE

Minimizing the invariants found thus far.
Minimization finished in 0.001 seconds
Current partial assumption:
/\ \A var0 \in Server : (Fluent2_7[var0]) => (Fluent3_7[var0])
Round 1 took 37.627 seconds

Round 2
-------
TLC neg trace generation time: 0.691 seconds
# neg traces: 1
# min neg traces: 1
partial neg trace generation time: 0.36 seconds
attempting to eliminate the following neg trace this round:
NT1 (NegTrace): (T0->BecomeLeadern1NUM3 + T1->CommitEntryn1NUM1NUM1 + T2->CommitEntryn1NUM1NUM2)

Init pos trace:
PT1 (PosTrace): (T0->BecomeLeadern1NUM1)
Using the following partial neg trace for formula synth:
NT1 (NegTrace): (T0->BecomeLeadern1NUM3)
Formula synth batch: 1
Total # workers: 8
# workers using: 8
First worker finished, shutdown count is 30.0s
Formula synthesis complete in 24.173 seconds
\A var0 \in FinNat : \E var1 \in FinNat : (Fluent4_2[var0]) => (~(var1 <= var0))
  Fluent4_2[FinNat]
    initially: FALSE
    flActions:
      BecomeLeader[1] = TRUE
\A var0 \in FinNat : \E var1 \in FinNat : (var1 <= var0) => (~(Fluent4_0[var0]))
  Fluent4_0[FinNat]
    initially: FALSE
    flActions:
      BecomeLeader[1] = TRUE
\A var0 \in FinNat : \A var1 \in Server : \A var2 \in FinNat : (Fluent4_4[var1][var0]) => (var0 <= var2)
  Fluent4_4[Server, FinNat]
    initially: FALSE
    flActions:
      BecomeLeader[0, 1] = TRUE
\A var0 \in Server : \A var1 \in FinNat : \A var2 \in FinNat : (Fluent4_1[var2][var0]) => (var2 <= var1)
  Fluent4_1[FinNat, Server]
    initially: FALSE
    flActions:
      BecomeLeader[1, 0] = TRUE

new pos trace(s):
PT2 (PosTrace): (T0->BecomeLeadern1NUM1 + T1->BecomeLeadern1NUM2 + T2->BecomeLeadern1NUM3)
PT4 (PosTrace): (T0->BecomeLeadern1NUM1 + T1->BecomeLeadern1NUM2)
Using the following partial neg trace for formula synth:
NT1 (NegTrace): (T0->BecomeLeadern1NUM3)
Formula synth batch: 2
Total # workers: 4
# workers using: 4
First worker finished, shutdown count is 88.746s
Formula synthesis complete in 35.161 seconds
\A var0 \in FinNat : \A var1 \in FinNat : (~(Fluent6_0[var0])) => ((Fluent5_0[var1]) => (var1 <= var0))
  Fluent6_0[FinNat]
    initially: FALSE
    flActions:
      BecomeLeader[1] = TRUE
  Fluent5_0[FinNat]
    initially: FALSE
    flActions:
      BecomeLeader[1] = TRUE

Found the following new invariant this round:
\A var0 \in FinNat : \A var1 \in FinNat : (~(Fluent6_0[var0])) => ((Fluent5_0[var1]) => (var1 <= var0))
  Fluent6_0[FinNat]
    initially: FALSE
    flActions:
      BecomeLeader[1] = TRUE
  Fluent5_0[FinNat]
    initially: FALSE
    flActions:
      BecomeLeader[1] = TRUE

Minimizing the invariants found thus far.
Minimization finished in 0.746 seconds
Current partial assumption:
/\ \A var0 \in Server : (Fluent2_7[var0]) => (Fluent3_7[var0])
/\ \A var0 \in FinNat : \A var1 \in FinNat : (~(Fluent6_0[var0])) => ((Fluent5_0[var1]) => (var1 <= var0))
Round 2 took 66.986 seconds

Round 3
-------
TLC neg trace generation time: 0.747 seconds
# neg traces: 1
# min neg traces: 1
partial neg trace generation time: 1.855 seconds
attempting to eliminate the following neg trace this round:
NT1 (NegTrace): (T0->BecomeLeadern1NUM1 + T1->CommitEntryn1NUM1NUM1 + T2->CommitEntryn1NUM1NUM2)

Init pos trace:
PT1 (PosTrace): (T0->BecomeLeadern1NUM1 + T1->CommitEntryn1NUM1NUM1 + T2->CommitEntryn1NUM1NUM1)
Using the following partial neg trace for formula synth:
NT1 (NegTrace): (T0->BecomeLeadern1NUM1 + T1->CommitEntryn1NUM1NUM1 + T2->CommitEntryn1NUM1NUM2)
Formula synth batch: 1
Total # workers: 8
# workers using: 8
First worker finished, shutdown count is 48.39s
Killing 1 incomplete formula synth workers
Formula synthesis complete in 64.538 seconds
\A var0 \in FinNat : (Fluent7_0[var0]) => (Fluent8_0[var0])
  Fluent8_0[FinNat]
    initially: FALSE
    flActions:
      CommitEntry[1] = TRUE
  Fluent7_0[FinNat]
    initially: FALSE
    flActions:
      CommitEntry[2] = TRUE
\A var0 \in FinNat : (Fluent8_5[var0]) => (Fluent7_5[var0])
  Fluent8_5[FinNat]
    initially: FALSE
    flActions:
      CommitEntry[2] = TRUE
  Fluent7_5[FinNat]
    initially: FALSE
    flActions:
      BecomeLeader[1] = TRUE

Found the following new invariant this round:
\A var0 \in FinNat : (Fluent8_5[var0]) => (Fluent7_5[var0])
  Fluent8_5[FinNat]
    initially: FALSE
    flActions:
      CommitEntry[2] = TRUE
  Fluent7_5[FinNat]
    initially: FALSE
    flActions:
      BecomeLeader[1] = TRUE

Minimizing the invariants found thus far.
Minimization finished in 1.37 seconds
Current partial assumption:
/\ \A var0 \in FinNat : (Fluent8_5[var0]) => (Fluent7_5[var0])
Round 3 took 75.031 seconds

Round 4
-------
TLC neg trace generation time: 0.724 seconds
# neg traces: 1
# min neg traces: 1
partial neg trace generation time: 0.364 seconds
attempting to eliminate the following neg trace this round:
NT1 (NegTrace): (T0->BecomeLeadern2NUM3 + T1->BecomeLeadern3NUM1 + T2->CommitEntryn1NUM1NUM1 + T3->CommitEntryn1NUM1NUM3)

The following previously found invariant blocks the negative trace:
\A var0 \in Server : (Fluent2_7[var0]) => (Fluent3_7[var0])
  Fluent3_7[Server]
    initially: FALSE
    flActions:
      BecomeLeader[0] = TRUE
  Fluent2_7[Server]
    initially: FALSE
    flActions:
      CommitEntry[0] = TRUE

Minimizing the invariants found thus far.
Minimization finished in 0.642 seconds
Current partial assumption:
/\ \A var0 \in FinNat : (Fluent8_5[var0]) => (Fluent7_5[var0])
/\ \A var0 \in FinNat : \A var1 \in FinNat : (~(Fluent6_0[var0])) => ((Fluent5_0[var1]) => (var1 <= var0))
Round 4 took 2.515 seconds

Round 5
-------
TLC neg trace generation time: 0.728 seconds
# neg traces: 1
# min neg traces: 1
partial neg trace generation time: 3.374 seconds
attempting to eliminate the following neg trace this round:
NT1 (NegTrace): (T0->BecomeLeadern3NUM1 + T1->BecomeLeadern3NUM2 + T2->CommitEntryn1NUM1NUM2 + T3->CommitEntryn1NUM1NUM1)

The following previously found invariant blocks the negative trace:
\A var0 \in Server : (Fluent2_7[var0]) => (Fluent3_7[var0])
  Fluent3_7[Server]
    initially: FALSE
    flActions:
      BecomeLeader[0] = TRUE
  Fluent2_7[Server]
    initially: FALSE
    flActions:
      CommitEntry[0] = TRUE

Minimizing the invariants found thus far.
Minimization finished in 0.783 seconds
Current partial assumption:
/\ \A var0 \in Server : (Fluent2_7[var0]) => (Fluent3_7[var0])
/\ \A var0 \in FinNat : (Fluent8_5[var0]) => (Fluent7_5[var0])
Round 5 took 8.802 seconds

Round 6
-------
TLC neg trace generation time: 0.786 seconds
# neg traces: 1
# min neg traces: 1
partial neg trace generation time: 3.321 seconds
attempting to eliminate the following neg trace this round:
NT1 (NegTrace): (T0->BecomeLeadern1NUM1 + T1->BecomeLeadern1NUM2 + T2->CommitEntryn1NUM1NUM1 + T3->CommitEntryn1NUM1NUM2)

Init pos trace:
PT1 (PosTrace): (T0->BecomeLeadern1NUM1 + T1->BecomeLeadern1NUM2 + T2->BecomeLeadern2NUM3)
Using the following partial neg trace for formula synth:
NT1 (NegTrace): (T0->BecomeLeadern1NUM1 + T1->BecomeLeadern1NUM2 + T2->CommitEntryn1NUM1NUM1)
Formula synth batch: 1
Total # workers: 8
# workers using: 8
First worker finished, shutdown count is 49.899s
Formula synthesis complete in 17.886 seconds
\A var0 \in FinNat : (Fluent10_5[var0]) => (Fluent9_5[var0])
  Fluent10_5[FinNat]
    initially: FALSE
    flActions:
      CommitEntry[1] = TRUE
  Fluent9_5[FinNat]
    initially: FALSE
    flActions:
      BecomeLeader[1] = FALSE
\A var0 \in FinNat : (Fluent9_4[var0]) => (~(Fluent10_4[var0]))
  Fluent10_4[FinNat]
    initially: FALSE
    flActions:
      BecomeLeader[1] = TRUE
  Fluent9_4[FinNat]
    initially: FALSE
    flActions:
      CommitEntry[1] = TRUE
\A var0 \in Server : (Fluent9_3[var0]) => (~(Fluent10_3[var0]))
  Fluent9_3[Server]
    initially: FALSE
    flActions:
      BecomeLeader[0] = TRUE
  Fluent10_3[Server]
    initially: FALSE
    flActions:
      CommitEntry[0] = TRUE
\A var0 \in Server : (Fluent9_1[var0]) => (~(Fluent10_1[var0]))
  Fluent9_1[Server]
    initially: FALSE
    flActions:
      CommitEntry[0] = TRUE
  Fluent10_1[Server]
    initially: FALSE
    flActions:
      CommitEntry[0] = TRUE
\A var0 \in FinNat : \A var1 \in FinNat : (Fluent9_0[var1]) => (var0 <= var1)
  Fluent9_0[FinNat]
    initially: FALSE
    flActions:
      CommitEntry[1] = TRUE
\A var0 \in Server : \A var1 \in Server : (Fluent9_6[var1]) => (~(var0 = var1))
  Fluent9_6[Server]
    initially: FALSE
    flActions:
      CommitEntry[0] = TRUE
\A var0 \in Server : \A var1 \in Server : (var1 = var0) => (~(Fluent9_7[var0]))
  Fluent9_7[Server]
    initially: FALSE
    flActions:
      CommitEntry[0] = TRUE
\A var0 \in FinNat : \A var1 \in FinNat : (Fluent9_2[var1]) => (~(var0 <= var1))
  Fluent9_2[FinNat]
    initially: FALSE
    flActions:
      CommitEntry[1] = TRUE

new pos trace(s):
PT9 (PosTrace): (T0->BecomeLeadern1NUM1 + T1->ClientRequestn1NUM1 + T2->GetEntriesn2n1 + T3->CommitEntryn1NUM1NUM1)
Using the following partial neg trace for formula synth:
NT1 (NegTrace): (T0->BecomeLeadern1NUM1 + T1->BecomeLeadern1NUM2 + T2->CommitEntryn1NUM1NUM1)
Formula synth batch: 2
Total # workers: 8
# workers using: 8
First worker finished, shutdown count is 76.65s
Killing 1 incomplete formula synth workers
Formula synthesis complete in 102.217 seconds
\A var0 \in FinNat : (Fluent10_5[var0]) => (Fluent11_5[var0])
  Fluent10_5[FinNat]
    initially: FALSE
    flActions:
      CommitEntry[1] = TRUE
  Fluent11_5[FinNat]
    initially: FALSE
    flActions:
      BecomeLeader[] = FALSE
      BecomeLeader[1] = TRUE (priority 1)
\A var0 \in FinNat : (Fluent10_2[var0]) => (~(Fluent11_2[var0]))
  Fluent11_2[FinNat]
    initially: FALSE
    flActions:
      BecomeLeader[1] = TRUE
  Fluent10_2[FinNat]
    initially: FALSE
    flActions:
      CommitEntry[] = TRUE
      CommitEntry[1] = FALSE (priority 1)
\A var0 \in FinNat : (Fluent10_4[var0]) => (~(Fluent11_4[var0]))
  Fluent11_4[FinNat]
    initially: FALSE
    flActions:
      BecomeLeader[1] = TRUE
  Fluent10_4[FinNat]
    initially: FALSE
    flActions:
      CommitEntry[] = TRUE
      CommitEntry[2] = FALSE (priority 1)
\A var0 \in FinNat : (Fluent11_0[var0]) => (~(Fluent10_0[var0]))
  Fluent11_0[FinNat]
    initially: FALSE
    flActions:
      CommitEntry[2] = TRUE
  Fluent10_0[FinNat]
    initially: FALSE
    flActions:
      BecomeLeader[] = TRUE
      BecomeLeader[1] = FALSE (priority 1)
\A var0 \in Server : \A var1 \in FinNat : (Fluent10_3[var0]) => (~(Fluent11_3[var1]))
  Fluent11_3[FinNat]
    initially: FALSE
    flActions:
      BecomeLeader[1] = TRUE
      CommitEntry[2] = FALSE
  Fluent10_3[Server]
    initially: FALSE
    flActions:
      CommitEntry[0] = TRUE
\A var0 \in Server : \A var1 \in FinNat : (Fluent11_1[var0]) => (~(Fluent10_1[var0][var1]))
  Fluent10_1[Server, FinNat]
    initially: FALSE
    flActions:
      CommitEntry[0, 1] = FALSE
      BecomeLeader[0, 1] = TRUE
  Fluent11_1[Server]
    initially: FALSE
    flActions:
      CommitEntry[0] = TRUE
\A var0 \in Server : \A var1 \in Server : \A var2 \in FinNat : (Fluent10_6[var1]) => (~(Fluent11_6[var0][var2]))
  Fluent11_6[Server, FinNat]
    initially: FALSE
    flActions:
      CommitEntry[0, 1] = FALSE
      BecomeLeader[0, 1] = TRUE
  Fluent10_6[Server]
    initially: FALSE
    flActions:
      CommitEntry[0] = TRUE

new pos trace(s):
PT15 (PosTrace): (T0->BecomeLeadern1NUM1 + T1->ClientRequestn1NUM1 + T2->GetEntriesn2n1 + T3->CommitEntryn1NUM1NUM1 + T4->BecomeLeadern1NUM2)
Using the following partial neg trace for formula synth:
NT1 (NegTrace): (T0->BecomeLeadern1NUM1 + T1->BecomeLeadern1NUM2 + T2->CommitEntryn1NUM1NUM1)
Formula synth batch: 3
Total # workers: 8
# workers using: 8
First worker finished, shutdown count is 95.556s
Formula synthesis complete in 114.329 seconds
\A var0 \in FinNat : (Fluent12_4[var0]) => (Fluent11_4[var0])
  Fluent11_4[FinNat]
    initially: FALSE
    flActions:
      BecomeLeader[1] = TRUE
      CommitEntry[1] = TRUE (priority 1)
      CommitEntry[] = FALSE
  Fluent12_4[FinNat]
    initially: FALSE
    flActions:
      BecomeLeader[1] = TRUE
\A var0 \in FinNat : (Fluent11_2[var0]) => (Fluent12_2[var0])
  Fluent12_2[FinNat]
    initially: FALSE
    flActions:
      BecomeLeader[1] = TRUE
      CommitEntry[] = FALSE
  Fluent11_2[FinNat]
    initially: FALSE
    flActions:
      BecomeLeader[1] = TRUE
      CommitEntry[2] = FALSE
\A var0 \in FinNat : (Fluent11_0[var0]) => (Fluent12_0[var0])
  Fluent11_0[FinNat]
    initially: FALSE
    flActions:
      BecomeLeader[] = TRUE
      BecomeLeader[1] = FALSE (priority 1)
  Fluent12_0[FinNat]
    initially: FALSE
    flActions:
      BecomeLeader[] = TRUE
      CommitEntry[1] = FALSE
\A var0 \in FinNat : (Fluent11_5[var0]) => (~(Fluent12_5[var0]))
  Fluent12_5[FinNat]
    initially: FALSE
    flActions:
      BecomeLeader[1] = TRUE
      CommitEntry[1] = FALSE
  Fluent11_5[FinNat]
    initially: FALSE
    flActions:
      BecomeLeader[1] = FALSE
      CommitEntry[] = TRUE
\A var0 \in Server : \A var1 \in FinNat : (Fluent12_3[var0]) => (~(Fluent11_3[var1]))
  Fluent12_3[Server]
    initially: FALSE
    flActions:
      CommitEntry[0] = TRUE
      BecomeLeader[0] = FALSE
  Fluent11_3[FinNat]
    initially: FALSE
    flActions:
      BecomeLeader[1] = TRUE
      CommitEntry[2] = FALSE
\A var0 \in Server : \A var1 \in FinNat : (Fluent12_1[var0][var1]) => (Fluent11_1[var0])
  Fluent12_1[Server, FinNat]
    initially: FALSE
    flActions:
      CommitEntry[0, 1] = FALSE
      BecomeLeader[0, 1] = TRUE
  Fluent11_1[Server]
    initially: FALSE
    flActions:
      CommitEntry[0] = FALSE
      BecomeLeader[0] = TRUE
\A var0 \in Server : \A var1 \in Server : \A var2 \in FinNat : (Fluent11_6[var2]) => ((var1 = var0) => (Fluent12_6[var2]))
  Fluent11_6[FinNat]
    initially: FALSE
    flActions:
      CommitEntry[1] = TRUE
      BecomeLeader[] = FALSE
  Fluent12_6[FinNat]
    initially: FALSE
    flActions:
      BecomeLeader[] = FALSE
      BecomeLeader[1] = TRUE (priority 1)

new pos trace(s):
PT20 (PosTrace): (T0->BecomeLeadern1NUM1 + T1->BecomeLeadern1NUM2 + T2->ClientRequestn1NUM2 + T3->GetEntriesn2n1 + T4->CommitEntryn1NUM1NUM2)
PT21 (PosTrace): (T0->BecomeLeadern1NUM1 + T1->ClientRequestn1NUM1 + T2->GetEntriesn2n1 + T3->CommitEntryn1NUM1NUM1 + T4->BecomeLeadern2NUM2)
Using the following partial neg trace for formula synth:
NT1 (NegTrace): (T0->BecomeLeadern1NUM1 + T1->BecomeLeadern1NUM2 + T2->CommitEntryn1NUM1NUM1)
Formula synth batch: 4
Total # workers: 7
# workers using: 7
First worker finished, shutdown count is 173.43s
Formula synthesis complete in 192.135 seconds
\A var0 \in FinNat : (Fluent13_0[var0]) => (Fluent12_0[var0])
  Fluent13_0[FinNat]
    initially: FALSE
    flActions:
      BecomeLeader[] = TRUE
      BecomeLeader[1] = FALSE (priority 1)
  Fluent12_0[FinNat]
    initially: FALSE
    flActions:
      BecomeLeader[] = TRUE
      CommitEntry[2] = FALSE

Found the following new invariant this round:
\A var0 \in FinNat : (Fluent13_0[var0]) => (Fluent12_0[var0])
  Fluent13_0[FinNat]
    initially: FALSE
    flActions:
      BecomeLeader[] = TRUE
      BecomeLeader[1] = FALSE (priority 1)
  Fluent12_0[FinNat]
    initially: FALSE
    flActions:
      BecomeLeader[] = TRUE
      CommitEntry[2] = FALSE

Minimizing the invariants found thus far.
Minimization finished in 3.017 seconds
Current partial assumption:
/\ \A var0 \in FinNat : (Fluent13_0[var0]) => (Fluent12_0[var0])
/\ \A var0 \in FinNat : (Fluent8_5[var0]) => (Fluent7_5[var0])
Round 6 took 461.197 seconds

Round 7
-------
TLC neg trace generation time: 0.833 seconds
# neg traces: 1
# min neg traces: 1
partial neg trace generation time: 0.358 seconds
attempting to eliminate the following neg trace this round:
NT1 (NegTrace): (T0->BecomeLeadern2NUM3 + T1->CommitEntryn3NUM1NUM3 + T2->BecomeLeadern3NUM1 + T3->CommitEntryn1NUM1NUM1)

The following previously found invariant blocks the negative trace:
\A var0 \in Server : (Fluent2_7[var0]) => (Fluent3_7[var0])
  Fluent3_7[Server]
    initially: FALSE
    flActions:
      BecomeLeader[0] = TRUE
  Fluent2_7[Server]
    initially: FALSE
    flActions:
      CommitEntry[0] = TRUE

Minimizing the invariants found thus far.
Minimization finished in 1.038 seconds
Current partial assumption:
/\ \A var0 \in Server : (Fluent2_7[var0]) => (Fluent3_7[var0])
/\ \A var0 \in FinNat : (Fluent13_0[var0]) => (Fluent12_0[var0])
Round 7 took 3.019 seconds

Round 8
-------
TLC neg trace generation time: 0.892 seconds
# neg traces: 1
# min neg traces: 1
partial neg trace generation time: 1.086 seconds
attempting to eliminate the following neg trace this round:
NT1 (NegTrace): (T0->BecomeLeadern2NUM1 + T1->BecomeLeadern1NUM1 + T2->CommitEntryn1NUM1NUM1 + T3->BecomeLeadern2NUM2 + T4->CommitEntryn1NUM1NUM2)

Init pos trace:
PT1 (PosTrace): (T0->BecomeLeadern2NUM1 + T1->BecomeLeadern1NUM2)
Using the following partial neg trace for formula synth:
NT1 (NegTrace): (T0->BecomeLeadern2NUM1 + T1->BecomeLeadern1NUM1)
Formula synth batch: 1
Total # workers: 8
# workers using: 8
First worker finished, shutdown count is 45.834s
Killing 3 incomplete formula synth workers
Formula synthesis complete in 61.137 seconds
\A var0 \in Server : \A var1 \in FinNat : (Fluent14_1[var1][var0]) => (Fluent15_1[var1][var0])
  Fluent14_1[FinNat, Server]
    initially: FALSE
    flActions:
      BecomeLeader[1, 0] = TRUE
  Fluent15_1[FinNat, Server]
    initially: FALSE
    flActions:
      BecomeLeader[1] = FALSE
      BecomeLeader[1, 0] = TRUE (priority 1)

Found the following new invariant this round:
\A var0 \in Server : \A var1 \in FinNat : (Fluent14_1[var1][var0]) => (Fluent15_1[var1][var0])
  Fluent14_1[FinNat, Server]
    initially: FALSE
    flActions:
      BecomeLeader[1, 0] = TRUE
  Fluent15_1[FinNat, Server]
    initially: FALSE
    flActions:
      BecomeLeader[1] = FALSE
      BecomeLeader[1, 0] = TRUE (priority 1)

Minimizing the invariants found thus far.
Minimization finished in 4.332 seconds
Current partial assumption:
/\ \A var0 \in Server : (Fluent2_7[var0]) => (Fluent3_7[var0])
/\ \A var0 \in Server : \A var1 \in FinNat : (Fluent14_1[var1][var0]) => (Fluent15_1[var1][var0])
/\ \A var0 \in FinNat : (Fluent13_0[var0]) => (Fluent12_0[var0])
Round 8 took 73.231 seconds

Round 9
-------
TLC neg trace generation time: 0.977 seconds
# neg traces: 1
# min neg traces: 1
partial neg trace generation time: 3.374 seconds
attempting to eliminate the following neg trace this round:
NT1 (NegTrace): (T0->BecomeLeadern1NUM1 + T1->CommitEntryn1NUM1NUM1 + T2->BecomeLeadern1NUM2 + T3->CommitEntryn1NUM1NUM2)

Init pos trace:
PT1 (PosTrace): (T0->BecomeLeadern1NUM1 + T1->CommitEntryn1NUM1NUM1 + T2->BecomeLeadern1NUM2 + T3->BecomeLeadern2NUM3)
Using the following partial neg trace for formula synth:
NT1 (NegTrace): (T0->BecomeLeadern1NUM1 + T1->CommitEntryn1NUM1NUM1 + T2->BecomeLeadern1NUM2 + T3->CommitEntryn1NUM1NUM2)
Formula synth batch: 1
Total # workers: 8
# workers using: 8
First worker finished, shutdown count is 66.183s
Killing 1 incomplete formula synth workers
Formula synthesis complete in 88.265 seconds
\A var0 \in FinNat : (Fluent17_4[var0]) => (Fluent16_4[var0])
  Fluent17_4[FinNat]
    initially: FALSE
    flActions:
      CommitEntry[2] = TRUE
  Fluent16_4[FinNat]
    initially: FALSE
    flActions:
      CommitEntry[1] = TRUE
\A var0 \in FinNat : (Fluent17_5[var0]) => (Fluent16_5[var0])
  Fluent16_5[FinNat]
    initially: FALSE
    flActions:
      CommitEntry[1] = TRUE
  Fluent17_5[FinNat]
    initially: FALSE
    flActions:
      CommitEntry[2] = TRUE
\A var0 \in FinNat : (Fluent16_2[var0]) => (Fluent17_2[var0])
  Fluent17_2[FinNat]
    initially: FALSE
    flActions:
      CommitEntry[1] = TRUE
  Fluent16_2[FinNat]
    initially: FALSE
    flActions:
      CommitEntry[2] = TRUE
\A var0 \in FinNat : (Fluent17_0[var0]) => (Fluent16_0[var0])
  Fluent17_0[FinNat]
    initially: FALSE
    flActions:
      CommitEntry[2] = TRUE
  Fluent16_0[FinNat]
    initially: FALSE
    flActions:
      CommitEntry[1] = TRUE
\A var0 \in Server : \A var1 \in FinNat : \A var2 \in Server : (var0 = var2) => (~(Fluent16_3[var1]))
  Fluent16_3[FinNat]
    initially: FALSE
    flActions:
      CommitEntry[2] = TRUE
      CommitEntry[1] = FALSE (priority 1)
\A var0 \in Server : \A var1 \in Server : \A var2 \in FinNat : (var1 = var0) => (~(Fluent16_6[var2]))
  Fluent16_6[FinNat]
    initially: FALSE
    flActions:
      CommitEntry[1] = TRUE
      CommitEntry[2] = FALSE (priority 1)
\A var0 \in Server : \E var1 \in FinNat : \A var2 \in FinNat : (Fluent16_1[var0][var2]) => (var2 = var1)
  Fluent16_1[Server, FinNat]
    initially: FALSE
    flActions:
      CommitEntry[0, 2] = TRUE

new pos trace(s):
PT4 (PosTrace): (T0->BecomeLeadern1NUM1 + T1->BecomeLeadern1NUM2 + T2->ClientRequestn1NUM2 + T3->GetEntriesn3n1 + T4->CommitEntryn1NUM1NUM2)
PT2 (PosTrace): (T0->BecomeLeadern1NUM1 + T1->BecomeLeadern1NUM2 + T2->ClientRequestn1NUM2 + T3->GetEntriesn2n1 + T4->CommitEntryn1NUM1NUM2)
PT8 (PosTrace): (T0->BecomeLeadern1NUM1 + T1->ClientRequestn1NUM1 + T2->GetEntriesn2n1 + T3->CommitEntryn1NUM1NUM1 + T4->BecomeLeadern1NUM2 + T5->ClientRequestn1NUM2 + T6->GetEntriesn2n1 + T7->CommitEntryn1NUM2NUM2)
Using the following partial neg trace for formula synth:
NT1 (NegTrace): (T0->BecomeLeadern1NUM1 + T1->CommitEntryn1NUM1NUM1 + T2->BecomeLeadern1NUM2 + T3->CommitEntryn1NUM1NUM2)
Formula synth batch: 2
Total # workers: 8
# workers using: 8
First worker finished, shutdown count is 126.897s
Killing 1 incomplete formula synth workers
Formula synthesis complete in 169.217 seconds
\A var0 \in FinNat : (Fluent18_2[var0]) => (Fluent17_2[var0])
  Fluent17_2[FinNat]
    initially: FALSE
    flActions:
      CommitEntry[2] = TRUE (priority 1)
      CommitEntry[1] = FALSE
  Fluent18_2[FinNat]
    initially: FALSE
    flActions:
      CommitEntry[2] = TRUE
\A var0 \in FinNat : (Fluent18_0[var0]) => (Fluent17_0[var0])
  Fluent17_0[FinNat]
    initially: FALSE
    flActions:
      CommitEntry[2] = TRUE (priority 1)
      CommitEntry[1] = FALSE
  Fluent18_0[FinNat]
    initially: FALSE
    flActions:
      CommitEntry[2] = TRUE
\A var0 \in FinNat : (Fluent18_4[var0]) => (~(Fluent17_4[var0]))
  Fluent17_4[FinNat]
    initially: FALSE
    flActions:
      CommitEntry[2] = TRUE
  Fluent18_4[FinNat]
    initially: FALSE
    flActions:
      CommitEntry[1] = TRUE
      CommitEntry[2] = FALSE (priority 1)
\A var0 \in FinNat : (Fluent17_5[var0]) => (~(Fluent18_5[var0]))
  Fluent18_5[FinNat]
    initially: FALSE
    flActions:
      CommitEntry[2] = TRUE
  Fluent17_5[FinNat]
    initially: FALSE
    flActions:
      CommitEntry[1] = TRUE
      CommitEntry[2] = FALSE (priority 1)
\A var0 \in Server : \A var1 \in FinNat : (Fluent18_3[var1]) => (~(Fluent17_3[var1][var0]))
  Fluent18_3[FinNat]
    initially: FALSE
    flActions:
      CommitEntry[2] = TRUE
  Fluent17_3[FinNat, Server]
    initially: FALSE
    flActions:
      CommitEntry[1, 0] = TRUE
      CommitEntry[2, 0] = FALSE (priority 1)
\A var0 \in Server : \A var1 \in FinNat : (Fluent18_1[var1][var0]) => (Fluent17_1[var1][var0])
  Fluent18_1[FinNat, Server]
    initially: FALSE
    flActions:
      CommitEntry[2, 0] = TRUE
  Fluent17_1[FinNat, Server]
    initially: FALSE
    flActions:
      CommitEntry[2, 0] = TRUE (priority 1)
      CommitEntry[1, 0] = FALSE
\A var0 \in Server : \E var1 \in Server : \A var2 \in FinNat : ((var1 = var0) => (Fluent18_6[var2])) => (Fluent17_6[var2])
  Fluent17_6[FinNat]
    initially: FALSE
    flActions:
      CommitEntry[2] = TRUE (priority 1)
      CommitEntry[1] = FALSE
  Fluent18_6[FinNat]
    initially: FALSE
    flActions:
      CommitEntry[2] = TRUE

new pos trace(s):
PT13 (PosTrace): (T0->BecomeLeadern1NUM1 + T1->BecomeLeadern1NUM2 + T2->ClientRequestn1NUM2 + T3->GetEntriesn2n1 + T4->CommitEntryn1NUM1NUM2 + T5->BecomeLeadern1NUM3 + T6->ClientRequestn1NUM3 + T7->GetEntriesn2n1 + T8->CommitEntryn1NUM2NUM3)
Using the following partial neg trace for formula synth:
NT1 (NegTrace): (T0->BecomeLeadern1NUM1 + T1->CommitEntryn1NUM1NUM1 + T2->BecomeLeadern1NUM2 + T3->CommitEntryn1NUM1NUM2)
Formula synth batch: 3
Total # workers: 8
# workers using: 8
First worker finished, shutdown count is 216.36s
Killing 1 incomplete formula synth workers
Formula synthesis complete in 288.501 seconds
\A var0 \in FinNat : (Fluent19_5[var0][var0]) => (Fluent18_5[var0])
  Fluent18_5[FinNat]
    initially: FALSE
    flActions:
      CommitEntry[2] = TRUE (priority 1)
      CommitEntry[1] = FALSE
  Fluent19_5[FinNat, FinNat]
    initially: FALSE
    flActions:
      CommitEntry[2, 1] = TRUE

Found the following new invariant this round:
\A var0 \in FinNat : (Fluent19_5[var0][var0]) => (Fluent18_5[var0])
  Fluent18_5[FinNat]
    initially: FALSE
    flActions:
      CommitEntry[2] = TRUE (priority 1)
      CommitEntry[1] = FALSE
  Fluent19_5[FinNat, FinNat]
    initially: FALSE
    flActions:
      CommitEntry[2, 1] = TRUE

Minimizing the invariants found thus far.
Minimization finished in 4.86 seconds
Current partial assumption:
/\ \A var0 \in Server : (Fluent2_7[var0]) => (Fluent3_7[var0])
/\ \A var0 \in FinNat : (Fluent19_5[var0][var0]) => (Fluent18_5[var0])
Round 9 took 584.862 seconds

Round 10
-------
TLC neg trace generation time: 0.783 seconds
# neg traces: 1
# min neg traces: 1
partial neg trace generation time: 0.362 seconds
attempting to eliminate the following neg trace this round:
NT1 (NegTrace): (T0->BecomeLeadern1NUM3 + T1->BecomeLeadern2NUM3 + T2->CommitEntryn1NUM1NUM2 + T3->CommitEntryn1NUM1NUM1)

The following previously found invariant blocks the negative trace:
\A var0 \in Server : \A var1 \in FinNat : (Fluent14_1[var1][var0]) => (Fluent15_1[var1][var0])
  Fluent14_1[FinNat, Server]
    initially: FALSE
    flActions:
      BecomeLeader[1, 0] = TRUE
  Fluent15_1[FinNat, Server]
    initially: FALSE
    flActions:
      BecomeLeader[1] = FALSE
      BecomeLeader[1, 0] = TRUE (priority 1)

Minimizing the invariants found thus far.
Minimization finished in 1.756 seconds
Current partial assumption:
/\ \A var0 \in FinNat : (Fluent19_5[var0][var0]) => (Fluent18_5[var0])
/\ \A var0 \in FinNat : (Fluent13_0[var0]) => (Fluent12_0[var0])
/\ \A var0 \in FinNat : \A var1 \in FinNat : (~(Fluent6_0[var0])) => ((Fluent5_0[var1]) => (var1 <= var0))
Round 10 took 3.697 seconds

Round 11
-------
TLC neg trace generation time: 0.801 seconds
# neg traces: 1
# min neg traces: 1
partial neg trace generation time: 0.36 seconds
attempting to eliminate the following neg trace this round:
NT1 (NegTrace): (T0->CommitEntryn1NUM1NUM2 + T1->CommitEntryn1NUM1NUM1)

The following previously found invariant blocks the negative trace:
\A var0 \in Server : (Fluent2_7[var0]) => (Fluent3_7[var0])
  Fluent3_7[Server]
    initially: FALSE
    flActions:
      BecomeLeader[0] = TRUE
  Fluent2_7[Server]
    initially: FALSE
    flActions:
      CommitEntry[0] = TRUE

Minimizing the invariants found thus far.
Minimization finished in 1.788 seconds
Current partial assumption:
/\ \A var0 \in Server : (Fluent2_7[var0]) => (Fluent3_7[var0])
/\ \A var0 \in FinNat : (Fluent19_5[var0][var0]) => (Fluent18_5[var0])
/\ \A var0 \in FinNat : \A var1 \in FinNat : (~(Fluent6_0[var0])) => ((Fluent5_0[var1]) => (var1 <= var0))
Round 11 took 3.612 seconds

Round 12
-------
TLC neg trace generation time: 0.88 seconds
# neg traces: 1
# min neg traces: 1
partial neg trace generation time: 1.081 seconds
attempting to eliminate the following neg trace this round:
NT1 (NegTrace): (T0->BecomeLeadern2NUM1 + T1->BecomeLeadern1NUM1 + T2->CommitEntryn1NUM1NUM2 + T3->CommitEntryn1NUM1NUM1)

The following previously found invariant blocks the negative trace:
\A var0 \in Server : \A var1 \in FinNat : (Fluent14_1[var1][var0]) => (Fluent15_1[var1][var0])
  Fluent14_1[FinNat, Server]
    initially: FALSE
    flActions:
      BecomeLeader[1, 0] = TRUE
  Fluent15_1[FinNat, Server]
    initially: FALSE
    flActions:
      BecomeLeader[1] = FALSE
      BecomeLeader[1, 0] = TRUE (priority 1)

Minimizing the invariants found thus far.
Minimization finished in 1.888 seconds
Current partial assumption:
/\ \A var0 \in Server : (Fluent2_7[var0]) => (Fluent3_7[var0])
/\ \A var0 \in FinNat : (Fluent19_5[var0][var0]) => (Fluent18_5[var0])
/\ \A var0 \in FinNat : (Fluent13_0[var0]) => (Fluent12_0[var0])
Round 12 took 5.375 seconds

Round 13
-------
TLC neg trace generation time: 0.919 seconds
# neg traces: 1
# min neg traces: 1
partial neg trace generation time: 2.884 seconds
attempting to eliminate the following neg trace this round:
NT1 (NegTrace): (T0->BecomeLeadern1NUM1 + T1->CommitEntryn1NUM2NUM1 + T2->BecomeLeadern1NUM2 + T3->CommitEntryn1NUM2NUM2)

Init pos trace:
PT1 (PosTrace): (T0->BecomeLeadern1NUM1 + T1->CommitEntryn1NUM2NUM1 + T2->BecomeLeadern1NUM2)
Using the following partial neg trace for formula synth:
NT1 (NegTrace): (T0->BecomeLeadern1NUM1 + T1->CommitEntryn1NUM2NUM1 + T2->BecomeLeadern1NUM2 + T3->CommitEntryn1NUM2NUM2)
Formula synth batch: 1
Total # workers: 8
# workers using: 8
First worker finished, shutdown count is 63.177s
Killing 1 incomplete formula synth workers
Formula synthesis complete in 84.257 seconds
\A var0 \in FinNat : (Fluent21_4[var0]) => (~(Fluent20_4[var0]))
  Fluent21_4[FinNat]
    initially: FALSE
    flActions:
      CommitEntry[2] = TRUE
  Fluent20_4[FinNat]
    initially: FALSE
    flActions:
      CommitEntry[1] = TRUE
\A var0 \in FinNat : (Fluent21_5[var0]) => (~(Fluent20_5[var0]))
  Fluent21_5[FinNat]
    initially: FALSE
    flActions:
      CommitEntry[2] = TRUE
  Fluent20_5[FinNat]
    initially: FALSE
    flActions:
      CommitEntry[1] = TRUE
\A var0 \in FinNat : (Fluent21_0[var0]) => (~(Fluent20_0[var0]))
  Fluent20_0[FinNat]
    initially: FALSE
    flActions:
      CommitEntry[1] = TRUE
  Fluent21_0[FinNat]
    initially: FALSE
    flActions:
      CommitEntry[2] = TRUE
\A var0 \in FinNat : \A var1 \in FinNat : (Fluent20_2[var0]) => (var0 <= var1)
  Fluent20_2[FinNat]
    initially: FALSE
    flActions:
      CommitEntry[2] = TRUE
\A var0 \in Server : \A var1 \in FinNat : (Fluent21_3[var0][var1]) => (~(Fluent20_3[var0][var1]))
  Fluent21_3[Server, FinNat]
    initially: FALSE
    flActions:
      CommitEntry[0, 1] = TRUE
  Fluent20_3[Server, FinNat]
    initially: FALSE
    flActions:
      CommitEntry[0, 2] = TRUE
\A var0 \in Server : \A var1 \in FinNat : \A var2 \in FinNat : (Fluent20_1[var2][var0]) => (var2 <= var1)
  Fluent20_1[FinNat, Server]
    initially: FALSE
    flActions:
      CommitEntry[2, 0] = TRUE
\A var0 \in Server : \A var1 \in Server : \A var2 \in FinNat : (Fluent20_6[var2][var2]) => (~(var0 = var1))
  Fluent20_6[FinNat, FinNat]
    initially: FALSE
    flActions:
      CommitEntry[1, 2] = TRUE

new pos trace(s):
PT6 (PosTrace): (T0->BecomeLeadern1NUM1 + T1->ClientRequestn1NUM1 + T2->GetEntriesn2n1 + T3->CommitEntryn1NUM1NUM1)
PT7 (PosTrace): (T0->BecomeLeadern1NUM1 + T1->BecomeLeadern1NUM2 + T2->ClientRequestn1NUM2 + T3->GetEntriesn2n1 + T4->CommitEntryn1NUM1NUM2)
Using the following partial neg trace for formula synth:
NT1 (NegTrace): (T0->BecomeLeadern1NUM1 + T1->CommitEntryn1NUM2NUM1 + T2->BecomeLeadern1NUM2 + T3->CommitEntryn1NUM2NUM2)
Formula synth batch: 2
Total # workers: 8
# workers using: 8
First worker finished, shutdown count is 135.63s
Killing 2 incomplete formula synth workers
Formula synthesis complete in 180.864 seconds
\A var0 \in FinNat : (Fluent22_5[var0]) => (Fluent21_5[var0])
  Fluent21_5[FinNat]
    initially: FALSE
    flActions:
      CommitEntry[2] = TRUE (priority 1)
      CommitEntry[] = FALSE
  Fluent22_5[FinNat]
    initially: FALSE
    flActions:
      CommitEntry[2] = TRUE
\A var0 \in FinNat : (Fluent21_4[var0]) => (~(Fluent22_4[var0]))
  Fluent22_4[FinNat]
    initially: FALSE
    flActions:
      CommitEntry[] = TRUE
      CommitEntry[2] = FALSE (priority 1)
  Fluent21_4[FinNat]
    initially: FALSE
    flActions:
      CommitEntry[2] = TRUE
\A var0 \in FinNat : \A var1 \in FinNat : (Fluent21_2[var0][var0]) => (var0 <= var1)
  Fluent21_2[FinNat, FinNat]
    initially: FALSE
    flActions:
      CommitEntry[2, 1] = TRUE
\A var0 \in FinNat : \A var1 \in FinNat : (Fluent21_0[var0][var0]) => (var0 <= var1)
  Fluent21_0[FinNat, FinNat]
    initially: FALSE
    flActions:
      CommitEntry[2, 1] = TRUE
\A var0 \in Server : \A var1 \in FinNat : (Fluent22_3[var0][var1]) => (Fluent21_3[var0][var1])
  Fluent22_3[Server, FinNat]
    initially: FALSE
    flActions:
      CommitEntry[0, 2] = TRUE
  Fluent21_3[Server, FinNat]
    initially: FALSE
    flActions:
      CommitEntry[0, 2] = TRUE (priority 1)
      CommitEntry[] = FALSE
\A var0 \in Server : \E var1 \in FinNat : \A var2 \in FinNat : (Fluent21_1[var0][var2]) => (var2 = var1)
  Fluent21_1[Server, FinNat]
    initially: FALSE
    flActions:
      CommitEntry[0, 2] = TRUE

new pos trace(s):
PT11 (PosTrace): (T0->BecomeLeadern1NUM1 + T1->ClientRequestn1NUM1 + T2->GetEntriesn2n1 + T3->BecomeLeadern1NUM2 + T4->ClientRequestn1NUM2 + T5->GetEntriesn2n1 + T6->CommitEntryn1NUM2NUM2)
PT14 (PosTrace): (T0->BecomeLeadern1NUM1 + T1->ClientRequestn1NUM1 + T2->GetEntriesn2n1 + T3->CommitEntryn1NUM1NUM1 + T4->BecomeLeadern1NUM2 + T5->ClientRequestn1NUM2 + T6->GetEntriesn2n1 + T7->CommitEntryn1NUM2NUM2)
Using the following partial neg trace for formula synth:
NT1 (NegTrace): (T0->BecomeLeadern1NUM1 + T1->CommitEntryn1NUM2NUM1 + T2->BecomeLeadern1NUM2 + T3->CommitEntryn1NUM2NUM2)
Formula synth batch: 3
Total # workers: 8
# workers using: 8
First worker finished, shutdown count is 248.421s
Killing 1 incomplete formula synth workers
Formula synthesis complete in 331.217 seconds
\A var0 \in FinNat : (Fluent22_5[var0]) => (Fluent23_5[var0])
  Fluent23_5[FinNat]
    initially: FALSE
    flActions:
      CommitEntry[2] = TRUE (priority 1)
      CommitEntry[] = FALSE
  Fluent22_5[FinNat]
    initially: FALSE
    flActions:
      CommitEntry[2] = TRUE
      CommitEntry[1] = FALSE (priority 1)
\A var0 \in FinNat : (Fluent22_4[var0]) => (~(Fluent23_4[var0]))
  Fluent22_4[FinNat]
    initially: FALSE
    flActions:
      CommitEntry[2] = TRUE
      CommitEntry[1] = FALSE (priority 1)
  Fluent23_4[FinNat]
    initially: FALSE
    flActions:
      CommitEntry[] = TRUE
      CommitEntry[2] = FALSE (priority 1)
\A var0 \in Server : \A var1 \in FinNat : (Fluent22_3[var1][var0]) => (Fluent23_3[var1])
  Fluent23_3[FinNat]
    initially: FALSE
    flActions:
      CommitEntry[2] = TRUE (priority 1)
      CommitEntry[] = FALSE
  Fluent22_3[FinNat, Server]
    initially: FALSE
    flActions:
      CommitEntry[2, 0] = TRUE
      CommitEntry[1, 0] = FALSE (priority 1)
\A var0 \in FinNat : \E var1 \in FinNat : \A var2 \in FinNat : (Fluent22_2[var2][var0]) => (var1 = var2)
  Fluent22_2[FinNat, FinNat]
    initially: FALSE
    flActions:
      CommitEntry[2, 1] = TRUE

Found the following new invariant this round:
\A var0 \in FinNat : \E var1 \in FinNat : \A var2 \in FinNat : (Fluent22_2[var2][var0]) => (var1 = var2)
  Fluent22_2[FinNat, FinNat]
    initially: FALSE
    flActions:
      CommitEntry[2, 1] = TRUE

Minimizing the invariants found thus far.
Minimization finished in 6.701 seconds
Current partial assumption:
/\ \A var0 \in FinNat : \E var1 \in FinNat : \A var2 \in FinNat : (Fluent22_2[var2][var0]) => (var1 = var2)
Round 13 took 638.011 seconds

Round 14
-------
TLC neg trace generation time: 0.856 seconds
Round 14 took 0.866 seconds

The following formula is a separating assumption:
/\ \A var0 \in FinNat : \E var1 \in FinNat : \A var2 \in FinNat : (Fluent22_2[var2][var0]) => (var1 = var2)
