Building the LTS for the initial trace (E0.tla)
Built the LTS in 0.179s
Creating the initial trace
WARNING: sun.reflect.Reflection.getCallerClass is not supported. This will impact performance.
Created the initial trace in 0.152s

Round 1
-------
TLC neg trace generation time: 0.676 seconds
# neg traces: 1
# min neg traces: 1
partial neg trace generation time: 0.233 seconds
attempting to eliminate the following neg trace this round:
NT1 (NegTrace): (T0->RecvTransferMsgN1K1V1 + T1->RecvTransferMsgN2K1V1)

Init pos trace:
PT1 (PosTrace): (T0->ReshardK1V1N1N1)
Using the following partial neg trace for formula synth:
NT1 (NegTrace): (T0->RecvTransferMsgN1K1V1)
Formula synth batch: 1
Total # workers: 27
# workers using: 10
First worker finished, shutdown count is 30.0s
Formula synthesis complete in 4.855 seconds
\A var0 \in Key : ~(Fluent1_3[var0])
  Fluent1_3[Key]
    initially: FALSE
    flActions:
      RecvTransferMsg[1] = TRUE
\A var0 \in Key : ~(Fluent1_1[var0])
  Fluent1_1[Key]
    initially: FALSE
    flActions:
      RecvTransferMsg[1] = TRUE
\A var0 \in Key : ~(Fluent1_7[var0])
  Fluent1_7[Key]
    initially: FALSE
    flActions:
      RecvTransferMsg[1] = TRUE
\A var0 \in Key : ~(Fluent1_21[var0])
  Fluent1_21[Key]
    initially: FALSE
    flActions:
      RecvTransferMsg[1] = TRUE
\A var0 \in Key : ~(Fluent1_20[var0])
  Fluent1_20[Key]
    initially: FALSE
    flActions:
      RecvTransferMsg[1] = TRUE
\A var0 \in Node : ~(Fluent1_5[var0])
  Fluent1_5[Node]
    initially: FALSE
    flActions:
      RecvTransferMsg[0] = TRUE
\A var0 \in Node : ~(Fluent1_6[var0])
  Fluent1_6[Node]
    initially: FALSE
    flActions:
      RecvTransferMsg[0] = TRUE
\A var0 \in Key : ~(Fluent1_26[var0])
  Fluent1_26[Key]
    initially: FALSE
    flActions:
      RecvTransferMsg[1] = TRUE
\A var0 \in Value : ~(Fluent1_19[var0])
  Fluent1_19[Value]
    initially: FALSE
    flActions:
      RecvTransferMsg[2] = TRUE
\A var0 \in Value : ~(Fluent1_17[var0])
  Fluent1_17[Value]
    initially: FALSE
    flActions:
      RecvTransferMsg[2] = TRUE

new pos trace(s):
PT2 (PosTrace): (T0->ReshardK1V1N1N1 + T1->RecvTransferMsgN1K1V1)
PT10 (PosTrace): (T0->ReshardK1V1N1N1 + T1->ReshardK2V1N1N1 + T2->RecvTransferMsgN1K1V1)
PT4 (PosTrace): (T0->ReshardK1V1N1N1 + T1->ReshardK1V2N2N1 + T2->RecvTransferMsgN1K1V1)
PT11 (PosTrace): (T0->ReshardK2V1N1N1 + T1->RecvTransferMsgN1K2V1)
PT3 (PosTrace): (T0->ReshardK2V1N1N1 + T1->ReshardK1V1N1N1 + T2->RecvTransferMsgN1K1V1)
PT5 (PosTrace): (T0->ReshardK1V2N2N1 + T1->RecvTransferMsgN1K1V2)
Using the following partial neg trace for formula synth:
NT1 (NegTrace): (T0->RecvTransferMsgN1K1V1)
Formula synth batch: 2
Total # workers: 27
# workers using: 10
First worker finished, shutdown count is 30.0s
Formula synthesis complete in 26.16 seconds
\A var0 \in Key : (Fluent3_7[var0]) => (Fluent2_7[var0])
  Fluent3_7[Key]
    initially: FALSE
    flActions:
      RecvTransferMsg[1] = TRUE
  Fluent2_7[Key]
    initially: FALSE
    flActions:
      Reshard[0] = TRUE

Found the following new invariant this round:
\A var0 \in Key : (Fluent3_7[var0]) => (Fluent2_7[var0])
  Fluent3_7[Key]
    initially: FALSE
    flActions:
      RecvTransferMsg[1] = TRUE
  Fluent2_7[Key]
    initially: FALSE
    flActions:
      Reshard[0] = TRUE

Minimizing the invariants found thus far.
Minimization finished in 0.001 seconds
Current partial assumption:
/\ \A var0 \in Key : (Fluent3_7[var0]) => (Fluent2_7[var0])
Round 1 took 40.141 seconds

Round 2
-------
TLC neg trace generation time: 0.706 seconds
# neg traces: 1
# min neg traces: 1
partial neg trace generation time: 0.711 seconds
attempting to eliminate the following neg trace this round:
NT1 (NegTrace): (T0->PutN1K1V1 + T1->ReshardK1V1N1N1 + T2->RecvTransferMsgN1K1V1 + T3->RecvTransferMsgN2K1V1)

Init pos trace:
PT1 (PosTrace): (T0->PutN1K1V1 + T1->ReshardK1V1N1N1 + T2->RecvTransferMsgN1K1V1 + T3->ReshardK1V1N1N1)
Using the following partial neg trace for formula synth:
NT1 (NegTrace): (T0->PutN1K1V1 + T1->ReshardK1V1N1N1 + T2->RecvTransferMsgN1K1V1 + T3->RecvTransferMsgN2K1V1)
Formula synth batch: 1
Total # workers: 27
# workers using: 10
First worker finished, shutdown count is 31.392s
Formula synthesis complete in 18.106 seconds
\A var0 \in Key : ~(Fluent5_20[var0])
  Fluent4_20[Key]
    initially: FALSE
    flActions:
      RecvTransferMsg[1] = TRUE
  Fluent5_20[Key]
    initially: FALSE
    flActions:
      RecvTransferMsg[1] = Fluent4_20[1]
\A var0 \in Key : ~(Fluent4_21[var0])
  Fluent4_21[Key]
    initially: FALSE
    flActions:
      RecvTransferMsg[1] = Fluent5_21[1]
  Fluent5_21[Key]
    initially: FALSE
    flActions:
      RecvTransferMsg[1] = TRUE
\A var0 \in Value : ~(Fluent5_16[var0])
  Fluent5_16[Value]
    initially: FALSE
    flActions:
      RecvTransferMsg[2] = Fluent4_16[2]
  Fluent4_16[Value]
    initially: FALSE
    flActions:
      RecvTransferMsg[2] = TRUE
\A var0 \in Node : (Fluent5_5[var0]) => (Fluent4_5[var0])
  Fluent5_5[Node]
    initially: FALSE
    flActions:
      RecvTransferMsg[0] = TRUE
  Fluent4_5[Node]
    initially: FALSE
    flActions:
      Reshard[3] = TRUE

Found the following new invariant this round:
\A var0 \in Node : (Fluent5_5[var0]) => (Fluent4_5[var0])
  Fluent5_5[Node]
    initially: FALSE
    flActions:
      RecvTransferMsg[0] = TRUE
  Fluent4_5[Node]
    initially: FALSE
    flActions:
      Reshard[3] = TRUE

Minimizing the invariants found thus far.
Minimization finished in 0.552 seconds
Current partial assumption:
/\ \A var0 \in Node : (Fluent5_5[var0]) => (Fluent4_5[var0])
Round 2 took 23.687 seconds

Round 3
-------
TLC neg trace generation time: 0.692 seconds
# neg traces: 1
# min neg traces: 1
partial neg trace generation time: 0.468 seconds
attempting to eliminate the following neg trace this round:
NT1 (NegTrace): (T0->PutN2K1V1 + T1->ReshardK1V1N2N1 + T2->RecvTransferMsgN1K2V1 + T3->PutN2K2V1)

The following previously found invariant blocks the negative trace:
\A var0 \in Key : (Fluent3_7[var0]) => (Fluent2_7[var0])
  Fluent3_7[Key]
    initially: FALSE
    flActions:
      RecvTransferMsg[1] = TRUE
  Fluent2_7[Key]
    initially: FALSE
    flActions:
      Reshard[0] = TRUE

Minimizing the invariants found thus far.
Minimization finished in 0.27 seconds
Current partial assumption:
/\ \A var0 \in Node : (Fluent5_5[var0]) => (Fluent4_5[var0])
/\ \A var0 \in Key : (Fluent3_7[var0]) => (Fluent2_7[var0])
Round 3 took 3.251 seconds

Round 4
-------
TLC neg trace generation time: 0.731 seconds
# neg traces: 1
# min neg traces: 1
partial neg trace generation time: 0.458 seconds
attempting to eliminate the following neg trace this round:
NT1 (NegTrace): (T0->PutN1K1V1 + T1->ReshardK1V1N1N1 + T2->RecvTransferMsgN1K1V2 + T3->ReshardK1V2N1N2 + T4->RecvTransferMsgN1K1V1 + T5->RecvTransferMsgN2K1V1)

Init pos trace:
PT1 (PosTrace): (T0->PutN1K1V1 + T1->ReshardK1V1N1N1 + T2->RecvTransferMsgN1K1V1)
Using the following partial neg trace for formula synth:
NT1 (NegTrace): (T0->PutN1K1V1 + T1->ReshardK1V1N1N1 + T2->RecvTransferMsgN1K1V2)
Formula synth batch: 1
Total # workers: 27
# workers using: 10
First worker finished, shutdown count is 30.0s
Formula synthesis complete in 34.358 seconds
\A var0 \in Value : (Fluent6_0[var0]) => (Fluent7_0[var0])
  Fluent6_0[Value]
    initially: FALSE
    flActions:
      RecvTransferMsg[2] = TRUE
  Fluent7_0[Value]
    initially: FALSE
    flActions:
      Reshard[1] = TRUE

Found the following new invariant this round:
\A var0 \in Value : (Fluent6_0[var0]) => (Fluent7_0[var0])
  Fluent6_0[Value]
    initially: FALSE
    flActions:
      RecvTransferMsg[2] = TRUE
  Fluent7_0[Value]
    initially: FALSE
    flActions:
      Reshard[1] = TRUE

Minimizing the invariants found thus far.
Minimization finished in 1.429 seconds
Current partial assumption:
/\ \A var0 \in Value : (Fluent6_0[var0]) => (Fluent7_0[var0])
/\ \A var0 \in Node : (Fluent5_5[var0]) => (Fluent4_5[var0])
/\ \A var0 \in Key : (Fluent3_7[var0]) => (Fluent2_7[var0])
Round 4 took 38.202 seconds

Round 5
-------
TLC neg trace generation time: 0.754 seconds
# neg traces: 1
# min neg traces: 1
partial neg trace generation time: 0.963 seconds
attempting to eliminate the following neg trace this round:
NT1 (NegTrace): (T0->PutN2K1V1 + T1->ReshardK1V1N2N2 + T2->RecvTransferMsgN2K1V1 + T3->ReshardK1V1N2N1 + T4->RecvTransferMsgN2K1V1 + T5->RecvTransferMsgN1K1V1)

Init pos trace:
PT1 (PosTrace): (T0->PutN2K1V1 + T1->ReshardK1V1N2N2 + T2->RecvTransferMsgN2K1V1 + T3->ReshardK1V1N2N1 + T4->RecvTransferMsgN1K1V1)
Using the following partial neg trace for formula synth:
NT1 (NegTrace): (T0->PutN2K1V1 + T1->ReshardK1V1N2N2 + T2->RecvTransferMsgN2K1V1 + T3->ReshardK1V1N2N1 + T4->RecvTransferMsgN2K1V1)
Formula synth batch: 1
Total # workers: 27
# workers using: 10
First worker finished, shutdown count is 59.589s
Formula synthesis complete in 76.571 seconds
\A var0 \in Node : ~(Fluent9_8[var0])
  Fluent9_8[Node]
    initially: FALSE
    flActions:
      RecvTransferMsg[0] = Fluent8_8[0]
  Fluent8_8[Node]
    initially: FALSE
    flActions:
      RecvTransferMsg[0] = TRUE
\A var0 \in Node : ~(Fluent8_15[var0])
  Fluent8_15[Node]
    initially: FALSE
    flActions:
      RecvTransferMsg[0] = Fluent9_15[0]
  Fluent9_15[Node]
    initially: FALSE
    flActions:
      RecvTransferMsg[0] = TRUE
\A var0 \in Key : \A var1 \in Node : ~(Fluent8_22[var1][var0])
  Fluent8_22[Node, Key]
    initially: FALSE
    flActions:
      RecvTransferMsg[0, 1] = Fluent9_22[0, 1]
  Fluent9_22[Node, Key]
    initially: FALSE
    flActions:
      RecvTransferMsg[0, 1] = TRUE
\A var0 \in Key : \A var1 \in Node : ~(Fluent9_26[var1][var0])
  Fluent8_26[Node, Key]
    initially: FALSE
    flActions:
      RecvTransferMsg[0, 1] = TRUE
  Fluent9_26[Node, Key]
    initially: FALSE
    flActions:
      RecvTransferMsg[0, 1] = Fluent8_26[0, 1]
\A var0 \in Value : \A var1 \in Node : ~(Fluent9_0[var1][var0])
  Fluent9_0[Node, Value]
    initially: FALSE
    flActions:
      RecvTransferMsg[0, 2] = Fluent8_0[0, 2]
  Fluent8_0[Node, Value]
    initially: FALSE
    flActions:
      RecvTransferMsg[0, 2] = TRUE

new pos trace(s):
PT6 (PosTrace): (T0->ReshardK1V1N1N1 + T1->ReshardK2V1N1N1 + T2->RecvTransferMsgN1K1V1 + T3->RecvTransferMsgN1K2V1)
PT2 (PosTrace): (T0->ReshardK2V1N1N1 + T1->ReshardK1V1N1N1 + T2->RecvTransferMsgN1K1V1 + T3->RecvTransferMsgN1K2V1)
PT3 (PosTrace): (T0->ReshardK1V1N1N1 + T1->ReshardK1V2N2N1 + T2->RecvTransferMsgN1K1V1 + T3->RecvTransferMsgN1K1V2)
PT4 (PosTrace): (T0->ReshardK2V2N1N1 + T1->ReshardK2V1N1N1 + T2->RecvTransferMsgN1K2V1 + T3->RecvTransferMsgN1K2V2)
PT5 (PosTrace): (T0->ReshardK1V1N1N1 + T1->ReshardK2V1N1N1 + T2->ReshardK1V2N2N1 + T3->RecvTransferMsgN1K1V1 + T4->RecvTransferMsgN1K1V2)
Using the following partial neg trace for formula synth:
NT1 (NegTrace): (T0->PutN2K1V1 + T1->ReshardK1V1N2N2 + T2->RecvTransferMsgN2K1V1 + T3->ReshardK1V1N2N1 + T4->RecvTransferMsgN2K1V1)
Formula synth batch: 2
Total # workers: 22
# workers using: 10
First worker finished, shutdown count is 323.073s
Formula synthesis complete in 226.665 seconds
\A var0 \in Node : (Fluent10_7[var0]) => (Fluent9_7[var0])
  Fluent10_7[Node]
    initially: FALSE
    flActions:
      Reshard[2] = TRUE
      Reshard[3] = FALSE (priority 1)
  Fluent9_7[Node]
    initially: FALSE
    flActions:
      Reshard[2] = TRUE
      RecvTransferMsg[0] = FALSE
\A var0 \in Node : (Fluent10_4[var0]) => (Fluent9_4[var0])
  Fluent10_4[Node]
    initially: FALSE
    flActions:
      RecvTransferMsg[0] = TRUE
      Reshard[2] = FALSE
  Fluent9_4[Node]
    initially: FALSE
    flActions:
      Reshard[3] = TRUE (priority 1)
      Reshard[2] = FALSE
\A var0 \in Node : (Fluent10_18[var0]) => (Fluent9_18[var0])
  Fluent10_18[Node]
    initially: FALSE
    flActions:
      RecvTransferMsg[0] = TRUE
      Reshard[2] = FALSE
  Fluent9_18[Node]
    initially: FALSE
    flActions:
      Reshard[3] = TRUE (priority 1)
      Reshard[2] = FALSE
\A var0 \in Node : (Fluent10_20[var0]) => (Fluent9_20[var0])
  Fluent9_20[Node]
    initially: FALSE
    flActions:
      Reshard[2] = TRUE
      RecvTransferMsg[0] = FALSE
  Fluent10_20[Node]
    initially: FALSE
    flActions:
      Reshard[2] = TRUE
      Reshard[3] = FALSE (priority 1)
\A var0 \in Key : \E var1 \in Node : (Fluent10_3[var1][var0]) => (Fluent9_3[var1])
  Fluent9_3[Node]
    initially: FALSE
    flActions:
      Reshard[2] = TRUE
      RecvTransferMsg[0] = FALSE
  Fluent10_3[Node, Key]
    initially: FALSE
    flActions:
      Reshard[3, 0] = TRUE
\A var0 \in Key : \E var1 \in Node : (Fluent9_21[var0][var1]) => (Fluent10_21[var0][var1])
  Fluent9_21[Key, Node]
    initially: FALSE
    flActions:
      Reshard[0, 3] = TRUE
  Fluent10_21[Key, Node]
    initially: FALSE
    flActions:
      Reshard[0, 2] = TRUE
      RecvTransferMsg[1, 0] = FALSE

new pos trace(s):
PT8 (PosTrace): (T0->ReshardK2V1N1N1 + T1->ReshardK1V1N1N1 + T2->ReshardK1V1N1N2 + T3->RecvTransferMsgN1K1V1)
PT7 (PosTrace): (T0->ReshardK1V1N1N1 + T1->ReshardK1V1N1N2 + T2->RecvTransferMsgN1K1V1)
PT10 (PosTrace): (T0->ReshardK1V2N1N1 + T1->ReshardK2V1N1N2 + T2->RecvTransferMsgN1K1V2)
PT9 (PosTrace): (T0->ReshardK2V1N1N1 + T1->ReshardK2V1N1N2 + T2->RecvTransferMsgN1K2V1)
PT12 (PosTrace): (T0->ReshardK1V2N1N1 + T1->ReshardK1V1N1N2 + T2->RecvTransferMsgN1K1V2)
Using the following partial neg trace for formula synth:
NT1 (NegTrace): (T0->PutN2K1V1 + T1->ReshardK1V1N2N2 + T2->RecvTransferMsgN2K1V1 + T3->ReshardK1V1N2N1 + T4->RecvTransferMsgN2K1V1)
Formula synth batch: 3
Total # workers: 18
# workers using: 10
Formula synthesis complete in 664.688 seconds

new pos trace(s):
Using the following partial neg trace for formula synth:
NT1 (NegTrace): (T0->PutN2K1V1 + T1->ReshardK1V1N2N2 + T2->RecvTransferMsgN2K1V1 + T3->ReshardK1V1N2N1 + T4->RecvTransferMsgN2K1V1)
Formula synth batch: 4
Total # workers: 8
# workers using: 8
Formula synthesis complete in 534.202 seconds
All synthesized formulas are UNSAT, increasing the size of the partial neg trace
New init pos trace:
PT1 (PosTrace): (T0->PutN2K1V1 + T1->ReshardK1V1N2N2 + T2->RecvTransferMsgN2K1V1 + T3->ReshardK1V1N2N1 + T4->RecvTransferMsgN1K1V1 + T5->ReshardK1V1N1N1)

Using the following partial neg trace for formula synth:
NT1 (NegTrace): (T0->PutN2K1V1 + T1->ReshardK1V1N2N2 + T2->RecvTransferMsgN2K1V1 + T3->ReshardK1V1N2N1 + T4->RecvTransferMsgN2K1V1 + T5->RecvTransferMsgN1K1V1)
Formula synth batch: 1
Total # workers: 27
# workers using: 10
First worker finished, shutdown count is 76.545s
Formula synthesis complete in 49.271 seconds
\A var0 \in Key : ~(Fluent13_7[var0])
  Fluent12_7[Key]
    initially: FALSE
    flActions:
      RecvTransferMsg[1] = TRUE
      Reshard[0] = FALSE
  Fluent13_7[Key]
    initially: FALSE
    flActions:
      RecvTransferMsg[1] = Fluent12_7[1]
\A var0 \in Node : ~(Fluent12_4[var0])
  Fluent13_4[Node]
    initially: FALSE
    flActions:
      RecvTransferMsg[0] = TRUE
  Fluent12_4[Node]
    initially: FALSE
    flActions:
      RecvTransferMsg[0] = Fluent13_4[0]
\A var0 \in Node : ~(Fluent12_8[var0])
  Fluent13_8[Node]
    initially: FALSE
    flActions:
      RecvTransferMsg[0] = TRUE
  Fluent12_8[Node]
    initially: FALSE
    flActions:
      RecvTransferMsg[0] = Fluent13_8[0]
\A var0 \in Key : ~(Fluent13_20[var0])
  Fluent13_20[Key]
    initially: FALSE
    flActions:
      RecvTransferMsg[1] = Fluent12_20[1]
  Fluent12_20[Key]
    initially: FALSE
    flActions:
      RecvTransferMsg[1] = TRUE
      Reshard[0] = FALSE
\A var0 \in Node : ~(Fluent13_23[var0])
  Fluent13_23[Node]
    initially: FALSE
    flActions:
      RecvTransferMsg[0] = Fluent12_23[0]
  Fluent12_23[Node]
    initially: FALSE
    flActions:
      RecvTransferMsg[0] = TRUE
\A var0 \in Value : ~(Fluent12_13[var0])
  Fluent12_13[Value]
    initially: FALSE
    flActions:
      RecvTransferMsg[2] = Fluent13_13[2]
  Fluent13_13[Value]
    initially: FALSE
    flActions:
      RecvTransferMsg[2] = TRUE
      Reshard[1] = FALSE
\A var0 \in Value : ~(Fluent13_18[var0])
  Fluent13_18[Value]
    initially: FALSE
    flActions:
      RecvTransferMsg[2] = Fluent12_18[2]
  Fluent12_18[Value]
    initially: FALSE
    flActions:
      RecvTransferMsg[2] = TRUE
      Reshard[1] = FALSE
\A var0 \in Key : \E var1 \in Node : ~(Fluent12_22[var0][var1])
  Fluent12_22[Key, Node]
    initially: FALSE
    flActions:
      Reshard[0, 2] = FALSE
      RecvTransferMsg[1, 0] = TRUE
\A var0 \in Value : \E var1 \in Node : ~(Fluent12_14[var1][var0])
  Fluent12_14[Node, Value]
    initially: FALSE
    flActions:
      RecvTransferMsg[0, 2] = TRUE
      Reshard[2, 1] = FALSE
\A var0 \in Value : \E var1 \in Node : ~(Fluent12_19[var1][var0])
  Fluent12_19[Node, Value]
    initially: FALSE
    flActions:
      RecvTransferMsg[0, 2] = TRUE
      Reshard[2, 1] = FALSE

new pos trace(s):
PT22 (PosTrace): (T0->ReshardK2V1N1N1 + T1->ReshardK1V1N2N2 + T2->RecvTransferMsgN1K2V1 + T3->RecvTransferMsgN2K1V1)
PT15 (PosTrace): (T0->ReshardK2V1N1N1 + T1->ReshardK1V1N1N1 + T2->RecvTransferMsgN1K1V1 + T3->RecvTransferMsgN1K2V1)
PT16 (PosTrace): (T0->ReshardK1V1N1N1 + T1->ReshardK1V2N2N1 + T2->RecvTransferMsgN1K1V1 + T3->RecvTransferMsgN1K1V2)
PT14 (PosTrace): (T0->ReshardK2V1N1N1 + T1->ReshardK1V2N2N1 + T2->RecvTransferMsgN1K2V1 + T3->RecvTransferMsgN1K1V2)
PT13 (PosTrace): (T0->ReshardK2V2N1N1 + T1->ReshardK2V1N1N1 + T2->RecvTransferMsgN1K2V1 + T3->RecvTransferMsgN1K2V2)
PT20 (PosTrace): (T0->ReshardK1V1N1N1 + T1->ReshardK1V1N2N2 + T2->RecvTransferMsgN1K1V1 + T3->RecvTransferMsgN2K1V1)
PT19 (PosTrace): (T0->ReshardK1V2N2N1 + T1->ReshardK2V2N1N1 + T2->RecvTransferMsgN1K1V2 + T3->RecvTransferMsgN1K2V2)
PT18 (PosTrace): (T0->ReshardK1V2N2N1 + T1->ReshardK1V1N1N1 + T2->ReshardK2V1N1N1 + T3->RecvTransferMsgN1K1V1 + T4->RecvTransferMsgN1K2V1)
Using the following partial neg trace for formula synth:
NT1 (NegTrace): (T0->PutN2K1V1 + T1->ReshardK1V1N2N2 + T2->RecvTransferMsgN2K1V1 + T3->ReshardK1V1N2N1 + T4->RecvTransferMsgN2K1V1 + T5->RecvTransferMsgN1K1V1)
Formula synth batch: 2
Total # workers: 27
# workers using: 10
First worker finished, shutdown count is 266.892s
Formula synthesis complete in 302.474 seconds
\A var0 \in Node : (Fluent13_2[var0]) => (Fluent14_2[var0])
  Fluent13_2[Node]
    initially: FALSE
    flActions:
      Reshard[2] = TRUE
      Reshard[3] = FALSE (priority 1)
  Fluent14_2[Node]
    initially: FALSE
    flActions:
      Reshard[2] = TRUE
      RecvTransferMsg[0] = FALSE
\A var0 \in Node : (Fluent13_4[var0]) => (Fluent14_4[var0])
  Fluent13_4[Node]
    initially: FALSE
    flActions:
      Reshard[2] = TRUE
      Reshard[3] = FALSE (priority 1)
  Fluent14_4[Node]
    initially: FALSE
    flActions:
      Reshard[2] = TRUE
      RecvTransferMsg[0] = FALSE
\A var0 \in Node : (Fluent14_8[var0]) => (Fluent13_8[var0])
  Fluent13_8[Node]
    initially: FALSE
    flActions:
      Reshard[2] = TRUE
      RecvTransferMsg[0] = FALSE
  Fluent14_8[Node]
    initially: FALSE
    flActions:
      Reshard[2] = TRUE
      Reshard[3] = FALSE (priority 1)
\A var0 \in Node : (Fluent13_25[var0]) => (Fluent14_25[var0])
  Fluent13_25[Node]
    initially: FALSE
    flActions:
      RecvTransferMsg[0] = TRUE
      Reshard[2] = FALSE
  Fluent14_25[Node]
    initially: FALSE
    flActions:
      Reshard[3] = TRUE (priority 1)
      Reshard[2] = FALSE
\A var0 \in Node : (Fluent13_24[var0]) => (Fluent14_24[var0])
  Fluent13_24[Node]
    initially: FALSE
    flActions:
      Reshard[2] = TRUE
      Reshard[3] = FALSE (priority 1)
  Fluent14_24[Node]
    initially: FALSE
    flActions:
      Reshard[2] = TRUE
      RecvTransferMsg[0] = FALSE
\A var0 \in Node : (Fluent13_23[var0]) => (Fluent14_23[var0])
  Fluent14_23[Node]
    initially: FALSE
    flActions:
      Reshard[3] = TRUE (priority 1)
      Reshard[2] = FALSE
  Fluent13_23[Node]
    initially: FALSE
    flActions:
      RecvTransferMsg[0] = TRUE
      Reshard[2] = FALSE
\A var0 \in Key : \E var1 \in Node : ~(Fluent14_3[var0][var1])
  Fluent14_3[Key, Node]
    initially: FALSE
    flActions:
      RecvTransferMsg[1, 0] = Fluent13_3[1, 0]
  Fluent13_3[Key, Node]
    initially: FALSE
    flActions:
      RecvTransferMsg[1] = TRUE
\A var0 \in Value : \A var1 \in Node : (Fluent14_0[var0][var1]) => (Fluent13_0[var0][var1])
  Fluent14_0[Value, Node]
    initially: FALSE
    flActions:
      Reshard[1, 2] = FALSE
      RecvTransferMsg[2, 0] = TRUE
  Fluent13_0[Value, Node]
    initially: FALSE
    flActions:
      Reshard[1, 2] = FALSE
      Reshard[1, 3] = TRUE (priority 1)

new pos trace(s):
PT26 (PosTrace): (T0->ReshardK1V1N1N1 + T1->ReshardK1V1N1N2 + T2->RecvTransferMsgN1K1V1)
PT29 (PosTrace): (T0->ReshardK1V2N2N1 + T1->ReshardK1V1N1N1 + T2->ReshardK1V1N2N2 + T3->RecvTransferMsgN1K1V1 + T4->RecvTransferMsgN2K1V1 + T5->RecvTransferMsgN1K1V2)
PT27 (PosTrace): (T0->ReshardK2V1N1N1 + T1->ReshardK1V1N1N2 + T2->RecvTransferMsgN1K2V1)
PT24 (PosTrace): (T0->ReshardK1V2N1N1 + T1->ReshardK1V1N1N1 + T2->ReshardK1V1N1N2 + T3->RecvTransferMsgN1K1V1)
Using the following partial neg trace for formula synth:
NT1 (NegTrace): (T0->PutN2K1V1 + T1->ReshardK1V1N2N2 + T2->RecvTransferMsgN2K1V1 + T3->ReshardK1V1N2N1 + T4->RecvTransferMsgN2K1V1 + T5->RecvTransferMsgN1K1V1)
Formula synth batch: 3
Total # workers: 25
# workers using: 10
First worker finished, shutdown count is 918.822s
Formula synthesis complete in 1060.994 seconds
\A var0 \in Value : \E var1 \in Node : ~(Fluent15_0[var0][var1])
  Fluent15_0[Value, Node]
    initially: FALSE
    flActions:
      RecvTransferMsg[2, 0] = Fluent14_0[2, 0]
  Fluent14_0[Value, Node]
    initially: FALSE
    flActions:
      RecvTransferMsg[2] = TRUE
\A var0 \in Value : \E var1 \in Node : ~(Fluent14_13[var1][var0])
  Fluent15_13[Node, Value]
    initially: FALSE
    flActions:
      RecvTransferMsg[] = TRUE
  Fluent14_13[Node, Value]
    initially: FALSE
    flActions:
      RecvTransferMsg[0, 2] = Fluent15_13[0, 2]
\A var0 \in Node : \E var1 \in Node : (Fluent14_22[var1]) => (Fluent15_22[var1][var0])
  Fluent15_22[Node, Node]
    initially: FALSE
    flActions:
      Reshard[3, 2] = TRUE
  Fluent14_22[Node]
    initially: FALSE
    flActions:
      RecvTransferMsg[0] = TRUE
      Reshard[2] = FALSE
\A var0 \in Key : \E var1 \in Node : (Fluent15_3[var0][var1]) => (Fluent14_3[var1][var1])
  Fluent14_3[Node, Node]
    initially: FALSE
    flActions:
      Reshard[2, 3] = TRUE (priority 1)
      Reshard[] = FALSE
  Fluent15_3[Key, Node]
    initially: FALSE
    flActions:
      Reshard[0, 2] = FALSE
      RecvTransferMsg[1, 0] = TRUE
\A var0 \in Key : \E var1 \in Node : (Fluent14_24[var1][var0]) => (Fluent15_24[var1][var0][var1])
  Fluent15_24[Node, Key, Node]
    initially: FALSE
    flActions:
      Reshard[2, 0, 3] = TRUE (priority 1)
      Reshard[2] = FALSE
  Fluent14_24[Node, Key]
    initially: FALSE
    flActions:
      RecvTransferMsg[0, 1] = TRUE
      Reshard[2, 0] = FALSE

new pos trace(s):
PT35 (PosTrace): (T0->ReshardK1V1N1N1 + T1->ReshardK1V1N1N2 + T2->RecvTransferMsgN2K1V1 + T3->RecvTransferMsgN1K1V1)
PT31 (PosTrace): (T0->ReshardK1V1N1N1 + T1->ReshardK2V1N1N1 + T2->ReshardK1V1N2N2 + T3->RecvTransferMsgN1K1V1 + T4->RecvTransferMsgN2K1V1 + T5->RecvTransferMsgN1K2V1)
PT34 (PosTrace): (T0->ReshardK1V1N1N1 + T1->ReshardK1V2N1N2 + T2->RecvTransferMsgN1K1V1 + T3->RecvTransferMsgN2K1V2)
PT33 (PosTrace): (T0->ReshardK1V1N1N1 + T1->ReshardK1V1N1N2 + T2->RecvTransferMsgN1K1V1 + T3->RecvTransferMsgN2K1V1)
Using the following partial neg trace for formula synth:
NT1 (NegTrace): (T0->PutN2K1V1 + T1->ReshardK1V1N2N2 + T2->RecvTransferMsgN2K1V1 + T3->ReshardK1V1N2N1 + T4->RecvTransferMsgN2K1V1 + T5->RecvTransferMsgN1K1V1)
Formula synth batch: 4
Total # workers: 20
# workers using: 10
Formula synthesis complete in 973.315 seconds

new pos trace(s):
Using the following partial neg trace for formula synth:
NT1 (NegTrace): (T0->PutN2K1V1 + T1->ReshardK1V1N2N2 + T2->RecvTransferMsgN2K1V1 + T3->ReshardK1V1N2N1 + T4->RecvTransferMsgN2K1V1 + T5->RecvTransferMsgN1K1V1)
Formula synth batch: 5
Total # workers: 10
# workers using: 10
Formula synthesis complete in 1000.751 seconds
Could not synthesize a spearating assumption. Here are the intermediate conjuncts:
/\ /\ \A var0 \in Value : (Fluent6_0[var0]) => (Fluent7_0[var0])
/\ \A var0 \in Node : (Fluent5_5[var0]) => (Fluent4_5[var0])
/\ \A var0 \in Key : (Fluent3_7[var0]) => (Fluent2_7[var0])
/\ UNSAT
  Fluent6_0[Value]
    initially: FALSE
    flActions:
      RecvTransferMsg[2] = TRUE
  Fluent5_5[Node]
    initially: FALSE
    flActions:
      RecvTransferMsg[0] = TRUE
  Fluent3_7[Key]
    initially: FALSE
    flActions:
      RecvTransferMsg[1] = TRUE
  Fluent4_5[Node]
    initially: FALSE
    flActions:
      Reshard[3] = TRUE
  Fluent2_7[Key]
    initially: FALSE
    flActions:
      Reshard[0] = TRUE
  Fluent7_0[Value]
    initially: FALSE
    flActions:
      Reshard[1] = TRUE
