Building the LTS for the initial trace (MongoStaticRaft.tla)
Built the LTS in 0.441s
Creating the initial trace
WARNING: sun.reflect.Reflection.getCallerClass is not supported. This will impact performance.
Created the initial trace in 0.144s

Round 1
-------
attempting to eliminate the following neg trace this round:
NT1 (NegTrace): (T0->ClientRequestn1NUM0 + T1->ClientRequestn1NUM1 + T2->CommitEntryn1_n1n2_NUM2NUM1)
max # pos traces: 3
Total # synth jobs: 27
Formula synthesis info:
  overall (multithread) time: 22.652 seconds
  winning worker id: 20
  winning worker time: 22.646 seconds
Synthesized: \A var0 \in Server : ~(Fluent3[var0])
Fluent3:
  initially: FALSE
  init: 
  term: 
  mutInit: CommitEntry: [0]
  mutTerm: 

new pos trace:
PT2 (PosTrace): (T0->BecomeLeadern1_n1n2_NUM1 + T1->CommitEntryn1_n1n2_NUM1NUM1)
max # pos traces: 3
Total # synth jobs: 27
Formula synthesis info:
  overall (multithread) time: 38.868 seconds
  winning worker id: 5
  winning worker time: 38.84 seconds
Synthesized: \A var0 \in Server : ~(Fluent3[var0])
Fluent3:
  initially: FALSE
  init: ClientRequest: [0]
  term: 
  mutInit: 
  mutTerm: 

new pos trace:
PT3 (PosTrace): (T0->BecomeLeadern1_n1n2_NUM1 + T1->ClientRequestn1NUM1)
max # pos traces: 3
Total # synth jobs: 27
Formula synthesis info:
  overall (multithread) time: 45.577 seconds
  winning worker id: 20
  winning worker time: 45.561 seconds
Synthesized: \A var0 \in Server : (Fluent4[var0]) => (Fluent3[var0])
Fluent4:
  initially: FALSE
  init: 
  term: 
  mutInit: CommitEntry: [0]
  mutTerm: 
Fluent3:
  initially: FALSE
  init: 
  term: 
  mutInit: BecomeLeader: [0]
  mutTerm: 

new pos trace:
PT4 (PosTrace): (T0->BecomeLeadern1_n1n2_NUM1 + T1->BecomeLeadern2_n2n3_NUM2 + T2->CommitEntryn1_n1n2_NUM1NUM1)
max # pos traces: 3
Total # synth jobs: 27
Formula synthesis info:
  overall (multithread) time: 44.896 seconds
  winning worker id: 20
  winning worker time: 44.893 seconds
Synthesized: \A var0 \in Server : (Fluent3[var0]) => (Fluent4[var0])
Fluent4:
  initially: FALSE
  init: 
  term: 
  mutInit: 
  mutTerm: BecomeLeader: [0]
Fluent3:
  initially: FALSE
  init: 
  term: 
  mutInit: 
  mutTerm: ClientRequest: [0]

new pos trace:
PT5 (PosTrace): (T0->BecomeLeadern1_n1n2_NUM1 + T1->ClientRequestn1NUM1 + T2->BecomeLeadern2_n1n2_NUM2)
max # pos traces: 3
Total # synth jobs: 27
Formula synthesis info:
  overall (multithread) time: 57.658 seconds
  winning worker id: 5
  winning worker time: 57.656 seconds
Synthesized: \A var0 \in Server : \A var1 \in Server : \E var2 \in FinNat : (Fluent3[var2][var2]) => (var0 = var1)
Fluent3:
  initially: FALSE
  init: 
  term: 
  mutInit: 
  mutTerm: CommitEntry: [2,3]

new pos trace:
PT6 (PosTrace): (T0->BecomeLeadern1_n1n2_NUM1 + T1->CommitEntryn1_n1n2_NUM2NUM1)
max # pos traces: 3
Total # synth jobs: 27
Formula synthesis info:
  overall (multithread) time: 63.353 seconds
  winning worker id: 9
  winning worker time: 63.35 seconds
Synthesized: \A var0 \in Server : (Fluent3[var0]) => (Fluent4[var0])
Fluent4:
  initially: FALSE
  init: BecomeLeader: [0]
  term: 
  mutInit: 
  mutTerm: 
Fluent3:
  initially: FALSE
  init: 
  term: 
  mutInit: CommitEntry: [0]
  mutTerm: 
The formula is an invariant! Moving to the next round.
Round 1 took 285.343 seconds

Round 2
-------
attempting to eliminate the following neg trace this round:
NT1 (NegTrace): (T0->ClientRequestn1NUM2 + T1->BecomeLeadern1_n1n2_NUM1 + T2->CommitEntryn1_n1n2_NUM1NUM2)
max # pos traces: 3
Total # synth jobs: 27
Formula synthesis info:
  overall (multithread) time: 71.21 seconds
  winning worker id: 20
  winning worker time: 71.209 seconds
Synthesized: \A var0 \in Server : (Fluent6[var0]) => (~(Fluent5[var0]))
Fluent6:
  initially: FALSE
  init: 
  term: 
  mutInit: 
  mutTerm: ClientRequest: [0]
Fluent5:
  initially: FALSE
  init: 
  term: 
  mutInit: 
  mutTerm: CommitEntry: [0]

new pos trace:
PT7 (PosTrace): (T0->BecomeLeadern1_n1n2_NUM1 + T1->ClientRequestn1NUM1 + T2->CommitEntryn1_n1n2_NUM1NUM1)
max # pos traces: 3
Total # synth jobs: 27
Formula synthesis info:
  overall (multithread) time: 89.069 seconds
  winning worker id: 5
  winning worker time: 89.068 seconds
Synthesized: \A var0 \in Server : (Fluent6[var0]) => (Fluent5[var0])
Fluent6:
  initially: FALSE
  init: 
  term: 
  mutInit: ClientRequest: [0]
  mutTerm: 
Fluent5:
  initially: FALSE
  init: 
  term: BecomeLeader: [0]
  mutInit: ClientRequest: [0]
  mutTerm: 

new pos trace:
PT8 (PosTrace): (T0->BecomeLeadern1_n1n2_NUM1 + T1->ClientRequestn1NUM1 + T2->BecomeLeadern1_n1n2_NUM2)
max # pos traces: 3
Total # synth jobs: 27
Formula synthesis info:
  overall (multithread) time: 89.127 seconds
  winning worker id: 10
  winning worker time: 89.125 seconds
Synthesized: \A var0 \in Server : \A var1 \in FinNat : (Fluent5[var0][var1]) => (Fluent6[var0][var1])
Fluent6:
  initially: FALSE
  init: 
  term: 
  mutInit: 
  mutTerm: BecomeLeader: [0,2]
Fluent5:
  initially: FALSE
  init: 
  term: 
  mutInit: 
  mutTerm: CommitEntry: [0,3]

new pos trace:
PT9 (PosTrace): (T0->BecomeLeadern1_n1n2_NUM1 + T1->BecomeLeadern2_n2n3_NUM2 + T2->CommitEntryn1_n1n2_NUM1NUM1)
(trace has been seen before)
max # pos traces: 4
Total # synth jobs: 27
Formula synthesis info:
  overall (multithread) time: 129.629 seconds
  winning worker id: 10
  winning worker time: 129.627 seconds
Synthesized: \A var0 \in Server : \A var1 \in FinNat : (Fluent6[var0][var1]) => (Fluent5[var0][var1])
Fluent6:
  initially: FALSE
  init: ClientRequest: [0,1]
  term: 
  mutInit: 
  mutTerm: 
Fluent5:
  initially: FALSE
  init: BecomeLeader: [0,2]
  term: 
  mutInit: 
  mutTerm: 
The formula is an invariant! Moving to the next round.
Round 2 took 441.495 seconds

Round 3
-------
attempting to eliminate the following neg trace this round:
NT1 (NegTrace): (T0->BecomeLeadern1_n1n2_NUM1 + T1->ClientRequestn1NUM1 + T2->BecomeLeadern2_n2n3_NUM0 + T3->ClientRequestn2NUM0 + T4->CommitEntryn1_n1n3_NUM1NUM1 + T5->CommitEntryn2_n1n2_NUM1NUM0)
max # pos traces: 3
Total # synth jobs: 27
Formula synthesis info:
  overall (multithread) time: 131.473 seconds
  winning worker id: 5
  winning worker time: 131.459 seconds
Synthesized: \A var0 \in Server : (Fluent7[var0]) => (Fluent8[var0])
Fluent8:
  initially: FALSE
  init: 
  term: 
  mutInit: BecomeLeader: [0]
  mutTerm: 
Fluent7:
  initially: FALSE
  init: ClientRequest: [0]
  term: 
  mutInit: 
  mutTerm: 

new pos trace:
PT10 (PosTrace): (T0->BecomeLeadern1_n1n2_NUM1 + T1->ClientRequestn1NUM1 + T2->BecomeLeadern2_n1n2_NUM2)
max # pos traces: 3
Total # synth jobs: 27
Formula synthesis info:
  overall (multithread) time: 128.067 seconds
  winning worker id: 3
  winning worker time: 128.066 seconds
Synthesized: \A var0 \in Quorums : (Fluent8[var0]) => (Fluent7[var0])
Fluent8:
  initially: FALSE
  init: CommitEntry: [1]
  term: 
  mutInit: 
  mutTerm: 
Fluent7:
  initially: FALSE
  init: 
  term: 
  mutInit: CommitEntry: [1]
  mutTerm: 

new pos trace:
PT11 (PosTrace): (T0->BecomeLeadern1_n1n2_NUM1 + T1->CommitEntryn1_n1n2_NUM1NUM1 + T2->CommitEntryn1_n1n3_NUM1NUM1)
max # pos traces: 3
Total # synth jobs: 27
Formula synthesis info:
  overall (multithread) time: 119.302 seconds
  winning worker id: 5
  winning worker time: 119.297 seconds
Synthesized: \A var0 \in Server : (Fluent8[var0]) => (Fluent7[var0])
Fluent8:
  initially: FALSE
  init: ClientRequest: [0]
  term: 
  mutInit: 
  mutTerm: 
Fluent7:
  initially: FALSE
  init: 
  term: 
  mutInit: ClientRequest: [0]
  mutTerm: 

new pos trace:
PT12 (PosTrace): (T0->BecomeLeadern1_n1n2_NUM1 + T1->ClientRequestn1NUM1 + T2->BecomeLeadern2_n1n2_NUM2 + T3->ClientRequestn2NUM2)
max # pos traces: 3
Total # synth jobs: 27
Formula synthesis info:
  overall (multithread) time: 120.236 seconds
  winning worker id: 5
  winning worker time: 120.23 seconds
Synthesized: \A var0 \in Server : \A var1 \in Server : \E var2 \in FinNat : (Fluent7[var2][var2]) => (var0 = var1)
Fluent7:
  initially: FALSE
  init: 
  term: 
  mutInit: 
  mutTerm: CommitEntry: [2,3]

new pos trace:
PT13 (PosTrace): (T0->BecomeLeadern1_n1n2_NUM1 + T1->CommitEntryn1_n1n2_NUM2NUM1)
(trace has been seen before)
max # pos traces: 4
Total # synth jobs: 27
Formula synthesis info:
  overall (multithread) time: 161.624 seconds
  winning worker id: 3
  winning worker time: 161.621 seconds
Synthesized: \A var0 \in Quorums : (Fluent8[var0]) => (Fluent7[var0])
Fluent8:
  initially: FALSE
  init: BecomeLeader: [1]
  term: 
  mutInit: 
  mutTerm: 
Fluent7:
  initially: FALSE
  init: 
  term: 
  mutInit: BecomeLeader: [1]
  mutTerm: 

new pos trace:
PT14 (PosTrace): (T0->BecomeLeadern1_n1n2_NUM1 + T1->BecomeLeadern1_n1n3_NUM2)
max # pos traces: 4
Total # synth jobs: 27
Formula synthesis info:
  overall (multithread) time: 111.54 seconds
  winning worker id: 20
  winning worker time: 111.536 seconds
Synthesized: \A var0 \in Server : (Fluent8[var0]) => (Fluent7[var0])
Fluent8:
  initially: FALSE
  init: CommitEntry: [0]
  term: 
  mutInit: 
  mutTerm: 
Fluent7:
  initially: FALSE
  init: 
  term: 
  mutInit: CommitEntry: [0]
  mutTerm: 

new pos trace:
PT15 (PosTrace): (T0->BecomeLeadern1_n1n2_NUM1 + T1->BecomeLeadern2_n2n3_NUM2 + T2->CommitEntryn1_n1n3_NUM1NUM1 + T3->CommitEntryn2_n1n2_NUM1NUM2)
max # pos traces: 4
Total # synth jobs: 27
Formula synthesis info:
  overall (multithread) time: 211.903 seconds
  winning worker id: 5
  winning worker time: 211.902 seconds
Synthesized: \A var0 \in Server : (Fluent7[var0]) => (~(Fluent8[var0]))
Fluent8:
  initially: FALSE
  init: CommitEntry: [0]
  term: 
  mutInit: 
  mutTerm: 
Fluent7:
  initially: FALSE
  init: 
  term: 
  mutInit: 
  mutTerm: ClientRequest: [0]

new pos trace:
PT16 (PosTrace): (T0->BecomeLeadern1_n1n2_NUM1 + T1->ClientRequestn1NUM1 + T2->BecomeLeadern2_n1n2_NUM2 + T3->CommitEntryn2_n1n2_NUM1NUM2)
max # pos traces: 4
Total # synth jobs: 27
Formula synthesis info:
  overall (multithread) time: 111.353 seconds
  winning worker id: 20
  winning worker time: 111.344 seconds
Synthesized: \A var0 \in Server : (Fluent7[var0]) => (Fluent8[var0])
Fluent8:
  initially: FALSE
  init: 
  term: 
  mutInit: ClientRequest: [0]
  mutTerm: 
Fluent7:
  initially: FALSE
  init: ClientRequest: [0]
  term: 
  mutInit: 
  mutTerm: 

new pos trace:
PT17 (PosTrace): (T0->BecomeLeadern1_n1n2_NUM1 + T1->ClientRequestn1NUM1 + T2->BecomeLeadern2_n1n2_NUM2 + T3->ClientRequestn2NUM2)
(trace has been seen before)
max # pos traces: 5
Total # synth jobs: 27
Formula synthesis info:
  overall (multithread) time: 272.265 seconds
  winning worker id: 4
  winning worker time: 272.265 seconds
Synthesized: \A var0 \in FinNat : (Fluent8[var0]) => (~(Fluent7[var0][var0]))
Fluent8:
  initially: FALSE
  init: ClientRequest: [1]
  term: 
  mutInit: 
  mutTerm: 
Fluent7:
  initially: FALSE
  init: CommitEntry: [2,3]
  term: 
  mutInit: 
  mutTerm: 

new pos trace:
PT18 (PosTrace): (T0->BecomeLeadern1_n1n2_NUM1 + T1->ClientRequestn1NUM1 + T2->CommitEntryn1_n1n2_NUM1NUM1)
(trace has been seen before)
max # pos traces: 6
Total # synth jobs: 27
Formula synthesis info:
  overall (multithread) time: 291.898 seconds
  winning worker id: 9
  winning worker time: 291.889 seconds
Synthesized: \A var0 \in Server : (Fluent7[var0]) => (Fluent8[var0])
Fluent8:
  initially: FALSE
  init: BecomeLeader: [0]
  term: 
  mutInit: ClientRequest: [0]
  mutTerm: 
Fluent7:
  initially: FALSE
  init: CommitEntry: [0]
  term: 
  mutInit: 
  mutTerm: 

new pos trace:
PT19 (PosTrace): (T0->BecomeLeadern1_n1n2_NUM1 + T1->BecomeLeadern2_n2n3_NUM2 + T2->ClientRequestn2NUM2 + T3->CommitEntryn1_n1n2_NUM1NUM1)
max # pos traces: 6
Total # synth jobs: 27
Formula synthesis info:
  overall (multithread) time: 1954.887 seconds
  winning worker id: 16
  winning worker time: 1954.87 seconds
Synthesized: \A var0 \in FinNat : \E var1 \in Server : (Fluent8[var1]) => (Fluent7[var0])
Fluent8:
  initially: FALSE
  init: CommitEntry: [0]
  term: 
  mutInit: 
  mutTerm: ClientRequest: [0]
Fluent7:
  initially: FALSE
  init: CommitEntry: [2]
  term: 
  mutInit: 
  mutTerm: BecomeLeader: [2]

new pos trace:
PT20 (PosTrace): (T0->BecomeLeadern1_n1n2_NUM1 + T1->ClientRequestn1NUM1 + T2->CommitEntryn1_n1n2_NUM2NUM1)
max # pos traces: 6
Total # synth jobs: 27
Formula synthesis info:
  overall (multithread) time: 1532.124 seconds
  winning worker id: 3
  winning worker time: 1532.121 seconds
Synthesized: \A var0 \in Quorums : \E var1 \in Server : (Fluent8[var1]) => (Fluent7[var0])
Fluent8:
  initially: FALSE
  init: CommitEntry: [0]
  term: 
  mutInit: 
  mutTerm: ClientRequest: [0]
Fluent7:
  initially: FALSE
  init: CommitEntry: [1]
  term: 
  mutInit: 
  mutTerm: BecomeLeader: [1]

new pos trace:
PT21 (PosTrace): (T0->BecomeLeadern1_n1n2_NUM1 + T1->ClientRequestn1NUM1 + T2->CommitEntryn1_n1n3_NUM1NUM1)
max # pos traces: 6
Total # synth jobs: 27
Formula synthesis info:
  overall (multithread) time: 191.561 seconds
  winning worker id: 8
  winning worker time: 191.556 seconds
Synthesized: \A var0 \in Server : (Fluent7[var0]) => (Fluent8[var0])
Fluent8:
  initially: FALSE
  init: 
  term: 
  mutInit: CommitEntry: [0]
  mutTerm: 
Fluent7:
  initially: FALSE
  init: CommitEntry: [0]
  term: 
  mutInit: 
  mutTerm: 

new pos trace:
PT22 (PosTrace): (T0->BecomeLeadern1_n1n2_NUM1 + T1->BecomeLeadern2_n2n3_NUM2 + T2->CommitEntryn1_n1n3_NUM1NUM1 + T3->CommitEntryn2_n1n2_NUM1NUM2)
(trace has been seen before)
max # pos traces: 7
Total # synth jobs: 27
Formula synthesis info:
  overall (multithread) time: 3221.871 seconds
  winning worker id: 20
  winning worker time: 3221.869 seconds
Synthesized: \A var0 \in Server : \E var1 \in Server : \A var2 \in Server : (Fluent8[var0]) => ((Fluent7[var2]) => (var1 = var2))
Fluent8:
  initially: FALSE
  init: CommitEntry: [0]
  term: 
  mutInit: 
  mutTerm: 
Fluent7:
  initially: FALSE
  init: ClientRequest: [0]
  term: 
  mutInit: 
  mutTerm: 

new pos trace:
PT23 (PosTrace): (T0->BecomeLeadern1_n1n2_NUM1 + T1->ClientRequestn1NUM1 + T2->BecomeLeadern2_n1n2_NUM2 + T3->ClientRequestn2NUM2 + T4->CommitEntryn2_n1n2_NUM1NUM2)
max # pos traces: 7
Total # synth jobs: 27
Formula synthesis info:
  overall (multithread) time: 4961.303 seconds
  winning worker id: 24
  winning worker time: 4961.3 seconds
Synthesized: \A var0 \in FinNat : \E var1 \in Quorums : \A var2 \in Quorums : (Fluent8[var0]) => ((Fluent7[var2][var0]) => (var2 = var1))
Fluent8:
  initially: FALSE
  init: ClientRequest: [1]
  term: 
  mutInit: 
  mutTerm: 
Fluent7:
  initially: FALSE
  init: CommitEntry: [1,2]
  term: 
  mutInit: 
  mutTerm: 

new pos trace:
PT24 (PosTrace): (T0->BecomeLeadern1_n1n2_NUM1 + T1->ClientRequestn1NUM1 + T2->CommitEntryn1_n1n2_NUM1NUM1 + T3->CommitEntryn1_n1n3_NUM1NUM1)
max # pos traces: 7
Total # synth jobs: 27
Formula synthesis info:
  overall (multithread) time: 3754.584 seconds
  winning worker id: 8
  winning worker time: 3754.582 seconds
Synthesized: \A var0 \in Server : (Fluent7[var0]) => ((Fluent8[var0]) => (Fluent9[var0]))
Fluent9:
  initially: FALSE
  init: 
  term: 
  mutInit: BecomeLeader: [0]
  mutTerm: 
Fluent8:
  initially: FALSE
  init: ClientRequest: [0]
  term: 
  mutInit: 
  mutTerm: 
Fluent7:
  initially: FALSE
  init: CommitEntry: [0]
  term: 
  mutInit: 
  mutTerm: 

new pos trace:
PT25 (PosTrace): (T0->BecomeLeadern1_n1n2_NUM1 + T1->ClientRequestn1NUM1 + T2->BecomeLeadern2_n2n3_NUM2 + T3->CommitEntryn1_n1n2_NUM1NUM1)
max # pos traces: 7
Total # synth jobs: 27
Formula synthesis info:
  overall (multithread) time: 3311.953 seconds
  winning worker id: 20
  winning worker time: 3311.949 seconds
Synthesized: \A var0 \in Server : (Fluent7[var0]) => ((Fluent8[var0]) => (Fluent9[var0]))
Fluent9:
  initially: FALSE
  init: 
  term: 
  mutInit: ClientRequest: [0]
  mutTerm: 
Fluent8:
  initially: FALSE
  init: CommitEntry: [0]
  term: 
  mutInit: 
  mutTerm: 
Fluent7:
  initially: FALSE
  init: ClientRequest: [0]
  term: 
  mutInit: 
  mutTerm: 

new pos trace:
PT26 (PosTrace): (T0->BecomeLeadern1_n1n2_NUM1 + T1->ClientRequestn1NUM1 + T2->BecomeLeadern2_n2n3_NUM2 + T3->ClientRequestn2NUM2 + T4->CommitEntryn1_n1n2_NUM1NUM1)
max # pos traces: 7
Total # synth jobs: 27
Formula synthesis info:
  overall (multithread) time: 2845.673 seconds
  winning worker id: 20
  winning worker time: 2845.671 seconds
Synthesized: \A var0 \in Server : (Fluent9[var0]) => ((Fluent8[var0]) => (Fluent7[var0]))
Fluent9:
  initially: FALSE
  init: CommitEntry: [0]
  term: 
  mutInit: 
  mutTerm: 
Fluent8:
  initially: FALSE
  init: 
  term: 
  mutInit: 
  mutTerm: ClientRequest: [0]
Fluent7:
  initially: FALSE
  init: 
  term: 
  mutInit: CommitEntry: [0]
  mutTerm: 

new pos trace:
PT27 (PosTrace): (T0->BecomeLeadern1_n1n2_NUM1 + T1->ClientRequestn1NUM1 + T2->BecomeLeadern2_n2n3_NUM2 + T3->CommitEntryn2_n1n3_NUM1NUM2 + T4->CommitEntryn1_n1n2_NUM1NUM1)
max # pos traces: 7
Total # synth jobs: 27
Formula synthesis info:
  overall (multithread) time: 3310.091 seconds
  winning worker id: 20
  winning worker time: 3310.089 seconds
Synthesized: \A var0 \in Server : (Fluent9[var0]) => ((Fluent7[var0]) => (Fluent8[var0]))
Fluent9:
  initially: FALSE
  init: CommitEntry: [0]
  term: 
  mutInit: 
  mutTerm: 
Fluent8:
  initially: FALSE
  init: 
  term: 
  mutInit: CommitEntry: [0]
  mutTerm: 
Fluent7:
  initially: FALSE
  init: ClientRequest: [0]
  term: 
  mutInit: 
  mutTerm: 

new pos trace:
PT28 (PosTrace): (T0->BecomeLeadern1_n1n2_NUM1 + T1->ClientRequestn1NUM1 + T2->BecomeLeadern2_n2n3_NUM2 + T3->CommitEntryn1_n1n3_NUM2NUM1 + T4->CommitEntryn2_n1n2_NUM1NUM2)
max # pos traces: 7
Total # synth jobs: 27
Formula synthesis info:
  overall (multithread) time: 4672.031 seconds
  winning worker id: 3
  winning worker time: 4672.028 seconds
Synthesized: \A var0 \in Quorums : \E var1 \in Server : (Fluent8[var1]) => (Fluent7[var0])
Fluent8:
  initially: FALSE
  init: CommitEntry: [0]
  term: 
  mutInit: BecomeLeader: [0]
  mutTerm: ClientRequest: [0]
Fluent7:
  initially: FALSE
  init: CommitEntry: [1]
  term: 
  mutInit: 
  mutTerm: BecomeLeader: [1]

new pos trace:
PT29 (PosTrace): (T0->BecomeLeadern1_n1n2_NUM1 + T1->ClientRequestn1NUM1 + T2->CommitEntryn1_n1n3_NUM1NUM1)
(trace has been seen before)
max # pos traces: 8
Total # synth jobs: 27
Formula synthesis info:
  overall (multithread) time: 5425.103 seconds
  winning worker id: 4
  winning worker time: 5425.1 seconds
Synthesized: \A var0 \in FinNat : (Fluent8[var0][var0]) => ((Fluent7[var0]) => (Fluent9[var0][var0]))
Fluent9:
  initially: FALSE
  init: 
  term: 
  mutInit: CommitEntry: [2,3]
  mutTerm: 
Fluent8:
  initially: FALSE
  init: CommitEntry: [2,3]
  term: 
  mutInit: 
  mutTerm: 
Fluent7:
  initially: FALSE
  init: 
  term: 
  mutInit: 
  mutTerm: ClientRequest: [1]

new pos trace:
PT30 (PosTrace): (T0->BecomeLeadern1_n1n2_NUM1 + T1->ClientRequestn1NUM1 + T2->BecomeLeadern1_n1n2_NUM2 + T3->CommitEntryn1_n1n3_NUM2NUM2 + T4->CommitEntryn1_n1n2_NUM1NUM2)
max # pos traces: 8
Total # synth jobs: 27
Formula synthesis info:
  overall (multithread) time: 456.344 seconds
  winning worker id: 10
  winning worker time: 456.342 seconds
Synthesized: \A var0 \in Server : \A var1 \in FinNat : (Fluent8[var0][var1][var1]) => (Fluent7[var0][var1])
Fluent8:
  initially: FALSE
  init: CommitEntry: [0,2,3]
  term: 
  mutInit: 
  mutTerm: 
Fluent7:
  initially: FALSE
  init: 
  term: 
  mutInit: CommitEntry: [0,3]
  mutTerm: 

new pos trace:
PT31 (PosTrace): (T0->BecomeLeadern1_n1n2_NUM1 + T1->BecomeLeadern2_n2n3_NUM2 + T2->CommitEntryn1_n1n3_NUM1NUM1 + T3->CommitEntryn2_n1n2_NUM1NUM2)
(trace has been seen before)
max # pos traces: 8
Total # synth jobs: 27
Formula synthesis info:
  overall (multithread) time: 3092.33 seconds
  winning worker id: 20
  winning worker time: 3092.327 seconds
Synthesized: \A var0 \in Server : (Fluent9[var0]) => ((Fluent8[var0]) => (Fluent7[var0]))
Fluent9:
  initially: FALSE
  init: 
  term: 
  mutInit: 
  mutTerm: CommitEntry: [0]
Fluent8:
  initially: FALSE
  init: ClientRequest: [0]
  term: 
  mutInit: 
  mutTerm: 
Fluent7:
  initially: FALSE
  init: 
  term: 
  mutInit: ClientRequest: [0]
  mutTerm: 

new pos trace:
PT32 (PosTrace): (T0->BecomeLeadern1_n1n2_NUM1 + T1->ClientRequestn1NUM1 + T2->BecomeLeadern2_n1n2_NUM2 + T3->ClientRequestn2NUM2 + T4->CommitEntryn2_n1n2_NUM1NUM2)
(trace has been seen before)
max # pos traces: 9
Total # synth jobs: 27
    47903.31 real     99203.24 user      1681.92 sys
