Building the LTS for the initial trace (C1.tla)
Built the LTS in 1.58s
Creating the initial trace
WARNING: sun.reflect.Reflection.getCallerClass is not supported. This will impact performance.
Created the initial trace in 0.167s

Round 1
-------
TLC neg trace generation time: 1.137 seconds
# neg traces: 118
# min neg traces: 66
partial neg trace generation time: 25.068 seconds
attempting to eliminate the following neg trace this round:
NT1 (NegTrace): (T0->BecomeLeadern1_n1n3_NUM1NUM1 + T1->CommitEntryn1_n1n3_NUM3NUM1 + T2->BecomeLeadern3_n1n2n3_NUM2NUM1 + T3->CommitEntryn3_n1n2_NUM3NUM2)

Init pos trace:
PT1 (PosTrace): (T0->BecomeLeadern1_n1n3_NUM1NUM1 + T1->BecomeLeadern3_n2n3_NUM3NUM1)
Using the following partial neg trace for formula synth:
NT1 (NegTrace): (T0->BecomeLeadern1_n1n3_NUM1NUM1 + T1->CommitEntryn1_n1n3_NUM3NUM1)
Formula synth batch: 1
Total # workers: 27
# workers using: 10
First worker finished, shutdown count is 60.987s
Formula synthesis complete in 42.089 seconds
\A var0 \in FinNat : (Fluent1_4[var0]) => (Fluent2_4[var0])
  Fluent2_4[FinNat]
    initially: FALSE
    flActions:
      CommitEntry[3] = FALSE
  Fluent1_4[FinNat]
    initially: FALSE
    flActions:
      CommitEntry[3] = TRUE
\A var0 \in Server : (Fluent2_9[var0]) => (Fluent1_9[var0])
  Fluent1_9[Server]
    initially: FALSE
    flActions:
      GetEntries[1] = TRUE
  Fluent2_9[Server]
    initially: FALSE
    flActions:
      CommitEntry[0] = TRUE
\A var0 \in FinNat : (Fluent1_15[var0]) => (Fluent2_15[var0])
  Fluent1_15[FinNat]
    initially: FALSE
    flActions:
      CommitEntry[2] = TRUE
  Fluent2_15[FinNat]
    initially: FALSE
    flActions:
      CommitEntry[3] = FALSE
\A var0 \in Quorums : (Fluent1_25[var0]) => (Fluent2_25[var0])
  Fluent2_25[Quorums]
    initially: FALSE
    flActions:
      CommitEntry[1] = FALSE
  Fluent1_25[Quorums]
    initially: FALSE
    flActions:
      CommitEntry[1] = TRUE
\A var0 \in FinNat : (Fluent1_24[var0]) => (~(Fluent2_24[var0]))
  Fluent2_24[FinNat]
    initially: FALSE
    flActions:
      BecomeLeader[3] = TRUE
  Fluent1_24[FinNat]
    initially: FALSE
    flActions:
      CommitEntry[3] = TRUE
\A var0 \in Quorums : (Fluent1_11[var0]) => (~(Fluent2_11[var0]))
  Fluent1_11[Quorums]
    initially: FALSE
    flActions:
      BecomeLeader[1] = TRUE
  Fluent2_11[Quorums]
    initially: FALSE
    flActions:
      CommitEntry[1] = TRUE
\A var0 \in Quorums : (Fluent2_26[var0]) => (~(Fluent1_26[var0]))
  Fluent1_26[Quorums]
    initially: FALSE
    flActions:
      CommitEntry[1] = TRUE
  Fluent2_26[Quorums]
    initially: FALSE
    flActions:
      CommitEntry[1] = TRUE
\A var0 \in Quorums : (Fluent1_23[var0]) => (~(Fluent2_23[var0]))
  Fluent2_23[Quorums]
    initially: FALSE
    flActions:
      CommitEntry[1] = TRUE
  Fluent1_23[Quorums]
    initially: FALSE
    flActions:
      BecomeLeader[1] = TRUE
\A var0 \in Server : \A var1 \in Quorums : (Fluent1_19[var0]) => (var0 \in var1)
  Fluent1_19[Server]
    initially: FALSE
    flActions:
      CommitEntry[0] = TRUE
\A var0 \in Quorums : \A var1 \in Server : (Fluent1_21[var0]) => (~(var1 \in var0))
  Fluent1_21[Quorums]
    initially: FALSE
    flActions:
      CommitEntry[1] = TRUE

new pos trace(s):
PT10 (PosTrace): (T0->ClientRequestn1NUM1NUM1 + T1->ClientRequestn2NUM1NUM1 + T2->CommitEntryn1_n1n2_NUM1NUM1)
PT2 (PosTrace): (T0->ClientRequestn1NUM0NUM1 + T1->ClientRequestn2NUM0NUM1 + T2->CommitEntryn1_n1n2_NUM1NUM0)
PT9 (PosTrace): (T0->ClientRequestn1NUM0NUM1 + T1->ClientRequestn2NUM0NUM1 + T2->BecomeLeadern2_n1n2_NUM3NUM2 + T3->CommitEntryn1_n1n2_NUM1NUM0)
PT6 (PosTrace): (T0->ClientRequestn1NUM2NUM1 + T1->ClientRequestn1NUM0NUM2 + T2->GetEntriesn2n1NUM1 + T3->BecomeLeadern2_n1n2n3_NUM2NUM2 + T4->CommitEntryn2_n1n2_NUM1NUM2)
PT8 (PosTrace): (T0->ClientRequestn1NUM0NUM1 + T1->ClientRequestn1NUM0NUM2 + T2->ClientRequestn2NUM0NUM1 + T3->CommitEntryn2_n1n2_NUM1NUM0)
PT7 (PosTrace): (T0->ClientRequestn1NUM0NUM1 + T1->ClientRequestn1NUM0NUM2 + T2->ClientRequestn2NUM0NUM1 + T3->BecomeLeadern1_n1n2_NUM0NUM3 + T4->CommitEntryn2_n1n2_NUM1NUM0)
Using the following partial neg trace for formula synth:
NT1 (NegTrace): (T0->BecomeLeadern1_n1n3_NUM1NUM1 + T1->CommitEntryn1_n1n3_NUM3NUM1)
Formula synth batch: 2
Total # workers: 27
# workers using: 10
First worker finished, shutdown count is 99.999s
Killing 5 incomplete formula synth workers
Formula synthesis complete in 133.347 seconds
\A var0 \in Server : (Fluent2_8[var0]) => (Fluent3_8[var0])
  Fluent2_8[Server]
    initially: FALSE
    flActions:
      CommitEntry[0] = TRUE
  Fluent3_8[Server]
    initially: FALSE
    flActions:
      ClientRequest[0] = TRUE
\A var0 \in FinNat : (Fluent2_4[var0]) => (Fluent3_4[var0])
  Fluent2_4[FinNat]
    initially: FALSE
    flActions:
      CommitEntry[2] = TRUE
  Fluent3_4[FinNat]
    initially: FALSE
    flActions:
      ClientRequest[2] = TRUE

Found the following new invariant this round:
\A var0 \in FinNat : (Fluent2_4[var0]) => (Fluent3_4[var0])
  Fluent2_4[FinNat]
    initially: FALSE
    flActions:
      CommitEntry[2] = TRUE
  Fluent3_4[FinNat]
    initially: FALSE
    flActions:
      ClientRequest[2] = TRUE

Minimizing the invariants found thus far.
Minimization finished in 0.003 seconds
Current partial assumption:
/\ \A var0 \in FinNat : (Fluent2_4[var0]) => (Fluent3_4[var0])
Round 1 took 291.973 seconds

Round 2
-------
TLC neg trace generation time: 1.708 seconds
# neg traces: 164
# min neg traces: 61
partial neg trace generation time: 26.032 seconds
attempting to eliminate the following neg trace this round:
NT1 (NegTrace): (T0->BecomeLeadern1_n1n3_NUM1NUM1 + T1->ClientRequestn1NUM1NUM1 + T2->CommitEntryn1_n1n3_NUM1NUM1 + T3->BecomeLeadern3_n1n3_NUM2NUM0 + T4->CommitEntryn3_n1n3_NUM1NUM2)

Init pos trace:
PT1 (PosTrace): (T0->BecomeLeadern1_n1n3_NUM1NUM1 + T1->ClientRequestn1NUM1NUM1 + T2->BecomeLeadern3_n2n3_NUM3NUM1)
Using the following partial neg trace for formula synth:
NT1 (NegTrace): (T0->BecomeLeadern1_n1n3_NUM1NUM1 + T1->ClientRequestn1NUM1NUM1 + T2->CommitEntryn1_n1n3_NUM1NUM1)
Formula synth batch: 1
Total # workers: 27
# workers using: 10
First worker finished, shutdown count is 58.365s
Formula synthesis complete in 58.368 seconds
\A var0 \in FinNat : (Fluent5_2[var0]) => (Fluent4_2[var0])
  Fluent4_2[FinNat]
    initially: FALSE
    flActions:
      ClientRequest[2] = FALSE
  Fluent5_2[FinNat]
    initially: FALSE
    flActions:
      CommitEntry[2] = TRUE
\A var0 \in Server : (Fluent5_1[var0]) => (~(Fluent4_1[var0]))
  Fluent5_1[Server]
    initially: FALSE
    flActions:
      CommitEntry[0] = TRUE
  Fluent4_1[Server]
    initially: FALSE
    flActions:
      ClientRequest[0] = TRUE
\A var0 \in Quorums : (Fluent5_23[var0]) => (Fluent4_23[var0])
  Fluent5_23[Quorums]
    initially: FALSE
    flActions:
      CommitEntry[1] = TRUE
  Fluent4_23[Quorums]
    initially: FALSE
    flActions:
      BecomeLeader[1] = FALSE
\A var0 \in Quorums : (Fluent4_11[var0]) => (Fluent5_11[var0])
  Fluent4_11[Quorums]
    initially: FALSE
    flActions:
      CommitEntry[1] = TRUE
  Fluent5_11[Quorums]
    initially: FALSE
    flActions:
      CommitEntry[1] = FALSE
\A var0 \in FinNat : (Fluent5_15[var0]) => (~(Fluent4_15[var0]))
  Fluent4_15[FinNat]
    initially: FALSE
    flActions:
      CommitEntry[2] = TRUE
  Fluent5_15[FinNat]
    initially: FALSE
    flActions:
      ClientRequest[1] = TRUE
\A var0 \in Quorums : (Fluent5_22[var0]) => (~(Fluent4_22[var0]))
  Fluent4_22[Quorums]
    initially: FALSE
    flActions:
      CommitEntry[1] = TRUE
  Fluent5_22[Quorums]
    initially: FALSE
    flActions:
      BecomeLeader[1] = TRUE
\A var0 \in Quorums : (Fluent4_13[var0]) => (~(Fluent5_13[var0]))
  Fluent4_13[Quorums]
    initially: FALSE
    flActions:
      CommitEntry[1] = TRUE
  Fluent5_13[Quorums]
    initially: FALSE
    flActions:
      BecomeLeader[1] = TRUE
\A var0 \in Server : \A var1 \in Server : (Fluent4_20[var0]) => (var1 = var0)
  Fluent4_20[Server]
    initially: FALSE
    flActions:
      CommitEntry[0] = TRUE
\A var0 \in Quorums : \A var1 \in Server : (Fluent4_3[var0]) => (var1 \in var0)
  Fluent4_3[Quorums]
    initially: FALSE
    flActions:
      CommitEntry[1] = TRUE
\A var0 \in FinNat : \A var1 \in FinNat : (var0 = var1) => (~(Fluent4_7[var1]))
  Fluent4_7[FinNat]
    initially: FALSE
    flActions:
      CommitEntry[3] = TRUE

new pos trace(s):
PT6 (PosTrace): (T0->ClientRequestn1NUM1NUM1 + T1->ClientRequestn2NUM1NUM1 + T2->CommitEntryn1_n1n2_NUM1NUM1)
PT10 (PosTrace): (T0->ClientRequestn1NUM0NUM1 + T1->ClientRequestn2NUM0NUM1 + T2->CommitEntryn1_n1n2_NUM1NUM0)
PT8 (PosTrace): (T0->ClientRequestn1NUM0NUM1 + T1->ClientRequestn2NUM0NUM1 + T2->BecomeLeadern2_n1n2_NUM3NUM2 + T3->CommitEntryn1_n1n2_NUM1NUM0)
PT7 (PosTrace): (T0->ClientRequestn1NUM0NUM1 + T1->ClientRequestn1NUM0NUM2 + T2->ClientRequestn2NUM0NUM1 + T3->BecomeLeadern1_n1n2_NUM0NUM3 + T4->CommitEntryn2_n1n2_NUM1NUM0)
Using the following partial neg trace for formula synth:
NT1 (NegTrace): (T0->BecomeLeadern1_n1n3_NUM1NUM1 + T1->ClientRequestn1NUM1NUM1 + T2->CommitEntryn1_n1n3_NUM1NUM1)
Formula synth batch: 2
Total # workers: 27
# workers using: 10
First worker finished, shutdown count is 152.538s
Killing 4 incomplete formula synth workers
Formula synthesis complete in 203.472 seconds
\A var0 \in FinNat : (Fluent5_7[var0]) => (~(Fluent6_7[var0]))
  Fluent6_7[FinNat]
    initially: FALSE
    flActions:
      BecomeLeader[3] = TRUE
  Fluent5_7[FinNat]
    initially: FALSE
    flActions:
      CommitEntry[3] = TRUE
\A var0 \in Server : (Fluent6_9[var0]) => (~(Fluent5_9[var0]))
  Fluent5_9[Server]
    initially: FALSE
    flActions:
      CommitEntry[0] = TRUE
  Fluent6_9[Server]
    initially: FALSE
    flActions:
      BecomeLeader[0] = TRUE
\A var0 \in Server : (Fluent5_10[var0]) => (~(Fluent6_10[var0]))
  Fluent6_10[Server]
    initially: FALSE
    flActions:
      BecomeLeader[0] = TRUE
  Fluent5_10[Server]
    initially: FALSE
    flActions:
      CommitEntry[0] = TRUE
\A var0 \in FinNat : (Fluent6_16[var0]) => (~(Fluent5_16[var0]))
  Fluent5_16[FinNat]
    initially: FALSE
    flActions:
      CommitEntry[2] = TRUE
  Fluent6_16[FinNat]
    initially: FALSE
    flActions:
      BecomeLeader[2] = TRUE
\A var0 \in Server : (Fluent5_19[var0]) => (~(Fluent6_19[var0]))
  Fluent6_19[Server]
    initially: FALSE
    flActions:
      CommitEntry[0] = TRUE
  Fluent5_19[Server]
    initially: FALSE
    flActions:
      BecomeLeader[0] = TRUE
\A var0 \in Quorums : \A var1 \in Server : (var1 \in var0) => ((Fluent5_3[var1]) => (~(Fluent6_3[var1])))
  Fluent6_3[Server]
    initially: FALSE
    flActions:
      CommitEntry[0] = TRUE
  Fluent5_3[Server]
    initially: FALSE
    flActions:
      BecomeLeader[0] = TRUE

new pos trace(s):
PT15 (PosTrace): (T0->ClientRequestn1NUM0NUM1 + T1->ClientRequestn2NUM0NUM1 + T2->BecomeLeadern1_n1n2n3_NUM1NUM2 + T3->CommitEntryn1_n1n2_NUM1NUM0)
PT17 (PosTrace): (T0->ClientRequestn1NUM1NUM1 + T1->GetEntriesn2n1NUM1 + T2->BecomeLeadern1_n1n3_NUM3NUM2 + T3->CommitEntryn1_n1n2_NUM1NUM1)
PT14 (PosTrace): (T0->ClientRequestn1NUM0NUM1 + T1->GetEntriesn2n1NUM1 + T2->BecomeLeadern1_n1n3_NUM3NUM2 + T3->CommitEntryn1_n1n2_NUM1NUM0)
PT12 (PosTrace): (T0->ClientRequestn1NUM2NUM1 + T1->GetEntriesn2n1NUM1 + T2->BecomeLeadern2_n1n2_NUM3NUM2 + T3->CommitEntryn1_n1n2_NUM1NUM2)
Using the following partial neg trace for formula synth:
NT1 (NegTrace): (T0->BecomeLeadern1_n1n3_NUM1NUM1 + T1->ClientRequestn1NUM1NUM1 + T2->CommitEntryn1_n1n3_NUM1NUM1)
Formula synth batch: 3
Total # workers: 27
# workers using: 10
First worker finished, shutdown count is 184.716s
Killing 7 incomplete formula synth workers
Formula synthesis complete in 246.403 seconds
\A var0 \in FinNat : (Fluent6_0[var0]) => (~(Fluent7_0[var0]))
  Fluent6_0[FinNat]
    initially: FALSE
    flActions:
      CommitEntry[3] = TRUE
  Fluent7_0[FinNat]
    initially: FALSE
    flActions:
      BecomeLeader[2] = TRUE
\A var0 \in Server : (~(Fluent6_12[var0])) => ((Fluent7_12[var0]) => (~(Fluent8_12[var0])))
  Fluent8_12[Server]
    initially: FALSE
    flActions:
      BecomeLeader[0] = TRUE
  Fluent7_12[Server]
    initially: FALSE
    flActions:
      CommitEntry[0] = TRUE
  Fluent6_12[Server]
    initially: FALSE
    flActions:
      GetEntries[1] = TRUE
\A var0 \in Server : (~(Fluent6_20[var0])) => ((Fluent7_20[var0]) => (~(Fluent8_20[var0])))
  Fluent8_20[Server]
    initially: FALSE
    flActions:
      CommitEntry[0] = TRUE
  Fluent7_20[Server]
    initially: FALSE
    flActions:
      BecomeLeader[0] = TRUE
  Fluent6_20[Server]
    initially: FALSE
    flActions:
      GetEntries[1] = TRUE

new pos trace(s):
PT19 (PosTrace): (T0->ClientRequestn1NUM0NUM1 + T1->ClientRequestn2NUM0NUM1 + T2->BecomeLeadern1_n1n3_NUM3NUM2 + T3->CommitEntryn1_n1n2_NUM1NUM0)
PT20 (PosTrace): (T0->ClientRequestn1NUM1NUM1 + T1->ClientRequestn2NUM1NUM1 + T2->BecomeLeadern1_n1n3_NUM3NUM2 + T3->CommitEntryn1_n1n2_NUM1NUM1)
PT18 (PosTrace): (T0->ClientRequestn1NUM0NUM1 + T1->ClientRequestn2NUM0NUM1 + T2->BecomeLeadern1_n1n2n3_NUM0NUM2 + T3->CommitEntryn1_n1n2_NUM1NUM0)
Using the following partial neg trace for formula synth:
NT1 (NegTrace): (T0->BecomeLeadern1_n1n3_NUM1NUM1 + T1->ClientRequestn1NUM1NUM1 + T2->CommitEntryn1_n1n3_NUM1NUM1)
Formula synth batch: 4
Total # workers: 27
# workers using: 10
First worker finished, shutdown count is 391.731s
Killing 1 incomplete formula synth workers
Formula synthesis complete in 522.322 seconds
\A var0 \in FinNat : (Fluent8_15[var0]) => (~(Fluent7_15[var0]))
  Fluent8_15[FinNat]
    initially: FALSE
    flActions:
      CommitEntry[2] = TRUE
  Fluent7_15[FinNat]
    initially: FALSE
    flActions:
      BecomeLeader[3] = TRUE
\A var0 \in FinNat : (Fluent7_16[var0]) => (~(Fluent8_16[var0]))
  Fluent8_16[FinNat]
    initially: FALSE
    flActions:
      BecomeLeader[3] = TRUE
  Fluent7_16[FinNat]
    initially: FALSE
    flActions:
      CommitEntry[2] = TRUE
\A var0 \in FinNat : (Fluent7_14[var0]) => (~(Fluent8_14[var0]))
  Fluent8_14[FinNat]
    initially: FALSE
    flActions:
      BecomeLeader[3] = TRUE
  Fluent7_14[FinNat]
    initially: FALSE
    flActions:
      CommitEntry[2] = TRUE
\A var0 \in Server : (Fluent7_20[var0]) => (~(Fluent8_20[var0]))
  Fluent8_20[Server]
    initially: FALSE
    flActions:
      BecomeLeader[0] = FALSE
      ClientRequest[0] = TRUE (mutexFl)
  Fluent7_20[Server]
    initially: FALSE
    flActions:
      CommitEntry[0] = TRUE
\A var0 \in Quorums : \A var1 \in FinNat : (Fluent8_23[var1]) => (~(Fluent7_23[var1][var0]))
  Fluent7_23[FinNat, Quorums]
    initially: FALSE
    flActions:
      CommitEntry[2, 1] = TRUE
  Fluent8_23[FinNat]
    initially: FALSE
    flActions:
      BecomeLeader[3] = TRUE
\A var0 \in Quorums : \A var1 \in FinNat : (Fluent8_25[var1]) => (~(Fluent7_25[var1][var0]))
  Fluent7_25[FinNat, Quorums]
    initially: FALSE
    flActions:
      BecomeLeader[3, 1] = TRUE
  Fluent8_25[FinNat]
    initially: FALSE
    flActions:
      CommitEntry[2] = TRUE
\A var0 \in Server : \A var1 \in Quorums : (Fluent8_9[var0][var1]) => (~(Fluent7_9[var0][var1]))
  Fluent8_9[Server, Quorums]
    initially: FALSE
    flActions:
      BecomeLeader[0, 1] = TRUE
  Fluent7_9[Server, Quorums]
    initially: FALSE
    flActions:
      CommitEntry[0, 1] = TRUE
\A var0 \in Server : \A var1 \in FinNat : (Fluent7_18[var1][var0]) => (~(Fluent8_18[var1][var0]))
  Fluent8_18[FinNat, Server]
    initially: FALSE
    flActions:
      CommitEntry[2, 0] = TRUE
  Fluent7_18[FinNat, Server]
    initially: FALSE
    flActions:
      BecomeLeader[3, 0] = TRUE
\A var0 \in Quorums : \A var1 \in FinNat : (Fluent7_22[var1][var0]) => (~(Fluent8_22[var1][var0]))
  Fluent7_22[FinNat, Quorums]
    initially: FALSE
    flActions:
      CommitEntry[2, 1] = TRUE
  Fluent8_22[FinNat, Quorums]
    initially: FALSE
    flActions:
      BecomeLeader[2, 1] = TRUE

new pos trace(s):
PT26 (PosTrace): (T0->ClientRequestn1NUM0NUM1 + T1->ClientRequestn1NUM1NUM2 + T2->BecomeLeadern3_n2n3_NUM3NUM1 + T3->ClientRequestn3NUM0NUM1 + T4->CommitEntryn3_n1n3_NUM1NUM0)
PT27 (PosTrace): (T0->ClientRequestn1NUM0NUM1 + T1->ClientRequestn2NUM0NUM1 + T2->BecomeLeadern1_n1n2_NUM0NUM2 + T3->CommitEntryn1_n1n2_NUM1NUM0)
PT24 (PosTrace): (T0->ClientRequestn1NUM0NUM1 + T1->ClientRequestn2NUM0NUM1 + T2->CommitEntryn2_n1n2_NUM1NUM0)
PT25 (PosTrace): (T0->ClientRequestn1NUM1NUM1 + T1->BecomeLeadern3_n2n3_NUM3NUM1 + T2->ClientRequestn2NUM1NUM1 + T3->CommitEntryn1_n1n2_NUM1NUM1)
PT28 (PosTrace): (T0->ClientRequestn1NUM2NUM1 + T1->BecomeLeadern2_n2n3_NUM2NUM1 + T2->ClientRequestn2NUM2NUM1 + T3->CommitEntryn2_n1n2_NUM1NUM2)
PT21 (PosTrace): (T0->ClientRequestn1NUM3NUM1 + T1->BecomeLeadern3_n2n3_NUM3NUM1 + T2->ClientRequestn2NUM3NUM1 + T3->CommitEntryn1_n1n2_NUM1NUM3)
PT22 (PosTrace): (T0->ClientRequestn1NUM1NUM1 + T1->ClientRequestn1NUM0NUM2 + T2->BecomeLeadern3_n2n3_NUM3NUM1 + T3->GetEntriesn2n1NUM1 + T4->CommitEntryn2_n1n2_NUM1NUM1)
PT29 (PosTrace): (T0->ClientRequestn1NUM0NUM1 + T1->ClientRequestn2NUM0NUM1 + T2->BecomeLeadern2_n1n2_NUM1NUM2 + T3->CommitEntryn1_n1n2_NUM1NUM0)
Using the following partial neg trace for formula synth:
NT1 (NegTrace): (T0->BecomeLeadern1_n1n3_NUM1NUM1 + T1->ClientRequestn1NUM1NUM1 + T2->CommitEntryn1_n1n3_NUM1NUM1)
Formula synth batch: 5
Total # workers: 27
# workers using: 10
First worker finished, shutdown count is 1134.093s
Killing 2 incomplete formula synth workers
Formula synthesis complete in 1512.211 seconds
\A var0 \in FinNat : (Fluent9_4[var0]) => (~(Fluent8_4[var0][var0]))
  Fluent9_4[FinNat]
    initially: FALSE
    flActions:
      BecomeLeader[2] = TRUE
  Fluent8_4[FinNat, FinNat]
    initially: FALSE
    flActions:
      CommitEntry[3, 2] = TRUE
\A var0 \in FinNat : (Fluent8_16[var0][var0]) => (~(Fluent9_16[var0]))
  Fluent9_16[FinNat]
    initially: FALSE
    flActions:
      CommitEntry[2] = TRUE
  Fluent8_16[FinNat, FinNat]
    initially: FALSE
    flActions:
      BecomeLeader[2, 3] = TRUE
\A var0 \in FinNat : (Fluent9_15[var0][var0]) => (~(Fluent8_15[var0]))
  Fluent8_15[FinNat]
    initially: FALSE
    flActions:
      BecomeLeader[2] = TRUE
  Fluent9_15[FinNat, FinNat]
    initially: FALSE
    flActions:
      CommitEntry[3, 2] = TRUE
\A var0 \in FinNat : (Fluent9_14[var0][var0]) => (~(Fluent8_14[var0]))
  Fluent9_14[FinNat, FinNat]
    initially: FALSE
    flActions:
      CommitEntry[2, 3] = TRUE
  Fluent8_14[FinNat]
    initially: FALSE
    flActions:
      BecomeLeader[2] = TRUE
\A var0 \in Quorums : (~(Fluent9_13[var0])) => ((Fluent10_13[var0]) => (~(Fluent8_13[var0])))
  Fluent8_13[Quorums]
    initially: FALSE
    flActions:
      BecomeLeader[1] = TRUE
  Fluent9_13[Quorums]
    initially: FALSE
    flActions:
      BecomeLeader[1] = TRUE
      ClientRequest[] = FALSE
  Fluent10_13[Quorums]
    initially: FALSE
    flActions:
      CommitEntry[1] = TRUE
\A var0 \in Server : \A var1 \in FinNat : (Fluent8_10[var1][var0]) => (~(Fluent9_10[var1][var0]))
  Fluent9_10[FinNat, Server]
    initially: FALSE
    flActions:
      BecomeLeader[3, 0] = TRUE
  Fluent8_10[FinNat, Server]
    initially: FALSE
    flActions:
      CommitEntry[3, 0] = TRUE
\A var0 \in Quorums : \A var1 \in FinNat : (Fluent9_23[var0][var1]) => (~(Fluent8_23[var0][var1]))
  Fluent8_23[Quorums, FinNat]
    initially: FALSE
    flActions:
      CommitEntry[1, 2] = TRUE
  Fluent9_23[Quorums, FinNat]
    initially: FALSE
    flActions:
      BecomeLeader[1, 3] = TRUE
\A var0 \in Server : \A var1 \in Quorums : \A var2 \in FinNat : (Fluent9_19[var0][var2][var1]) => (~(Fluent8_19[var0][var2][var1]))
  Fluent8_19[Server, FinNat, Quorums]
    initially: FALSE
    flActions:
      BecomeLeader[0, 2, 1] = TRUE
  Fluent9_19[Server, FinNat, Quorums]
    initially: FALSE
    flActions:
      CommitEntry[0, 2, 1] = TRUE

new pos trace(s):
PT31 (PosTrace): (T0->ClientRequestn1NUM0NUM1 + T1->ClientRequestn1NUM0NUM2 + T2->BecomeLeadern2_n2n3_NUM1NUM1 + T3->GetEntriesn3n1NUM1 + T4->CommitEntryn3_n1n3_NUM1NUM0)
PT37 (PosTrace): (T0->ClientRequestn1NUM0NUM1 + T1->ClientRequestn2NUM0NUM1 + T2->BecomeLeadern1_n1n2_NUM1NUM2 + T3->CommitEntryn1_n1n2_NUM1NUM0)
PT35 (PosTrace): (T0->ClientRequestn1NUM2NUM1 + T1->GetEntriesn2n1NUM1 + T2->BecomeLeadern1_n1n3_NUM3NUM2 + T3->CommitEntryn1_n1n2_NUM1NUM2)
PT30 (PosTrace): (T0->ClientRequestn1NUM1NUM1 + T1->ClientRequestn2NUM1NUM1 + T2->BecomeLeadern1_n1n2n3_NUM1NUM2 + T3->CommitEntryn1_n1n2_NUM1NUM1)
PT36 (PosTrace): (T0->ClientRequestn1NUM1NUM1 + T1->ClientRequestn1NUM0NUM2 + T2->ClientRequestn2NUM1NUM1 + T3->BecomeLeadern2_n1n2_NUM3NUM2 + T4->ClientRequestn2NUM0NUM2 + T5->CommitEntryn1_n1n2_NUM2NUM0)
PT34 (PosTrace): (T0->ClientRequestn1NUM0NUM1 + T1->BecomeLeadern1_n1n2_NUM0NUM2 + T2->ClientRequestn2NUM0NUM1 + T3->CommitEntryn1_n1n2_NUM1NUM0)
Using the following partial neg trace for formula synth:
NT1 (NegTrace): (T0->BecomeLeadern1_n1n3_NUM1NUM1 + T1->ClientRequestn1NUM1NUM1 + T2->CommitEntryn1_n1n3_NUM1NUM1)
Formula synth batch: 6
Total # workers: 27
# workers using: 10
First worker finished, shutdown count is 1990.8s
Killing 2 incomplete formula synth workers
Formula synthesis complete in 2654.468 seconds
\A var0 \in FinNat : (Fluent10_2[var0][var0]) => (~(Fluent9_2[var0]))
  Fluent9_2[FinNat]
    initially: FALSE
    flActions:
      CommitEntry[3] = TRUE
  Fluent10_2[FinNat, FinNat]
    initially: FALSE
    flActions:
      BecomeLeader[2, 3] = TRUE
\A var0 \in FinNat : (Fluent9_4[var0][var0]) => (~(Fluent10_4[var0][var0]))
  Fluent10_4[FinNat, FinNat]
    initially: FALSE
    flActions:
      BecomeLeader[2, 3] = TRUE
  Fluent9_4[FinNat, FinNat]
    initially: FALSE
    flActions:
      CommitEntry[2, 3] = TRUE
\A var0 \in FinNat : (Fluent9_17[var0][var0]) => (~(Fluent10_17[var0][var0]))
  Fluent10_17[FinNat, FinNat]
    initially: FALSE
    flActions:
      BecomeLeader[2, 3] = TRUE
  Fluent9_17[FinNat, FinNat]
    initially: FALSE
    flActions:
      CommitEntry[2, 3] = TRUE
\A var0 \in Server : \E var1 \in Server : (Fluent10_20[var0]) => (Fluent9_20[var1])
  Fluent9_20[Server]
    initially: FALSE
    flActions:
      GetEntries[0] = TRUE
      ClientRequest[0] = TRUE
      CommitEntry[0] = FALSE
  Fluent10_20[Server]
    initially: FALSE
    flActions:
      CommitEntry[0] = TRUE
\A var0 \in Server : \A var1 \in FinNat : (Fluent10_18[var1][var1][var0]) => (~(Fluent9_18[var1][var1]))
  Fluent10_18[FinNat, FinNat, Server]
    initially: FALSE
    flActions:
      BecomeLeader[2, 3, 0] = TRUE
  Fluent9_18[FinNat, FinNat]
    initially: FALSE
    flActions:
      CommitEntry[2, 3] = TRUE
\A var0 \in Server : \A var1 \in FinNat : (Fluent9_1[var1][var0][var1]) => (~(Fluent10_1[var1][var0][var1]))
  Fluent9_1[FinNat, Server, FinNat]
    initially: FALSE
    flActions:
      CommitEntry[2, 0, 3] = TRUE
  Fluent10_1[FinNat, Server, FinNat]
    initially: FALSE
    flActions:
      BecomeLeader[2, 0, 3] = TRUE

new pos trace(s):
PT39 (PosTrace): (T0->ClientRequestn1NUM1NUM1 + T1->ClientRequestn1NUM0NUM2 + T2->BecomeLeadern2_n2n3_NUM1NUM1 + T3->GetEntriesn3n1NUM1 + T4->CommitEntryn3_n1n3_NUM1NUM1)
PT43 (PosTrace): (T0->ClientRequestn1NUM1NUM1 + T1->ClientRequestn1NUM0NUM2 + T2->BecomeLeadern2_n2n3_NUM1NUM1 + T3->ClientRequestn2NUM1NUM1 + T4->CommitEntryn2_n1n2_NUM1NUM1)
PT41 (PosTrace): (T0->ClientRequestn1NUM1NUM1 + T1->ClientRequestn2NUM1NUM1 + T2->CommitEntryn1_n1n2_NUM1NUM1 + T3->CommitEntryn2_n1n2_NUM1NUM1)
PT38 (PosTrace): (T0->ClientRequestn1NUM2NUM1 + T1->ClientRequestn2NUM2NUM1 + T2->BecomeLeadern2_n1n2n3_NUM2NUM2 + T3->CommitEntryn1_n1n2_NUM1NUM2)
PT42 (PosTrace): (T0->ClientRequestn1NUM1NUM1 + T1->BecomeLeadern2_n2n3_NUM1NUM1 + T2->ClientRequestn2NUM1NUM1 + T3->CommitEntryn1_n1n2_NUM1NUM1)
Using the following partial neg trace for formula synth:
NT1 (NegTrace): (T0->BecomeLeadern1_n1n3_NUM1NUM1 + T1->ClientRequestn1NUM1NUM1 + T2->CommitEntryn1_n1n3_NUM1NUM1)
Formula synth batch: 7
Total # workers: 25
# workers using: 10
First worker finished, shutdown count is 6471.726s
Formula synthesis complete in 6423.907 seconds
\A var0 \in FinNat : \E var1 \in Server : (Fluent11_4[var0]) => (Fluent10_4[var0][var1])
  Fluent11_4[FinNat]
    initially: FALSE
    flActions:
      BecomeLeader[2] = TRUE
  Fluent10_4[FinNat, Server]
    initially: FALSE
    flActions:
      CommitEntry[2, 0] = FALSE
      ClientRequest[2, 0] = TRUE
      BecomeLeader[2, 0] = TRUE
\A var0 \in FinNat : \E var1 \in Server : (Fluent11_2[var0]) => (Fluent10_2[var0][var1])
  Fluent11_2[FinNat]
    initially: FALSE
    flActions:
      BecomeLeader[2] = TRUE
  Fluent10_2[FinNat, Server]
    initially: FALSE
    flActions:
      CommitEntry[2, 0] = FALSE
      ClientRequest[2, 0] = TRUE
      BecomeLeader[2, 0] = TRUE
\A var0 \in Server : \A var1 \in Quorums : (Fluent11_9[var1]) => ((var0 \in var1) => (Fluent10_9[var0]))
  Fluent10_9[Server]
    initially: FALSE
    flActions:
      GetEntries[0] = TRUE
      ClientRequest[0] = TRUE
  Fluent11_9[Quorums]
    initially: FALSE
    flActions:
      CommitEntry[1] = TRUE

Found the following new invariant this round:
\A var0 \in Server : \A var1 \in Quorums : (Fluent11_9[var1]) => ((var0 \in var1) => (Fluent10_9[var0]))
  Fluent10_9[Server]
    initially: FALSE
    flActions:
      GetEntries[0] = TRUE
      ClientRequest[0] = TRUE
  Fluent11_9[Quorums]
    initially: FALSE
    flActions:
      CommitEntry[1] = TRUE

Minimizing the invariants found thus far.
Minimization finished in 0.846 seconds
Current partial assumption:
/\ \A var0 \in Server : \A var1 \in Quorums : (Fluent11_9[var1]) => ((var0 \in var1) => (Fluent10_9[var0]))
Round 2 took 11842.057 seconds

Round 3
-------
TLC neg trace generation time: 2.017 seconds
# neg traces: 122
# min neg traces: 100
partial neg trace generation time: 25.802 seconds
attempting to eliminate the following neg trace this round:
NT1 (NegTrace): (T0->GetEntriesn2n1NUM0 + T1->GetEntriesn3n1NUM0 + T2->BecomeLeadern1_n1n2n3_NUM1NUM0 + T3->CommitEntryn1_n2n3_NUM3NUM1 + T4->BecomeLeadern1_n1n2n3_NUM2NUM0 + T5->CommitEntryn1_n2n3_NUM3NUM2)

The following previously found invariant blocks the negative trace:
\A var0 \in FinNat : (Fluent2_4[var0]) => (Fluent3_4[var0])
  Fluent2_4[FinNat]
    initially: FALSE
    flActions:
      CommitEntry[2] = TRUE
  Fluent3_4[FinNat]
    initially: FALSE
    flActions:
      ClientRequest[2] = TRUE

Minimizing the invariants found thus far.
Minimization finished in 0.672 seconds
Current partial assumption:
/\ \A var0 \in FinNat : (Fluent2_4[var0]) => (Fluent3_4[var0])
/\ \A var0 \in Server : \A var1 \in Quorums : (Fluent11_9[var1]) => ((var0 \in var1) => (Fluent10_9[var0]))
Round 3 took 46.23 seconds

Round 4
-------
TLC neg trace generation time: 2.989 seconds
# neg traces: 145
# min neg traces: 86
partial neg trace generation time: 22.35 seconds
attempting to eliminate the following neg trace this round:
NT1 (NegTrace): (T0->GetEntriesn1n1NUM2 + T1->BecomeLeadern3_n1n2n3_NUM1NUM0 + T2->ClientRequestn3NUM1NUM3 + T3->CommitEntryn3_n1n3_NUM3NUM1 + T4->BecomeLeadern2_n1n2n3_NUM2NUM2 + T5->CommitEntryn2_n1n3_NUM3NUM2)

Init pos trace:
PT1 (PosTrace): (T0->BecomeLeadern3_n2n3_NUM3NUM1)
Using the following partial neg trace for formula synth:
NT1 (NegTrace): (T0->GetEntriesn1n1NUM2)
Formula synth batch: 1
Total # workers: 27
# workers using: 10
First worker finished, shutdown count is 33.483s
Formula synthesis complete in 22.863 seconds
\A var0 \in FinNat : (Fluent13_4[var0]) => (Fluent12_4[var0])
  Fluent13_4[FinNat]
    initially: FALSE
    flActions:
      GetEntries[2] = TRUE
  Fluent12_4[FinNat]
    initially: FALSE
    flActions:
      RollbackEntries[2] = TRUE
\A var0 \in FinNat : (Fluent13_16[var0]) => (Fluent12_16[var0])
  Fluent13_16[FinNat]
    initially: FALSE
    flActions:
      GetEntries[2] = TRUE
  Fluent12_16[FinNat]
    initially: FALSE
    flActions:
      RollbackEntries[2] = TRUE
\A var0 \in FinNat : (Fluent13_24[var0]) => (Fluent12_24[var0])
  Fluent12_24[FinNat]
    initially: FALSE
    flActions:
      BecomeLeader[2] = TRUE
  Fluent13_24[FinNat]
    initially: FALSE
    flActions:
      GetEntries[2] = TRUE
\A var0 \in FinNat : (Fluent13_7[var0]) => (~(Fluent12_7[var0]))
  Fluent12_7[FinNat]
    initially: FALSE
    flActions:
      GetEntries[2] = TRUE
  Fluent13_7[FinNat]
    initially: FALSE
    flActions:
      GetEntries[2] = TRUE
\A var0 \in FinNat : (Fluent12_15[var0]) => (~(Fluent13_15[var0]))
  Fluent13_15[FinNat]
    initially: FALSE
    flActions:
      GetEntries[2] = TRUE
  Fluent12_15[FinNat]
    initially: FALSE
    flActions:
      GetEntries[2] = TRUE
\A var0 \in FinNat : \A var1 \in FinNat : (Fluent12_0[var0]) => (var0 = var1)
  Fluent12_0[FinNat]
    initially: FALSE
    flActions:
      GetEntries[2] = TRUE
\A var0 \in Server : \A var1 \in Quorums : (Fluent12_9[var0]) => (var0 \in var1)
  Fluent12_9[Server]
    initially: FALSE
    flActions:
      GetEntries[0] = TRUE
\A var0 \in Quorums : \A var1 \in Server : (var1 \in var0) => (~(Fluent12_21[var1]))
  Fluent12_21[Server]
    initially: FALSE
    flActions:
      GetEntries[1] = TRUE
\A var0 \in Quorums : \A var1 \in Quorums : \A var2 \in Server : (Fluent12_13[var2]) => (var1 = var0)
  Fluent12_13[Server]
    initially: FALSE
    flActions:
      GetEntries[0] = TRUE
\A var0 \in Quorums : \A var1 \in FinNat : \A var2 \in Quorums : (Fluent12_25[var1]) => (~(var2 = var0))
  Fluent12_25[FinNat]
    initially: FALSE
    flActions:
      GetEntries[2] = TRUE

new pos trace(s):
PT6 (PosTrace): (T0->ClientRequestn1NUM1NUM1 + T1->GetEntriesn2n1NUM1)
PT2 (PosTrace): (T0->ClientRequestn1NUM3NUM1 + T1->GetEntriesn2n1NUM1)
PT8 (PosTrace): (T0->ClientRequestn1NUM0NUM1 + T1->ClientRequestn1NUM0NUM2 + T2->GetEntriesn2n1NUM1)
PT11 (PosTrace): (T0->ClientRequestn1NUM0NUM1 + T1->GetEntriesn2n1NUM1)
Using the following partial neg trace for formula synth:
NT1 (NegTrace): (T0->GetEntriesn1n1NUM2)
Formula synth batch: 2
Total # workers: 27
# workers using: 10
First worker finished, shutdown count is 121.242s
Formula synthesis complete in 157.391 seconds
\A var0 \in Server : (Fluent14_9[var0]) => (Fluent13_9[var0])
  Fluent14_9[Server]
    initially: FALSE
    flActions:
      GetEntries[1] = TRUE
  Fluent13_9[Server]
    initially: FALSE
    flActions:
      ClientRequest[0] = TRUE
\A var0 \in FinNat : (Fluent14_7[var0]) => (Fluent13_7[var0])
  Fluent14_7[FinNat]
    initially: FALSE
    flActions:
      GetEntries[2] = TRUE
  Fluent13_7[FinNat]
    initially: FALSE
    flActions:
      ClientRequest[2] = TRUE

Found the following new invariant this round:
\A var0 \in FinNat : (Fluent14_7[var0]) => (Fluent13_7[var0])
  Fluent14_7[FinNat]
    initially: FALSE
    flActions:
      GetEntries[2] = TRUE
  Fluent13_7[FinNat]
    initially: FALSE
    flActions:
      ClientRequest[2] = TRUE

Minimizing the invariants found thus far.
Minimization finished in 2.324 seconds
Current partial assumption:
/\ \A var0 \in Server : \A var1 \in Quorums : (Fluent11_9[var1]) => ((var0 \in var1) => (Fluent10_9[var0]))
/\ \A var0 \in FinNat : (Fluent14_7[var0]) => (Fluent13_7[var0])
Round 4 took 298.39 seconds

Round 5
-------
TLC neg trace generation time: 2.168 seconds
# neg traces: 96
# min neg traces: 96
partial neg trace generation time: 54.531 seconds
attempting to eliminate the following neg trace this round:
NT1 (NegTrace): (T0->BecomeLeadern1_n1n3_NUM1NUM1 + T1->ClientRequestn1NUM1NUM1 + T2->GetEntriesn3n1NUM1 + T3->CommitEntryn1_n1n3_NUM1NUM1 + T4->BecomeLeadern1_n1n3_NUM2NUM3 + T5->CommitEntryn1_n1n3_NUM1NUM2)

Init pos trace:
PT1 (PosTrace): (T0->BecomeLeadern1_n1n3_NUM1NUM1 + T1->ClientRequestn1NUM1NUM1 + T2->GetEntriesn3n1NUM1 + T3->CommitEntryn1_n1n3_NUM1NUM1 + T4->BecomeLeadern1_n1n3_NUM2NUM2)
Using the following partial neg trace for formula synth:
NT1 (NegTrace): (T0->BecomeLeadern1_n1n3_NUM1NUM1 + T1->ClientRequestn1NUM1NUM1 + T2->GetEntriesn3n1NUM1 + T3->CommitEntryn1_n1n3_NUM1NUM1 + T4->BecomeLeadern1_n1n3_NUM2NUM3)
Formula synth batch: 1
Total # workers: 27
# workers using: 10
First worker finished, shutdown count is 311.028s
Killing 5 incomplete formula synth workers
Formula synthesis complete in 414.788 seconds
\A var0 \in FinNat : (Fluent15_14[var0]) => (Fluent16_14[var0])
  Fluent15_14[FinNat]
    initially: FALSE
    flActions:
      BecomeLeader[3] = TRUE
  Fluent16_14[FinNat]
    initially: FALSE
    flActions:
      BecomeLeader[2] = TRUE
\A var0 \in Quorums : \A var1 \in FinNat : (Fluent16_23[var0][var1]) => (Fluent15_23[var0][var1])
  Fluent16_23[Quorums, FinNat]
    initially: FALSE
    flActions:
      BecomeLeader[1, 2] = TRUE
  Fluent15_23[Quorums, FinNat]
    initially: FALSE
    flActions:
      BecomeLeader[1, 3] = TRUE
\A var0 \in Quorums : \A var1 \in FinNat : (Fluent15_22[var1][var0]) => (Fluent16_22[var1][var0])
  Fluent16_22[FinNat, Quorums]
    initially: FALSE
    flActions:
      BecomeLeader[3, 1] = TRUE
  Fluent15_22[FinNat, Quorums]
    initially: FALSE
    flActions:
      BecomeLeader[2, 1] = TRUE
\A var0 \in Quorums : \A var1 \in Quorums : \A var2 \in FinNat : (Fluent16_26[var2]) => ((var0 = var1) => (Fluent15_26[var2]))
  Fluent16_26[FinNat]
    initially: FALSE
    flActions:
      BecomeLeader[2] = TRUE
  Fluent15_26[FinNat]
    initially: FALSE
    flActions:
      BecomeLeader[3] = TRUE
\A var0 \in Server : \A var1 \in Quorums : \A var2 \in FinNat : (Fluent16_19[var2]) => ((var0 \in var1) => (Fluent15_19[var2]))
  Fluent16_19[FinNat]
    initially: FALSE
    flActions:
      BecomeLeader[2] = TRUE
  Fluent15_19[FinNat]
    initially: FALSE
    flActions:
      BecomeLeader[3] = TRUE

new pos trace(s):
PT6 (PosTrace): (T0->ClientRequestn1NUM0NUM1 + T1->BecomeLeadern1_n1n2_NUM0NUM2)
PT2 (PosTrace): (T0->ClientRequestn1NUM3NUM1 + T1->BecomeLeadern1_n1n2_NUM0NUM2)
PT4 (PosTrace): (T0->ClientRequestn1NUM0NUM1 + T1->ClientRequestn1NUM0NUM2 + T2->ClientRequestn1NUM0NUM3 + T3->BecomeLeadern2_n2n3_NUM0NUM1)
PT3 (PosTrace): (T0->BecomeLeadern1_n1n2_NUM0NUM1)
Using the following partial neg trace for formula synth:
NT1 (NegTrace): (T0->BecomeLeadern1_n1n3_NUM1NUM1 + T1->ClientRequestn1NUM1NUM1 + T2->GetEntriesn3n1NUM1 + T3->CommitEntryn1_n1n3_NUM1NUM1 + T4->BecomeLeadern1_n1n3_NUM2NUM3)
Formula synth batch: 2
Total # workers: 27
# workers using: 10
First worker finished, shutdown count is 670.182s
Killing 1 incomplete formula synth workers
Formula synthesis complete in 893.591 seconds
\A var0 \in FinNat : (Fluent16_4[var0]) => (~(Fluent17_4[var0]))
  Fluent17_4[FinNat]
    initially: FALSE
    flActions:
      CommitEntry[3] = FALSE
      BecomeLeader[3] = TRUE
  Fluent16_4[FinNat]
    initially: FALSE
    flActions:
      BecomeLeader[2] = FALSE
      CommitEntry[] = TRUE
\A var0 \in FinNat : (Fluent17_16[var0]) => (~(Fluent16_16[var0]))
  Fluent17_16[FinNat]
    initially: FALSE
    flActions:
      BecomeLeader[3] = FALSE
      GetEntries[] = TRUE
  Fluent16_16[FinNat]
    initially: FALSE
    flActions:
      GetEntries[2] = FALSE
      BecomeLeader[2] = TRUE
\A var0 \in FinNat : \E var1 \in FinNat : (var1 <= var0) => (~(Fluent16_14[var0]))
  Fluent16_14[FinNat]
    initially: FALSE
    flActions:
      BecomeLeader[3] = TRUE
\A var0 \in Server : \E var1 \in FinNat : (Fluent16_18[var0]) => (Fluent17_18[var1][var1])
  Fluent17_18[FinNat, FinNat]
    initially: FALSE
    flActions:
      BecomeLeader[2, 3] = TRUE (mutexFl)
  Fluent16_18[Server]
    initially: FALSE
    flActions:
      GetEntries[0] = TRUE
\A var0 \in FinNat : \A var1 \in Server : \E var2 \in FinNat : (Fluent16_2[var1][var0]) => (~(var2 <= var0))
  Fluent16_2[Server, FinNat]
    initially: FALSE
    flActions:
      BecomeLeader[0, 3] = TRUE
\A var0 \in FinNat : \A var1 \in Quorums : \E var2 \in FinNat : (var2 <= var0) => (~(Fluent16_15[var1][var0]))
  Fluent16_15[Quorums, FinNat]
    initially: FALSE
    flActions:
      BecomeLeader[1, 3] = TRUE
\A var0 \in Quorums : \A var1 \in FinNat : \E var2 \in FinNat : (Fluent16_23[var1][var0]) => (~(var2 <= var1))
  Fluent16_23[FinNat, Quorums]
    initially: FALSE
    flActions:
      BecomeLeader[3, 1] = TRUE
\A var0 \in Quorums : \A var1 \in FinNat : (Fluent16_22[var1]) => ((Fluent18_22[var0]) => (Fluent17_22[var1]))
  Fluent16_22[FinNat]
    initially: FALSE
    flActions:
      BecomeLeader[2] = TRUE
  Fluent17_22[FinNat]
    initially: FALSE
    flActions:
      BecomeLeader[3] = TRUE
  Fluent18_22[Quorums]
    initially: FALSE
    flActions:
      CommitEntry[1] = TRUE
\A var0 \in Server : \A var1 \in FinNat : (Fluent18_10[var0]) => ((Fluent17_10[var0][var1]) => (Fluent16_10[var0][var1]))
  Fluent17_10[Server, FinNat]
    initially: FALSE
    flActions:
      BecomeLeader[0, 2] = TRUE
  Fluent16_10[Server, FinNat]
    initially: FALSE
    flActions:
      BecomeLeader[0, 3] = TRUE
  Fluent18_10[Server]
    initially: FALSE
    flActions:
      GetEntries[1] = TRUE

new pos trace(s):
PT11 (PosTrace): (T0->ClientRequestn1NUM2NUM1 + T1->ClientRequestn1NUM0NUM2 + T2->BecomeLeadern1_n1n2_NUM0NUM3)
PT8 (PosTrace): (T0->ClientRequestn1NUM1NUM1 + T1->GetEntriesn2n1NUM1 + T2->BecomeLeadern1_n1n2_NUM0NUM2)
PT15 (PosTrace): (T0->ClientRequestn1NUM2NUM1 + T1->GetEntriesn2n1NUM1 + T2->BecomeLeadern1_n1n2_NUM0NUM2)
PT9 (PosTrace): (T0->ClientRequestn1NUM0NUM1 + T1->ClientRequestn1NUM0NUM2 + T2->BecomeLeadern1_n1n2_NUM0NUM3)
PT14 (PosTrace): (T0->ClientRequestn1NUM0NUM1 + T1->ClientRequestn1NUM0NUM2 + T2->ClientRequestn2NUM0NUM1 + T3->BecomeLeadern1_n1n2n3_NUM0NUM3 + T4->CommitEntryn2_n1n2_NUM1NUM0)
PT7 (PosTrace): (T0->ClientRequestn1NUM1NUM1 + T1->GetEntriesn2n1NUM1 + T2->BecomeLeadern2_n1n2_NUM3NUM2 + T3->CommitEntryn1_n1n2_NUM1NUM1)
PT12 (PosTrace): (T0->ClientRequestn1NUM0NUM1 + T1->ClientRequestn1NUM1NUM2 + T2->BecomeLeadern1_n1n2_NUM0NUM3)
PT10 (PosTrace): (T0->ClientRequestn1NUM0NUM1 + T1->GetEntriesn2n1NUM1)
Using the following partial neg trace for formula synth:
NT1 (NegTrace): (T0->BecomeLeadern1_n1n3_NUM1NUM1 + T1->ClientRequestn1NUM1NUM1 + T2->GetEntriesn3n1NUM1 + T3->CommitEntryn1_n1n3_NUM1NUM1 + T4->BecomeLeadern1_n1n3_NUM2NUM3)
Formula synth batch: 3
Total # workers: 27
# workers using: 10
First worker finished, shutdown count is 4149.054s
Killing 5 incomplete formula synth workers
Formula synthesis complete in 5532.14 seconds
\A var0 \in FinNat : (Fluent17_14[var0]) => (Fluent18_14[var0])
  Fluent18_14[FinNat]
    initially: FALSE
    flActions:
      BecomeLeader[3] = FALSE
      CommitEntry[] = TRUE
  Fluent17_14[FinNat]
    initially: FALSE
    flActions:
      BecomeLeader[2] = FALSE
      CommitEntry[] = TRUE
\A var0 \in FinNat : (Fluent18_24[var0]) => (~(Fluent17_24[var0]))
  Fluent17_24[FinNat]
    initially: FALSE
    flActions:
      CommitEntry[] = FALSE
      BecomeLeader[3] = TRUE
  Fluent18_24[FinNat]
    initially: FALSE
    flActions:
      BecomeLeader[2] = FALSE
      CommitEntry[] = TRUE
\A var0 \in FinNat : (Fluent18_15[var0]) => (~(Fluent17_15[var0]))
  Fluent17_15[FinNat]
    initially: FALSE
    flActions:
      BecomeLeader[2] = FALSE
      CommitEntry[] = TRUE
  Fluent18_15[FinNat]
    initially: FALSE
    flActions:
      CommitEntry[] = FALSE
      BecomeLeader[3] = TRUE
\A var0 \in Server : \A var1 \in FinNat : (Fluent18_18[var0][var1]) => ((Fluent19_18[var0]) => (Fluent17_18[var0][var1]))
  Fluent17_18[Server, FinNat]
    initially: FALSE
    flActions:
      BecomeLeader[0, 3] = TRUE
  Fluent18_18[Server, FinNat]
    initially: FALSE
    flActions:
      BecomeLeader[0, 2] = TRUE
  Fluent19_18[Server]
    initially: FALSE
    flActions:
      CommitEntry[0] = TRUE
\A var0 \in Server : \E var1 \in Server : \A var2 \in FinNat : (Fluent17_5[var0][var2]) => ((Fluent19_5[var0]) => (Fluent18_5[var1][var2]))
  Fluent18_5[Server, FinNat]
    initially: FALSE
    flActions:
      BecomeLeader[0, 3] = TRUE
  Fluent17_5[Server, FinNat]
    initially: FALSE
    flActions:
      BecomeLeader[0, 2] = TRUE
  Fluent19_5[Server]
    initially: FALSE
    flActions:
      CommitEntry[0] = TRUE

new pos trace(s):
PT20 (PosTrace): (T0->ClientRequestn1NUM0NUM1 + T1->ClientRequestn2NUM0NUM1 + T2->BecomeLeadern1_n1n2n3_NUM0NUM2 + T3->CommitEntryn1_n1n2_NUM1NUM0)
PT17 (PosTrace): (T0->ClientRequestn1NUM0NUM1 + T1->ClientRequestn2NUM0NUM1 + T2->CommitEntryn1_n1n2_NUM1NUM0 + T3->BecomeLeadern1_n1n2_NUM0NUM2)
PT18 (PosTrace): (T0->ClientRequestn1NUM0NUM1 + T1->ClientRequestn1NUM0NUM2 + T2->ClientRequestn2NUM0NUM1 + T3->CommitEntryn2_n1n2_NUM1NUM0 + T4->BecomeLeadern1_n1n2_NUM0NUM3)
Using the following partial neg trace for formula synth:
NT1 (NegTrace): (T0->BecomeLeadern1_n1n3_NUM1NUM1 + T1->ClientRequestn1NUM1NUM1 + T2->GetEntriesn3n1NUM1 + T3->CommitEntryn1_n1n3_NUM1NUM1 + T4->BecomeLeadern1_n1n3_NUM2NUM3)
Formula synth batch: 4
Total # workers: 27
# workers using: 10
First worker finished, shutdown count is 10489.527s
Killing 4 incomplete formula synth workers
Formula synthesis complete in 13986.162 seconds
\A var0 \in FinNat : \A var1 \in Server : (Fluent19_4[var1][var0]) => ((Fluent18_4[var1]) => (Fluent20_4[var1][var0]))
  Fluent19_4[Server, FinNat]
    initially: FALSE
    flActions:
      BecomeLeader[0, 2] = TRUE
  Fluent18_4[Server]
    initially: FALSE
    flActions:
      CommitEntry[0] = TRUE
  Fluent20_4[Server, FinNat]
    initially: FALSE
    flActions:
      CommitEntry[0, 3] = TRUE
      BecomeLeader[0, 3] = TRUE
\A var0 \in Server : \A var1 \in FinNat : (Fluent18_10[var0]) => ((Fluent19_10[var0][var1]) => (Fluent20_10[var0][var1]))
  Fluent18_10[Server]
    initially: FALSE
    flActions:
      CommitEntry[0] = TRUE
  Fluent19_10[Server, FinNat]
    initially: FALSE
    flActions:
      BecomeLeader[0, 2] = TRUE
  Fluent20_10[Server, FinNat]
    initially: FALSE
    flActions:
      CommitEntry[0, 3] = TRUE
      BecomeLeader[0, 3] = TRUE
\A var0 \in FinNat : \A var1 \in Server : (Fluent18_16[var1][var0]) => ((Fluent20_16[var1]) => (Fluent19_16[var1][var0]))
  Fluent20_16[Server]
    initially: FALSE
    flActions:
      CommitEntry[0] = TRUE
  Fluent18_16[Server, FinNat]
    initially: FALSE
    flActions:
      BecomeLeader[0, 2] = TRUE
  Fluent19_16[Server, FinNat]
    initially: FALSE
    flActions:
      CommitEntry[0, 3] = TRUE
      BecomeLeader[0, 3] = TRUE
\A var0 \in Server : \E var1 \in Quorums : \A var2 \in FinNat : (Fluent20_19[var0][var2]) => ((Fluent19_19[var0]) => (Fluent18_19[var0][var2][var1]))
  Fluent20_19[Server, FinNat]
    initially: FALSE
    flActions:
      BecomeLeader[0, 2] = TRUE
  Fluent18_19[Server, FinNat, Quorums]
    initially: FALSE
    flActions:
      BecomeLeader[0, 3, 1] = TRUE
      CommitEntry[0, 3, 1] = TRUE
  Fluent19_19[Server]
    initially: FALSE
    flActions:
      CommitEntry[0] = TRUE

new pos trace(s):
PT22 (PosTrace): (T0->ClientRequestn1NUM0NUM1 + T1->ClientRequestn2NUM0NUM1 + T2->BecomeLeadern1_n1n2n3_NUM3NUM2 + T3->CommitEntryn1_n1n2_NUM1NUM0)
PT23 (PosTrace): (T0->ClientRequestn1NUM0NUM1 + T1->ClientRequestn2NUM0NUM1 + T2->BecomeLeadern1_n1n2n3_NUM1NUM2 + T3->CommitEntryn1_n1n2_NUM1NUM0)
PT24 (PosTrace): (T0->ClientRequestn1NUM0NUM1 + T1->ClientRequestn2NUM0NUM1 + T2->BecomeLeadern1_n1n2_NUM1NUM2 + T3->CommitEntryn1_n1n2_NUM1NUM0)
PT21 (PosTrace): (T0->ClientRequestn1NUM0NUM1 + T1->ClientRequestn1NUM0NUM2 + T2->ClientRequestn1NUM0NUM3 + T3->ClientRequestn2NUM0NUM1 + T4->BecomeLeadern2_n2n3_NUM3NUM2 + T5->CommitEntryn2_n1n2_NUM1NUM0)
Using the following partial neg trace for formula synth:
NT1 (NegTrace): (T0->BecomeLeadern1_n1n3_NUM1NUM1 + T1->ClientRequestn1NUM1NUM1 + T2->GetEntriesn3n1NUM1 + T3->CommitEntryn1_n1n3_NUM1NUM1 + T4->BecomeLeadern1_n1n3_NUM2NUM3)
Formula synth batch: 5
Total # workers: 25
# workers using: 10
First worker finished, shutdown count is 180362.949s
Formula synthesis complete in 89839.491 seconds
\A var0 \in FinNat : \E var1 \in Server : (Fluent20_4[var1][var0]) => (Fluent19_4[var1][var0])
  Fluent19_4[Server, FinNat]
    initially: FALSE
    flActions:
      BecomeLeader[0, 2] = FALSE
      ClientRequest[0] = TRUE
  Fluent20_4[Server, FinNat]
    initially: FALSE
    flActions:
      BecomeLeader[0, 3] = FALSE
      CommitEntry[] = TRUE
\A var0 \in Server : \E var1 \in Server : \E var2 \in FinNat : (Fluent20_5[var0][var2][var2]) => (Fluent19_5[var1])
  Fluent20_5[Server, FinNat, FinNat]
    initially: FALSE
    flActions:
      BecomeLeader[0, 3, 2] = FALSE
      CommitEntry[0] = TRUE
  Fluent19_5[Server]
    initially: FALSE
    flActions:
      BecomeLeader[0] = FALSE
      ClientRequest[0] = TRUE
\A var0 \in Server : \E var1 \in FinNat : (Fluent20_9[var0]) => ((Fluent21_9[var0]) => (Fluent19_9[var0][var1][var1]))
  Fluent21_9[Server]
    initially: FALSE
    flActions:
      CommitEntry[0] = TRUE
  Fluent20_9[Server]
    initially: FALSE
    flActions:
      GetEntries[1] = TRUE
  Fluent19_9[Server, FinNat, FinNat]
    initially: FALSE
    flActions:
      CommitEntry[0, 3, 2] = TRUE
      BecomeLeader[0, 3, 2] = TRUE (mutexFl)
\A var0 \in Server : \E var1 \in FinNat : (Fluent20_17[var0]) => ((Fluent21_17[var0]) => (Fluent19_17[var0][var1][var1]))
  Fluent20_17[Server]
    initially: FALSE
    flActions:
      CommitEntry[0] = TRUE
  Fluent21_17[Server]
    initially: FALSE
    flActions:
      GetEntries[1] = TRUE
  Fluent19_17[Server, FinNat, FinNat]
    initially: FALSE
    flActions:
      CommitEntry[0, 3, 2] = TRUE
      BecomeLeader[0, 3, 2] = TRUE (mutexFl)
\A var0 \in FinNat : \A var1 \in Server : \E var2 \in FinNat : (Fluent20_2[var1][var0]) => ((var2 <= var0) => (Fluent19_2[var1]))
  Fluent19_2[Server]
    initially: FALSE
    flActions:
      ClientRequest[0] = TRUE
      CommitEntry[0] = FALSE
  Fluent20_2[Server, FinNat]
    initially: FALSE
    flActions:
      BecomeLeader[0, 3] = TRUE
\A var0 \in FinNat : \A var1 \in Quorums : \E var2 \in FinNat : (var2 <= var0) => ((Fluent20_14[var0][var1]) => (Fluent19_14[var2]))
  Fluent19_14[FinNat]
    initially: FALSE
    flActions:
      GetEntries[2] = FALSE
      ClientRequest[2] = TRUE
  Fluent20_14[FinNat, Quorums]
    initially: FALSE
    flActions:
      BecomeLeader[3, 1] = TRUE
\A var0 \in Quorums : \E var1 \in FinNat : \A var2 \in FinNat : (Fluent20_21[var2][var0]) => ((Fluent19_21[var2][var0]) => (var2 = var1))
  Fluent19_21[FinNat, Quorums]
    initially: FALSE
    flActions:
      BecomeLeader[3, 1] = FALSE
      GetEntries[] = TRUE
  Fluent20_21[FinNat, Quorums]
    initially: FALSE
    flActions:
      BecomeLeader[2, 1] = TRUE
\A var0 \in Quorums : \A var1 \in FinNat : \E var2 \in Server : (Fluent19_20[var2][var1]) => ((var2 \in var0) => (Fluent20_20[var2][var1]))
  Fluent19_20[Server, FinNat]
    initially: FALSE
    flActions:
      BecomeLeader[0, 3] = FALSE
      CommitEntry[] = TRUE
  Fluent20_20[Server, FinNat]
    initially: FALSE
    flActions:
      BecomeLeader[0, 2] = FALSE
      ClientRequest[0] = TRUE

new pos trace(s):
PT29 (PosTrace): (T0->ClientRequestn1NUM0NUM1 + T1->ClientRequestn1NUM0NUM2 + T2->GetEntriesn2n1NUM1 + T3->GetEntriesn2n1NUM2 + T4->BecomeLeadern2_n1n2_NUM0NUM3)
PT26 (PosTrace): (T0->ClientRequestn1NUM1NUM1 + T1->GetEntriesn2n1NUM1 + T2->BecomeLeadern1_n1n3_NUM3NUM2 + T3->CommitEntryn1_n1n2_NUM1NUM1)
PT27 (PosTrace): (T0->ClientRequestn1NUM0NUM1 + T1->GetEntriesn2n1NUM1 + T2->CommitEntryn1_n1n2_NUM1NUM0)
PT30 (PosTrace): (T0->ClientRequestn1NUM0NUM1 + T1->ClientRequestn1NUM1NUM2 + T2->GetEntriesn2n1NUM1 + T3->GetEntriesn2n1NUM2 + T4->BecomeLeadern1_n1n2_NUM0NUM3)
PT25 (PosTrace): (T0->ClientRequestn1NUM1NUM1 + T1->ClientRequestn1NUM0NUM2 + T2->GetEntriesn2n1NUM1 + T3->BecomeLeadern1_n1n3_NUM2NUM3 + T4->CommitEntryn2_n1n2_NUM1NUM1)
PT31 (PosTrace): (T0->ClientRequestn1NUM1NUM1 + T1->GetEntriesn2n1NUM1 + T2->BecomeLeadern2_n1n2_NUM0NUM2 + T3->BecomeLeadern1_n1n2_NUM1NUM2)
PT28 (PosTrace): (T0->ClientRequestn1NUM3NUM1 + T1->GetEntriesn2n1NUM1 + T2->CommitEntryn1_n1n2_NUM1NUM3)
PT32 (PosTrace): (T0->ClientRequestn1NUM2NUM1 + T1->GetEntriesn2n1NUM1 + T2->BecomeLeadern1_n1n2n3_NUM0NUM2 + T3->CommitEntryn1_n1n2_NUM1NUM2)
Using the following partial neg trace for formula synth:
NT1 (NegTrace): (T0->BecomeLeadern1_n1n3_NUM1NUM1 + T1->ClientRequestn1NUM1NUM1 + T2->GetEntriesn3n1NUM1 + T3->CommitEntryn1_n1n3_NUM1NUM1 + T4->BecomeLeadern1_n1n3_NUM2NUM3)
Formula synth batch: 6
Total # workers: 23
# workers using: 10
Formula synthesis complete in 72200.932 seconds
All synthesized formulas are UNSAT, increasing the size of the partial neg trace
New init pos trace:
PT1 (PosTrace): (T0->BecomeLeadern1_n1n3_NUM1NUM1 + T1->ClientRequestn1NUM1NUM1 + T2->GetEntriesn3n1NUM1 + T3->CommitEntryn1_n1n3_NUM1NUM1 + T4->BecomeLeadern1_n1n3_NUM2NUM2 + T5->CommitEntryn1_n1n3_NUM1NUM1)

Using the following partial neg trace for formula synth:
NT1 (NegTrace): (T0->BecomeLeadern1_n1n3_NUM1NUM1 + T1->ClientRequestn1NUM1NUM1 + T2->GetEntriesn3n1NUM1 + T3->CommitEntryn1_n1n3_NUM1NUM1 + T4->BecomeLeadern1_n1n3_NUM2NUM3 + T5->CommitEntryn1_n1n3_NUM1NUM2)
Formula synth batch: 1
Total # workers: 27
# workers using: 10
Formula synthesis complete in 3.828 seconds

new pos trace(s):
Using the following partial neg trace for formula synth:
NT1 (NegTrace): (T0->BecomeLeadern1_n1n3_NUM1NUM1 + T1->ClientRequestn1NUM1NUM1 + T2->GetEntriesn3n1NUM1 + T3->CommitEntryn1_n1n3_NUM1NUM1 + T4->BecomeLeadern1_n1n3_NUM2NUM3 + T5->CommitEntryn1_n1n3_NUM1NUM2)
Formula synth batch: 2
Total # workers: 17
# workers using: 10
Formula synthesis complete in 0.963 seconds

new pos trace(s):
Using the following partial neg trace for formula synth:
NT1 (NegTrace): (T0->BecomeLeadern1_n1n3_NUM1NUM1 + T1->ClientRequestn1NUM1NUM1 + T2->GetEntriesn3n1NUM1 + T3->CommitEntryn1_n1n3_NUM1NUM1 + T4->BecomeLeadern1_n1n3_NUM2NUM3 + T5->CommitEntryn1_n1n3_NUM1NUM2)
Formula synth batch: 3
Total # workers: 7
# workers using: 7
Formula synthesis complete in 0.312 seconds
   195459.48 real    333642.70 user    139733.32 sys
