Building the LTS for the initial trace (T2.tla)
Built the LTS in 0.419s
Creating the initial trace
WARNING: sun.reflect.Reflection.getCallerClass is not supported. This will impact performance.
Created the initial trace in 0.15s

Round 1
-------
TLC neg trace generation time: 3.857 seconds
# neg traces: 58
# min neg traces: 18
partial neg trace generation time: 6.782 seconds
attempting to eliminate the following neg trace this round:
NT1 (NegTrace): (T0->ClientRequestn1NUM0 + T1->ClientRequestn2NUM1 + T2->GetEntriesn3n1 + T3->CommitEntryn3NUM1NUM0 + T4->RollbackEntriesn1n2 + T5->GetEntriesn1n2 + T6->CommitEntryn1NUM1NUM1)

Init pos trace:
PT1 (PosTrace): (T0->GetEntriesn2n1)
Using the following partial neg trace for formula synth:
NT1 (NegTrace): (T0->ClientRequestn1NUM0)
Formula synth batch: 1
Total # workers: 8
# workers using: 8
First worker finished, shutdown count is 30.0s
Formula synthesis complete in 18.78 seconds
\A var0 \in Server : (Fluent3_1[var0]) => (Fluent4_1[var0])
  Fluent4_1[Server]
    initially: FALSE
    flActions:
      ClientRequest[0] = FALSE
  Fluent3_1[Server]
    initially: FALSE
    flActions:
      ClientRequest[0] = TRUE
\A var0 \in FinNat : (Fluent3_5[var0]) => (Fluent4_5[var0])
  Fluent4_5[FinNat]
    initially: FALSE
    flActions:
      CommitEntry[2] = FALSE
  Fluent3_5[FinNat]
    initially: FALSE
    flActions:
      ClientRequest[1] = TRUE
\A var0 \in Server : (Fluent3_3[var0]) => (~(Fluent4_3[var0]))
  Fluent3_3[Server]
    initially: FALSE
    flActions:
      ClientRequest[0] = TRUE
  Fluent4_3[Server]
    initially: FALSE
    flActions:
      ClientRequest[0] = TRUE
\A var0 \in FinNat : (Fluent4_4[var0]) => (~(Fluent3_4[var0]))
  Fluent4_4[FinNat]
    initially: FALSE
    flActions:
      ClientRequest[1] = TRUE
  Fluent3_4[FinNat]
    initially: FALSE
    flActions:
      ClientRequest[1] = TRUE
\A var0 \in Server : \A var1 \in Server : (var0 = var1) => (~(Fluent3_6[var0]))
  Fluent3_6[Server]
    initially: FALSE
    flActions:
      ClientRequest[0] = TRUE
\A var0 \in Server : \A var1 \in Server : (var1 = var0) => (~(Fluent3_7[var0]))
  Fluent3_7[Server]
    initially: FALSE
    flActions:
      ClientRequest[0] = TRUE
\A var0 \in FinNat : \E var1 \in FinNat : (var0 <= var1) => (~(Fluent3_2[var0]))
  Fluent3_2[FinNat]
    initially: FALSE
    flActions:
      ClientRequest[1] = TRUE

Found the following new invariant this round:
\A var0 \in FinNat : \E var1 \in FinNat : (var0 <= var1) => (~(Fluent3_2[var0]))
  Fluent3_2[FinNat]
    initially: FALSE
    flActions:
      ClientRequest[1] = TRUE

Minimizing the invariants found thus far.
Minimization finished in 0.0 seconds
Current partial assumption:
/\ \A var0 \in FinNat : \E var1 \in FinNat : (var0 <= var1) => (~(Fluent3_2[var0]))
Round 1 took 47.34 seconds

Round 2
-------
TLC neg trace generation time: 1.961 seconds
# neg traces: 147
# min neg traces: 9
partial neg trace generation time: 3.4 seconds
attempting to eliminate the following neg trace this round:
NT1 (NegTrace): (T0->ClientRequestn1NUM2 + T1->GetEntriesn2n1 + T2->ClientRequestn3NUM3 + T3->CommitEntryn1NUM1NUM2 + T4->RollbackEntriesn2n3 + T5->GetEntriesn2n3 + T6->CommitEntryn2NUM1NUM3)

Init pos trace:
PT1 (PosTrace): (T0->GetEntriesn2n1)
Using the following partial neg trace for formula synth:
NT1 (NegTrace): (T0->ClientRequestn1NUM2)
Formula synth batch: 1
Total # workers: 8
# workers using: 8
First worker finished, shutdown count is 30.0s
Formula synthesis complete in 19.331 seconds
\A var0 \in Server : (Fluent4_1[var0]) => (Fluent5_1[var0])
  Fluent5_1[Server]
    initially: FALSE
    flActions:
      ClientRequest[0] = FALSE
  Fluent4_1[Server]
    initially: FALSE
    flActions:
      ClientRequest[0] = TRUE
\A var0 \in FinNat : (Fluent5_4[var0]) => (Fluent4_4[var0])
  Fluent5_4[FinNat]
    initially: FALSE
    flActions:
      ClientRequest[1] = TRUE
  Fluent4_4[FinNat]
    initially: FALSE
    flActions:
      BecomeLeader[1] = FALSE
\A var0 \in FinNat : (Fluent4_5[var0]) => (~(Fluent5_5[var0]))
  Fluent5_5[FinNat]
    initially: FALSE
    flActions:
      ClientRequest[1] = TRUE
  Fluent4_5[FinNat]
    initially: FALSE
    flActions:
      ClientRequest[1] = TRUE
\A var0 \in FinNat : (Fluent5_2[var0]) => (~(Fluent4_2[var0]))
  Fluent4_2[FinNat]
    initially: FALSE
    flActions:
      ClientRequest[1] = TRUE
  Fluent5_2[FinNat]
    initially: FALSE
    flActions:
      ClientRequest[1] = TRUE
\A var0 \in Server : (Fluent4_3[var0]) => (~(Fluent5_3[var0]))
  Fluent5_3[Server]
    initially: FALSE
    flActions:
      ClientRequest[0] = TRUE
  Fluent4_3[Server]
    initially: FALSE
    flActions:
      ClientRequest[0] = TRUE
\A var0 \in Server : \A var1 \in Server : (var1 = var0) => (~(Fluent4_7[var0]))
  Fluent4_7[Server]
    initially: FALSE
    flActions:
      ClientRequest[0] = TRUE
\A var0 \in Server : \A var1 \in Server : (Fluent4_6[var1]) => (~(var1 = var0))
  Fluent4_6[Server]
    initially: FALSE
    flActions:
      ClientRequest[0] = TRUE
\A var0 \in FinNat : \A var1 \in FinNat : (var1 <= var0) => (~(Fluent4_0[var0]))
  Fluent4_0[FinNat]
    initially: FALSE
    flActions:
      ClientRequest[1] = TRUE

new pos trace(s):
PT2 (PosTrace): (T0->BecomeLeadern1NUM1 + T1->ClientRequestn1NUM1)
Using the following partial neg trace for formula synth:
NT1 (NegTrace): (T0->ClientRequestn1NUM2)
Formula synth batch: 2
Total # workers: 8
# workers using: 8
First worker finished, shutdown count is 45.855s
Formula synthesis complete in 47.237 seconds
\A var0 \in Server : (Fluent6_6[var0]) => (Fluent5_6[var0])
  Fluent6_6[Server]
    initially: FALSE
    flActions:
      ClientRequest[0] = TRUE
  Fluent5_6[Server]
    initially: FALSE
    flActions:
      BecomeLeader[0] = TRUE

Found the following new invariant this round:
\A var0 \in Server : (Fluent6_6[var0]) => (Fluent5_6[var0])
  Fluent6_6[Server]
    initially: FALSE
    flActions:
      ClientRequest[0] = TRUE
  Fluent5_6[Server]
    initially: FALSE
    flActions:
      BecomeLeader[0] = TRUE

Minimizing the invariants found thus far.
Minimization finished in 0.622 seconds
Current partial assumption:
/\ \A var0 \in Server : (Fluent6_6[var0]) => (Fluent5_6[var0])
Round 2 took 98.856 seconds

Round 3
-------
TLC neg trace generation time: 4.695 seconds
# neg traces: 206
# min neg traces: 36
partial neg trace generation time: 13.153 seconds
attempting to eliminate the following neg trace this round:
NT1 (NegTrace): (T0->BecomeLeadern1NUM3 + T1->ClientRequestn1NUM1 + T2->BecomeLeadern3NUM2 + T3->ClientRequestn3NUM2 + T4->GetEntriesn2n1 + T5->CommitEntryn2NUM1NUM1 + T6->RollbackEntriesn2n3 + T7->GetEntriesn2n3 + T8->CommitEntryn2NUM1NUM2)

Init pos trace:
PT1 (PosTrace): (T0->BecomeLeadern1NUM1)
Using the following partial neg trace for formula synth:
NT1 (NegTrace): (T0->BecomeLeadern1NUM3)
Formula synth batch: 1
Total # workers: 8
# workers using: 8
First worker finished, shutdown count is 49.341s
Formula synthesis complete in 31.035 seconds
\A var0 \in FinNat : \E var1 \in FinNat : (var1 <= var0) => (~(Fluent7_0[var0]))
  Fluent7_0[FinNat]
    initially: FALSE
    flActions:
      BecomeLeader[1] = TRUE
\A var0 \in FinNat : \E var1 \in FinNat : (Fluent7_2[var0]) => (~(var1 <= var0))
  Fluent7_2[FinNat]
    initially: FALSE
    flActions:
      BecomeLeader[1] = TRUE
\A var0 \in Server : \A var1 \in FinNat : \E var2 \in FinNat : (var2 <= var1) => (~(Fluent7_1[var0][var1]))
  Fluent7_1[Server, FinNat]
    initially: FALSE
    flActions:
      BecomeLeader[0, 1] = TRUE
\A var0 \in FinNat : \A var1 \in Server : \E var2 \in FinNat : (Fluent7_4[var0][var1]) => (~(var2 <= var0))
  Fluent7_4[FinNat, Server]
    initially: FALSE
    flActions:
      BecomeLeader[1, 0] = TRUE

new pos trace(s):
PT4 (PosTrace): (T0->BecomeLeadern1NUM1 + T1->BecomeLeadern1NUM2 + T2->BecomeLeadern1NUM3)
Using the following partial neg trace for formula synth:
NT1 (NegTrace): (T0->BecomeLeadern1NUM3)
Formula synth batch: 2
Total # workers: 4
# workers using: 4
Formula synthesis complete in 253.178 seconds
All synthesized formulas are UNSAT, increasing the size of the partial neg trace
New init pos trace:
PT1 (PosTrace): (T0->BecomeLeadern1NUM1 + T1->ClientRequestn1NUM1)

Using the following partial neg trace for formula synth:
NT1 (NegTrace): (T0->BecomeLeadern1NUM3 + T1->ClientRequestn1NUM1)
Formula synth batch: 1
Total # workers: 8
# workers using: 8
First worker finished, shutdown count is 57.15s
Formula synthesis complete in 52.675 seconds
\A var0 \in FinNat : (Fluent9_2[var0]) => (Fluent10_2[var0])
  Fluent9_2[FinNat]
    initially: FALSE
    flActions:
      ClientRequest[1] = TRUE
  Fluent10_2[FinNat]
    initially: FALSE
    flActions:
      BecomeLeader[1] = TRUE

Found the following new invariant this round:
\A var0 \in FinNat : (Fluent9_2[var0]) => (Fluent10_2[var0])
  Fluent9_2[FinNat]
    initially: FALSE
    flActions:
      ClientRequest[1] = TRUE
  Fluent10_2[FinNat]
    initially: FALSE
    flActions:
      BecomeLeader[1] = TRUE

Minimizing the invariants found thus far.
Minimization finished in 1.413 seconds
Current partial assumption:
/\ \A var0 \in FinNat : (Fluent9_2[var0]) => (Fluent10_2[var0])
Round 3 took 378.387 seconds

Round 4
-------
TLC neg trace generation time: 2.019 seconds
# neg traces: 106
# min neg traces: 15
partial neg trace generation time: 7.331 seconds
attempting to eliminate the following neg trace this round:
NT1 (NegTrace): (T0->BecomeLeadern3NUM1 + T1->ClientRequestn1NUM1 + T2->GetEntriesn2n1 + T3->BecomeLeadern2NUM2 + T4->ClientRequestn3NUM2 + T5->CommitEntryn2NUM1NUM1 + T6->RollbackEntriesn1n3 + T7->GetEntriesn1n3 + T8->CommitEntryn1NUM1NUM2)

The following previously found invariant blocks the negative trace:
\A var0 \in Server : (Fluent6_6[var0]) => (Fluent5_6[var0])
  Fluent6_6[Server]
    initially: FALSE
    flActions:
      ClientRequest[0] = TRUE
  Fluent5_6[Server]
    initially: FALSE
    flActions:
      BecomeLeader[0] = TRUE

Minimizing the invariants found thus far.
Minimization finished in 0.787 seconds
Current partial assumption:
/\ \A var0 \in Server : (Fluent6_6[var0]) => (Fluent5_6[var0])
/\ \A var0 \in FinNat : (Fluent9_2[var0]) => (Fluent10_2[var0])
Round 4 took 14.946 seconds

Round 5
-------
TLC neg trace generation time: 4.723 seconds
# neg traces: 89
# min neg traces: 22
partial neg trace generation time: 21.783 seconds
attempting to eliminate the following neg trace this round:
NT1 (NegTrace): (T0->BecomeLeadern1NUM1 + T1->ClientRequestn1NUM1 + T2->BecomeLeadern2NUM2 + T3->ClientRequestn2NUM2 + T4->GetEntriesn3n1 + T5->CommitEntryn1NUM1NUM1 + T6->RollbackEntriesn3n2 + T7->GetEntriesn3n2 + T8->CommitEntryn2NUM1NUM2)

Init pos trace:
PT1 (PosTrace): (T0->BecomeLeadern1NUM1 + T1->ClientRequestn1NUM1 + T2->BecomeLeadern2NUM2 + T3->ClientRequestn2NUM2 + T4->GetEntriesn3n1 + T5->CommitEntryn2NUM1NUM2)
Using the following partial neg trace for formula synth:
NT1 (NegTrace): (T0->BecomeLeadern1NUM1 + T1->ClientRequestn1NUM1 + T2->BecomeLeadern2NUM2 + T3->ClientRequestn2NUM2 + T4->GetEntriesn3n1 + T5->CommitEntryn1NUM1NUM1)
Formula synth batch: 1
Total # workers: 8
# workers using: 8
First worker finished, shutdown count is 94.341s
Formula synthesis complete in 117.687 seconds
\A var0 \in Server : (Fluent12_3[var0]) => (~(Fluent11_3[var0]))
  Fluent12_3[Server]
    initially: FALSE
    flActions:
      GetEntries[1] = TRUE
  Fluent11_3[Server]
    initially: FALSE
    flActions:
      CommitEntry[0] = TRUE
\A var0 \in FinNat : (Fluent11_4[var0]) => (~(Fluent12_4[var0]))
  Fluent11_4[FinNat]
    initially: FALSE
    flActions:
      CommitEntry[1] = TRUE
  Fluent12_4[FinNat]
    initially: FALSE
    flActions:
      CommitEntry[2] = TRUE
\A var0 \in Server : (Fluent11_6[var0]) => (~(Fluent12_6[var0]))
  Fluent11_6[Server]
    initially: FALSE
    flActions:
      CommitEntry[0] = TRUE
  Fluent12_6[Server]
    initially: FALSE
    flActions:
      GetEntries[1] = TRUE
\A var0 \in FinNat : (Fluent12_2[var0]) => (~(Fluent11_2[var0]))
  Fluent12_2[FinNat]
    initially: FALSE
    flActions:
      CommitEntry[1] = TRUE
  Fluent11_2[FinNat]
    initially: FALSE
    flActions:
      CommitEntry[2] = TRUE
\A var0 \in FinNat : (Fluent12_0[var0]) => (~(Fluent11_0[var0]))
  Fluent11_0[FinNat]
    initially: FALSE
    flActions:
      CommitEntry[2] = TRUE
  Fluent12_0[FinNat]
    initially: FALSE
    flActions:
      CommitEntry[1] = TRUE
\A var0 \in Server : (Fluent11_1[var0]) => (~(Fluent12_1[var0]))
  Fluent12_1[Server]
    initially: FALSE
    flActions:
      CommitEntry[0] = TRUE
  Fluent11_1[Server]
    initially: FALSE
    flActions:
      GetEntries[1] = TRUE
\A var0 \in Server : (Fluent11_7[var0]) => (~(Fluent12_7[var0]))
  Fluent12_7[Server]
    initially: FALSE
    flActions:
      CommitEntry[0] = TRUE
  Fluent11_7[Server]
    initially: FALSE
    flActions:
      GetEntries[1] = TRUE
\A var0 \in FinNat : (Fluent11_5[var0]) => (~(Fluent12_5[var0]))
  Fluent12_5[FinNat]
    initially: FALSE
    flActions:
      CommitEntry[1] = TRUE
  Fluent11_5[FinNat]
    initially: FALSE
    flActions:
      CommitEntry[2] = TRUE

new pos trace(s):
PT3 (PosTrace): (T0->BecomeLeadern1NUM1 + T1->CommitEntryn1NUM1NUM1)
PT2 (PosTrace): (T0->GetEntriesn2n1 + T1->BecomeLeadern1NUM1 + T2->CommitEntryn1NUM1NUM1)
Using the following partial neg trace for formula synth:
NT1 (NegTrace): (T0->BecomeLeadern1NUM1 + T1->ClientRequestn1NUM1 + T2->BecomeLeadern2NUM2 + T3->ClientRequestn2NUM2 + T4->GetEntriesn3n1 + T5->CommitEntryn1NUM1NUM1)
Formula synth batch: 2
Total # workers: 8
# workers using: 8
First worker finished, shutdown count is 138.777s
Formula synthesis complete in 167.159 seconds
\A var0 \in Server : (Fluent13_1[var0]) => (~(Fluent12_1[var0]))
  Fluent13_1[Server]
    initially: FALSE
    flActions:
      GetEntries[1] = TRUE
      BecomeLeader[0] = FALSE
  Fluent12_1[Server]
    initially: FALSE
    flActions:
      CommitEntry[0] = TRUE
\A var0 \in Server : (Fluent12_3[var0]) => (~(Fluent13_3[var0]))
  Fluent12_3[Server]
    initially: FALSE
    flActions:
      CommitEntry[0] = TRUE
  Fluent13_3[Server]
    initially: FALSE
    flActions:
      GetEntries[1] = TRUE
      BecomeLeader[0] = FALSE
\A var0 \in Server : (Fluent12_6[var0]) => (~(Fluent13_6[var0]))
  Fluent13_6[Server]
    initially: FALSE
    flActions:
      CommitEntry[0] = TRUE
  Fluent12_6[Server]
    initially: FALSE
    flActions:
      GetEntries[1] = TRUE
      BecomeLeader[0] = FALSE
\A var0 \in Server : (Fluent12_7[var0]) => (~(Fluent13_7[var0]))
  Fluent12_7[Server]
    initially: FALSE
    flActions:
      CommitEntry[0] = TRUE
  Fluent13_7[Server]
    initially: FALSE
    flActions:
      GetEntries[1] = TRUE
      BecomeLeader[0] = FALSE
\A var0 \in FinNat : (Fluent13_2[var0]) => (~(Fluent12_2[var0][var0]))
  Fluent13_2[FinNat]
    initially: FALSE
    flActions:
      ClientRequest[1] = TRUE
  Fluent12_2[FinNat, FinNat]
    initially: FALSE
    flActions:
      CommitEntry[2, 1] = TRUE
\A var0 \in FinNat : (Fluent12_5[var0]) => (~(Fluent13_5[var0][var0]))
  Fluent12_5[FinNat]
    initially: FALSE
    flActions:
      ClientRequest[1] = TRUE
  Fluent13_5[FinNat, FinNat]
    initially: FALSE
    flActions:
      CommitEntry[2, 1] = TRUE
\A var0 \in FinNat : (Fluent12_0[var0][var0]) => (~(Fluent13_0[var0]))
  Fluent13_0[FinNat]
    initially: FALSE
    flActions:
      ClientRequest[1] = TRUE
  Fluent12_0[FinNat, FinNat]
    initially: FALSE
    flActions:
      CommitEntry[1, 2] = TRUE
\A var0 \in FinNat : (Fluent12_4[var0]) => (~(Fluent13_4[var0][var0]))
  Fluent13_4[FinNat, FinNat]
    initially: FALSE
    flActions:
      CommitEntry[1, 2] = TRUE
  Fluent12_4[FinNat]
    initially: FALSE
    flActions:
      ClientRequest[1] = TRUE

new pos trace(s):
PT10 (PosTrace): (T0->BecomeLeadern1NUM1 + T1->GetEntriesn2n1 + T2->CommitEntryn1NUM1NUM1)
PT14 (PosTrace): (T0->BecomeLeadern1NUM1 + T1->ClientRequestn1NUM1 + T2->CommitEntryn1NUM1NUM1)
Using the following partial neg trace for formula synth:
NT1 (NegTrace): (T0->BecomeLeadern1NUM1 + T1->ClientRequestn1NUM1 + T2->BecomeLeadern2NUM2 + T3->ClientRequestn2NUM2 + T4->GetEntriesn3n1 + T5->CommitEntryn1NUM1NUM1)
Formula synth batch: 3
Total # workers: 8
# workers using: 8
First worker finished, shutdown count is 212.091s
Killing 1 incomplete formula synth workers
Formula synthesis complete in 282.806 seconds
\A var0 \in FinNat : (Fluent13_5[var0]) => (Fluent14_5[var0])
  Fluent14_5[FinNat]
    initially: FALSE
    flActions:
      BecomeLeader[] = FALSE
      BecomeLeader[1] = TRUE (priority 1)
  Fluent13_5[FinNat]
    initially: FALSE
    flActions:
      CommitEntry[2] = TRUE
\A var0 \in FinNat : (Fluent13_0[var0]) => (Fluent14_0[var0])
  Fluent14_0[FinNat]
    initially: FALSE
    flActions:
      BecomeLeader[] = FALSE
      BecomeLeader[1] = TRUE (priority 1)
  Fluent13_0[FinNat]
    initially: FALSE
    flActions:
      CommitEntry[2] = TRUE
\A var0 \in Server : (Fluent14_1[var0]) => (Fluent13_1[var0])
  Fluent14_1[Server]
    initially: FALSE
    flActions:
      CommitEntry[0] = TRUE
  Fluent13_1[Server]
    initially: FALSE
    flActions:
      BecomeLeader[] = FALSE
      BecomeLeader[0] = TRUE (priority 1)
\A var0 \in FinNat : (Fluent13_4[var0]) => (~(Fluent14_4[var0]))
  Fluent13_4[FinNat]
    initially: FALSE
    flActions:
      BecomeLeader[] = TRUE
      BecomeLeader[1] = FALSE (priority 1)
  Fluent14_4[FinNat]
    initially: FALSE
    flActions:
      CommitEntry[2] = TRUE
\A var0 \in Server : (Fluent14_6[var0]) => (~(Fluent13_6[var0]))
  Fluent13_6[Server]
    initially: FALSE
    flActions:
      BecomeLeader[] = TRUE
      BecomeLeader[0] = FALSE (priority 1)
  Fluent14_6[Server]
    initially: FALSE
    flActions:
      CommitEntry[0] = TRUE
\A var0 \in Server : (Fluent14_7[var0]) => ((Fluent15_7[var0]) => (~(Fluent13_7[var0])))
  Fluent14_7[Server]
    initially: FALSE
    flActions:
      CommitEntry[0] = TRUE
  Fluent13_7[Server]
    initially: FALSE
    flActions:
      GetEntries[1] = TRUE
  Fluent15_7[Server]
    initially: FALSE
    flActions:
      ClientRequest[0] = TRUE
\A var0 \in Server : (Fluent14_3[var0]) => ((Fluent15_3[var0]) => (~(Fluent13_3[var0])))
  Fluent14_3[Server]
    initially: FALSE
    flActions:
      GetEntries[1] = TRUE
  Fluent13_3[Server]
    initially: FALSE
    flActions:
      ClientRequest[0] = TRUE
  Fluent15_3[Server]
    initially: FALSE
    flActions:
      CommitEntry[0] = TRUE

new pos trace(s):
PT22 (PosTrace): (T0->BecomeLeadern1NUM1 + T1->CommitEntryn1NUM1NUM1 + T2->BecomeLeadern2NUM2)
PT18 (PosTrace): (T0->BecomeLeadern1NUM1 + T1->CommitEntryn1NUM1NUM1 + T2->BecomeLeadern1NUM2)
PT23 (PosTrace): (T0->GetEntriesn2n1 + T1->BecomeLeadern1NUM1 + T2->ClientRequestn1NUM1 + T3->CommitEntryn1NUM1NUM1)
Using the following partial neg trace for formula synth:
NT1 (NegTrace): (T0->BecomeLeadern1NUM1 + T1->ClientRequestn1NUM1 + T2->BecomeLeadern2NUM2 + T3->ClientRequestn2NUM2 + T4->GetEntriesn3n1 + T5->CommitEntryn1NUM1NUM1)
Formula synth batch: 4
Total # workers: 8
# workers using: 8
First worker finished, shutdown count is 339.045s
Killing 1 incomplete formula synth workers
Formula synthesis complete in 452.079 seconds
\A var0 \in Server : (Fluent14_3[var0]) => (~(Fluent15_3[var0]))
  Fluent14_3[Server]
    initially: FALSE
    flActions:
      ClientRequest[] = TRUE
      ClientRequest[0] = FALSE (priority 1)
  Fluent15_3[Server]
    initially: FALSE
    flActions:
      CommitEntry[0] = TRUE
\A var0 \in FinNat : (Fluent14_5[var0]) => (~(Fluent15_5[var0]))
  Fluent14_5[FinNat]
    initially: FALSE
    flActions:
      CommitEntry[2] = TRUE
  Fluent15_5[FinNat]
    initially: FALSE
    flActions:
      ClientRequest[] = TRUE
      ClientRequest[1] = FALSE (priority 1)
\A var0 \in Server : (Fluent14_1[var0]) => (~(Fluent15_1[var0]))
  Fluent14_1[Server]
    initially: FALSE
    flActions:
      ClientRequest[] = TRUE
      ClientRequest[0] = FALSE (priority 1)
  Fluent15_1[Server]
    initially: FALSE
    flActions:
      CommitEntry[0] = TRUE
\A var0 \in FinNat : (Fluent14_2[var0]) => (~(Fluent15_2[var0]))
  Fluent15_2[FinNat]
    initially: FALSE
    flActions:
      CommitEntry[2] = TRUE
  Fluent14_2[FinNat]
    initially: FALSE
    flActions:
      ClientRequest[] = TRUE
      ClientRequest[1] = FALSE (priority 1)
\A var0 \in FinNat : (Fluent15_4[var0]) => (~(Fluent14_4[var0]))
  Fluent15_4[FinNat]
    initially: FALSE
    flActions:
      CommitEntry[2] = TRUE
  Fluent14_4[FinNat]
    initially: FALSE
    flActions:
      ClientRequest[] = TRUE
      ClientRequest[1] = FALSE (priority 1)
\A var0 \in Server : (Fluent14_7[var0]) => (~(Fluent15_7[var0]))
  Fluent14_7[Server]
    initially: FALSE
    flActions:
      ClientRequest[] = TRUE
      ClientRequest[0] = FALSE (priority 1)
  Fluent15_7[Server]
    initially: FALSE
    flActions:
      CommitEntry[0] = TRUE
\A var0 \in Server : (Fluent15_6[var0]) => (~(Fluent14_6[var0]))
  Fluent15_6[Server]
    initially: FALSE
    flActions:
      ClientRequest[] = TRUE
      ClientRequest[0] = FALSE (priority 1)
  Fluent14_6[Server]
    initially: FALSE
    flActions:
      CommitEntry[0] = TRUE

new pos trace(s):
PT25 (PosTrace): (T0->BecomeLeadern1NUM1 + T1->ClientRequestn1NUM1 + T2->BecomeLeadern2NUM2 + T3->CommitEntryn2NUM1NUM2)
PT26 (PosTrace): (T0->BecomeLeadern1NUM1 + T1->ClientRequestn1NUM1 + T2->BecomeLeadern1NUM2 + T3->CommitEntryn1NUM1NUM2)
Using the following partial neg trace for formula synth:
NT1 (NegTrace): (T0->BecomeLeadern1NUM1 + T1->ClientRequestn1NUM1 + T2->BecomeLeadern2NUM2 + T3->ClientRequestn2NUM2 + T4->GetEntriesn3n1 + T5->CommitEntryn1NUM1NUM1)
Formula synth batch: 5
Total # workers: 8
# workers using: 8
First worker finished, shutdown count is 640.368s
Formula synthesis complete in 828.421 seconds
\A var0 \in FinNat : (Fluent16_5[var0]) => (Fluent15_5[var0])
  Fluent16_5[FinNat]
    initially: FALSE
    flActions:
      BecomeLeader[] = FALSE
      CommitEntry[2] = TRUE
  Fluent15_5[FinNat]
    initially: FALSE
    flActions:
      BecomeLeader[] = FALSE
      BecomeLeader[1] = TRUE (priority 1)

Found the following new invariant this round:
\A var0 \in FinNat : (Fluent16_5[var0]) => (Fluent15_5[var0])
  Fluent16_5[FinNat]
    initially: FALSE
    flActions:
      BecomeLeader[] = FALSE
      CommitEntry[2] = TRUE
  Fluent15_5[FinNat]
    initially: FALSE
    flActions:
      BecomeLeader[] = FALSE
      BecomeLeader[1] = TRUE (priority 1)

Minimizing the invariants found thus far.
Minimization finished in 3.126 seconds
Current partial assumption:
/\ \A var0 \in FinNat : (Fluent16_5[var0]) => (Fluent15_5[var0])
Round 5 took 1913.122 seconds

Round 6
-------
TLC neg trace generation time: 41.177 seconds
# neg traces: 46
# min neg traces: 18
partial neg trace generation time: 7.098 seconds
attempting to eliminate the following neg trace this round:
NT1 (NegTrace): (T0->ClientRequestn1NUM1 + T1->GetEntriesn2n1 + T2->ClientRequestn3NUM3 + T3->BecomeLeadern3NUM1 + T4->CommitEntryn2NUM1NUM1 + T5->RollbackEntriesn2n3 + T6->GetEntriesn2n3 + T7->BecomeLeadern2NUM3 + T8->CommitEntryn2NUM1NUM3)

The following previously found invariant blocks the negative trace:
\A var0 \in Server : (Fluent6_6[var0]) => (Fluent5_6[var0])
  Fluent6_6[Server]
    initially: FALSE
    flActions:
      ClientRequest[0] = TRUE
  Fluent5_6[Server]
    initially: FALSE
    flActions:
      BecomeLeader[0] = TRUE

Minimizing the invariants found thus far.
Minimization finished in 1.068 seconds
Current partial assumption:
/\ \A var0 \in FinNat : (Fluent16_5[var0]) => (Fluent15_5[var0])
/\ \A var0 \in FinNat : (Fluent9_2[var0]) => (Fluent10_2[var0])
Round 6 took 51.714 seconds

Round 7
-------
TLC neg trace generation time: 3.227 seconds
# neg traces: 21
# min neg traces: 9
partial neg trace generation time: 4.222 seconds
attempting to eliminate the following neg trace this round:
NT1 (NegTrace): (T0->BecomeLeadern3NUM0 + T1->ClientRequestn2NUM0 + T2->GetEntriesn1n2 + T3->CommitEntryn2NUM1NUM0 + T4->BecomeLeadern2NUM1 + T5->ClientRequestn3NUM1 + T6->RollbackEntriesn2n3 + T7->GetEntriesn2n3 + T8->CommitEntryn2NUM1NUM1)

The following previously found invariant blocks the negative trace:
\A var0 \in Server : (Fluent6_6[var0]) => (Fluent5_6[var0])
  Fluent6_6[Server]
    initially: FALSE
    flActions:
      ClientRequest[0] = TRUE
  Fluent5_6[Server]
    initially: FALSE
    flActions:
      BecomeLeader[0] = TRUE

Minimizing the invariants found thus far.
Minimization finished in 2.114 seconds
Current partial assumption:
/\ \A var0 \in FinNat : (Fluent16_5[var0]) => (Fluent15_5[var0])
/\ \A var0 \in Server : (Fluent6_6[var0]) => (Fluent5_6[var0])
Round 7 took 11.194 seconds

Round 8
-------
TLC neg trace generation time: 37.62 seconds
# neg traces: 270
# min neg traces: 90
partial neg trace generation time: 44.698 seconds
attempting to eliminate the following neg trace this round:
NT1 (NegTrace): (T0->BecomeLeadern1NUM0 + T1->ClientRequestn1NUM0 + T2->BecomeLeadern2NUM0 + T3->ClientRequestn2NUM3 + T4->GetEntriesn3n1 + T5->CommitEntryn3NUM1NUM0 + T6->RollbackEntriesn1n2 + T7->GetEntriesn1n2 + T8->BecomeLeadern2NUM3 + T9->CommitEntryn1NUM1NUM3)

The following previously found invariant blocks the negative trace:
\A var0 \in FinNat : (Fluent9_2[var0]) => (Fluent10_2[var0])
  Fluent9_2[FinNat]
    initially: FALSE
    flActions:
      ClientRequest[1] = TRUE
  Fluent10_2[FinNat]
    initially: FALSE
    flActions:
      BecomeLeader[1] = TRUE

Minimizing the invariants found thus far.
Minimization finished in 1.221 seconds
Current partial assumption:
/\ \A var0 \in FinNat : (Fluent16_5[var0]) => (Fluent15_5[var0])
/\ \A var0 \in FinNat : (Fluent9_2[var0]) => (Fluent10_2[var0])
/\ \A var0 \in FinNat : \E var1 \in FinNat : (var0 <= var1) => (~(Fluent3_2[var0]))
Round 8 took 94.939 seconds

Round 9
-------
TLC neg trace generation time: 2.6 seconds
# neg traces: 49
# min neg traces: 9
partial neg trace generation time: 5.795 seconds
attempting to eliminate the following neg trace this round:
NT1 (NegTrace): (T0->BecomeLeadern3NUM1 + T1->ClientRequestn1NUM1 + T2->GetEntriesn2n1 + T3->CommitEntryn2NUM1NUM1 + T4->BecomeLeadern2NUM2 + T5->ClientRequestn3NUM2 + T6->RollbackEntriesn2n3 + T7->GetEntriesn2n3 + T8->CommitEntryn2NUM1NUM2)

The following previously found invariant blocks the negative trace:
\A var0 \in Server : (Fluent6_6[var0]) => (Fluent5_6[var0])
  Fluent6_6[Server]
    initially: FALSE
    flActions:
      ClientRequest[0] = TRUE
  Fluent5_6[Server]
    initially: FALSE
    flActions:
      BecomeLeader[0] = TRUE

Minimizing the invariants found thus far.
Minimization finished in 2.145 seconds
Current partial assumption:
/\ \A var0 \in Server : (Fluent6_6[var0]) => (Fluent5_6[var0])
/\ \A var0 \in FinNat : (Fluent16_5[var0]) => (Fluent15_5[var0])
/\ \A var0 \in FinNat : \E var1 \in FinNat : (var0 <= var1) => (~(Fluent3_2[var0]))
Round 9 took 14.589 seconds

Round 10
-------
TLC neg trace generation time: 15.308 seconds
# neg traces: 225
# min neg traces: 45
partial neg trace generation time: 19.088 seconds
attempting to eliminate the following neg trace this round:
NT1 (NegTrace): (T0->BecomeLeadern1NUM0 + T1->ClientRequestn1NUM3 + T2->BecomeLeadern2NUM2 + T3->ClientRequestn2NUM2 + T4->GetEntriesn3n2 + T5->CommitEntryn2NUM1NUM2 + T6->BecomeLeadern3NUM3 + T7->RollbackEntriesn3n1 + T8->ClientRequestn3NUM3 + T9->CommitEntryn1NUM1NUM3)

The following previously found invariant blocks the negative trace:
\A var0 \in FinNat : (Fluent9_2[var0]) => (Fluent10_2[var0])
  Fluent9_2[FinNat]
    initially: FALSE
    flActions:
      ClientRequest[1] = TRUE
  Fluent10_2[FinNat]
    initially: FALSE
    flActions:
      BecomeLeader[1] = TRUE

Minimizing the invariants found thus far.
Minimization finished in 1.226 seconds
Current partial assumption:
/\ \A var0 \in Server : (Fluent6_6[var0]) => (Fluent5_6[var0])
/\ \A var0 \in FinNat : (Fluent16_5[var0]) => (Fluent15_5[var0])
/\ \A var0 \in FinNat : (Fluent9_2[var0]) => (Fluent10_2[var0])
Round 10 took 45.621 seconds

Round 11
-------
TLC neg trace generation time: 25.327 seconds
# neg traces: 120
# min neg traces: 51
partial neg trace generation time: 34.952 seconds
attempting to eliminate the following neg trace this round:
NT1 (NegTrace): (T0->BecomeLeadern1NUM1 + T1->ClientRequestn1NUM1 + T2->BecomeLeadern2NUM1 + T3->GetEntriesn3n1 + T4->CommitEntryn1NUM1NUM1 + T5->BecomeLeadern1NUM2 + T6->ClientRequestn2NUM2 + T7->RollbackEntriesn1n2 + T8->GetEntriesn1n2 + T9->CommitEntryn1NUM1NUM2)

Init pos trace:
PT1 (PosTrace): (T0->BecomeLeadern1NUM1 + T1->ClientRequestn1NUM1 + T2->BecomeLeadern2NUM2)
Using the following partial neg trace for formula synth:
NT1 (NegTrace): (T0->BecomeLeadern1NUM1 + T1->ClientRequestn1NUM1 + T2->BecomeLeadern2NUM1)
Formula synth batch: 1
Total # workers: 8
# workers using: 8
First worker finished, shutdown count is 87.588s
Killing 1 incomplete formula synth workers
Formula synthesis complete in 116.805 seconds
\A var0 \in FinNat : (Fluent18_0[var0]) => (~(Fluent17_0[var0]))
  Fluent17_0[FinNat]
    initially: FALSE
    flActions:
      BecomeLeader[1] = TRUE
      ClientRequest[1] = FALSE
  Fluent18_0[FinNat]
    initially: FALSE
    flActions:
      ClientRequest[1] = TRUE

Found the following new invariant this round:
\A var0 \in FinNat : (Fluent18_0[var0]) => (~(Fluent17_0[var0]))
  Fluent17_0[FinNat]
    initially: FALSE
    flActions:
      BecomeLeader[1] = TRUE
      ClientRequest[1] = FALSE
  Fluent18_0[FinNat]
    initially: FALSE
    flActions:
      ClientRequest[1] = TRUE

Minimizing the invariants found thus far.
Minimization finished in 5.617 seconds
Current partial assumption:
/\ \A var0 \in Server : (Fluent6_6[var0]) => (Fluent5_6[var0])
/\ \A var0 \in FinNat : (Fluent16_5[var0]) => (Fluent15_5[var0])
/\ \A var0 \in FinNat : (Fluent18_0[var0]) => (~(Fluent17_0[var0]))
/\ \A var0 \in FinNat : (Fluent9_2[var0]) => (Fluent10_2[var0])
Round 11 took 199.862 seconds

Round 12
-------
TLC neg trace generation time: 50.145 seconds
# neg traces: 248
# min neg traces: 100
partial neg trace generation time: 58.73 seconds
attempting to eliminate the following neg trace this round:
NT1 (NegTrace): (T0->BecomeLeadern1NUM1 + T1->BecomeLeadern2NUM2 + T2->ClientRequestn2NUM2 + T3->GetEntriesn3n2 + T4->CommitEntryn2NUM1NUM2 + T5->BecomeLeadern3NUM3 + T6->ClientRequestn1NUM3 + T7->RollbackEntriesn3n1 + T8->ClientRequestn3NUM3 + T9->CommitEntryn1NUM1NUM3)

Init pos trace:
PT1 (PosTrace): (T0->BecomeLeadern1NUM1 + T1->BecomeLeadern2NUM2 + T2->ClientRequestn2NUM2 + T3->GetEntriesn3n2 + T4->CommitEntryn2NUM1NUM2 + T5->BecomeLeadern3NUM3 + T6->ClientRequestn1NUM1)
Using the following partial neg trace for formula synth:
NT1 (NegTrace): (T0->BecomeLeadern1NUM1 + T1->BecomeLeadern2NUM2 + T2->ClientRequestn2NUM2 + T3->GetEntriesn3n2 + T4->CommitEntryn2NUM1NUM2 + T5->BecomeLeadern3NUM3 + T6->ClientRequestn1NUM3)
Formula synth batch: 1
Total # workers: 8
# workers using: 8
First worker finished, shutdown count is 281.757s
Killing 1 incomplete formula synth workers
Formula synthesis complete in 375.698 seconds
\A var0 \in FinNat : \E var1 \in FinNat : (var1 <= var0) => (~(Fluent19_0[var0]))
  Fluent19_0[FinNat]
    initially: FALSE
    flActions:
      ClientRequest[1] = TRUE
\A var0 \in FinNat : \E var1 \in FinNat : (var1 <= var0) => (~(Fluent19_2[var0]))
  Fluent19_2[FinNat]
    initially: FALSE
    flActions:
      ClientRequest[1] = TRUE
\A var0 \in Server : \A var1 \in FinNat : (Fluent19_3[var0][var1]) => (Fluent20_3[var0][var1])
  Fluent19_3[Server, FinNat]
    initially: FALSE
    flActions:
      ClientRequest[0, 1] = TRUE
  Fluent20_3[Server, FinNat]
    initially: FALSE
    flActions:
      BecomeLeader[0, 1] = TRUE

Found the following new invariant this round:
\A var0 \in Server : \A var1 \in FinNat : (Fluent19_3[var0][var1]) => (Fluent20_3[var0][var1])
  Fluent19_3[Server, FinNat]
    initially: FALSE
    flActions:
      ClientRequest[0, 1] = TRUE
  Fluent20_3[Server, FinNat]
    initially: FALSE
    flActions:
      BecomeLeader[0, 1] = TRUE

Minimizing the invariants found thus far.
Minimization finished in 6.703 seconds
Current partial assumption:
/\ \A var0 \in FinNat : (Fluent16_5[var0]) => (Fluent15_5[var0])
/\ \A var0 \in Server : \A var1 \in FinNat : (Fluent19_3[var0][var1]) => (Fluent20_3[var0][var1])
Round 12 took 553.583 seconds

Round 13
-------
TLC neg trace generation time: 124.135 seconds
# neg traces: 48
# min neg traces: 16
partial neg trace generation time: 16.385 seconds
attempting to eliminate the following neg trace this round:
NT1 (NegTrace): (T0->BecomeLeadern1NUM1 + T1->ClientRequestn1NUM1 + T2->BecomeLeadern2NUM0 + T3->ClientRequestn2NUM0 + T4->GetEntriesn3n2 + T5->CommitEntryn3NUM1NUM0 + T6->RollbackEntriesn2n1 + T7->BecomeLeadern1NUM1 + T8->GetEntriesn2n1 + T9->CommitEntryn1NUM1NUM1)

The following previously found invariant blocks the negative trace:
\A var0 \in FinNat : (Fluent18_0[var0]) => (~(Fluent17_0[var0]))
  Fluent17_0[FinNat]
    initially: FALSE
    flActions:
      BecomeLeader[1] = TRUE
      ClientRequest[1] = FALSE
  Fluent18_0[FinNat]
    initially: FALSE
    flActions:
      ClientRequest[1] = TRUE

Minimizing the invariants found thus far.
Minimization finished in 1.963 seconds
Current partial assumption:
/\ \A var0 \in FinNat : (Fluent16_5[var0]) => (Fluent15_5[var0])
/\ \A var0 \in Server : \A var1 \in FinNat : (Fluent19_3[var0][var1]) => (Fluent20_3[var0][var1])
/\ \A var0 \in FinNat : \E var1 \in FinNat : (var0 <= var1) => (~(Fluent3_2[var0]))
Round 13 took 146.488 seconds

Round 14
-------
TLC neg trace generation time: 95.021 seconds
# neg traces: 32
# min neg traces: 16
partial neg trace generation time: 6.097 seconds
attempting to eliminate the following neg trace this round:
NT1 (NegTrace): (T0->BecomeLeadern1NUM2 + T1->ClientRequestn1NUM2 + T2->BecomeLeadern3NUM1 + T3->ClientRequestn3NUM1 + T4->GetEntriesn2n3 + T5->CommitEntryn2NUM1NUM1 + T6->BecomeLeadern2NUM2 + T7->RollbackEntriesn2n1 + T8->ClientRequestn2NUM2 + T9->CommitEntryn1NUM1NUM2)

The following previously found invariant blocks the negative trace:
\A var0 \in FinNat : (Fluent18_0[var0]) => (~(Fluent17_0[var0]))
  Fluent17_0[FinNat]
    initially: FALSE
    flActions:
      BecomeLeader[1] = TRUE
      ClientRequest[1] = FALSE
  Fluent18_0[FinNat]
    initially: FALSE
    flActions:
      ClientRequest[1] = TRUE

Minimizing the invariants found thus far.
Minimization finished in 1.989 seconds
Current partial assumption:
/\ \A var0 \in FinNat : (Fluent16_5[var0]) => (Fluent15_5[var0])
/\ \A var0 \in Server : \A var1 \in FinNat : (Fluent19_3[var0][var1]) => (Fluent20_3[var0][var1])
/\ \A var0 \in FinNat : (Fluent18_0[var0]) => (~(Fluent17_0[var0]))
Round 14 took 105.845 seconds

Round 15
-------
TLC neg trace generation time: 186.161 seconds
# neg traces: 36
# min neg traces: 24
partial neg trace generation time: 12.339 seconds
attempting to eliminate the following neg trace this round:
NT1 (NegTrace): (T0->BecomeLeadern1NUM1 + T1->BecomeLeadern2NUM0 + T2->ClientRequestn2NUM0 + T3->GetEntriesn3n2 + T4->CommitEntryn3NUM1NUM0 + T5->BecomeLeadern2NUM1 + T6->ClientRequestn1NUM1 + T7->RollbackEntriesn3n1 + T8->GetEntriesn3n1 + T9->CommitEntryn1NUM1NUM1)

The following previously found invariant blocks the negative trace:
\A var0 \in FinNat : \E var1 \in FinNat : (var0 <= var1) => (~(Fluent3_2[var0]))
  Fluent3_2[FinNat]
    initially: FALSE
    flActions:
      ClientRequest[1] = TRUE

Minimizing the invariants found thus far.
Minimization finished in 3.003 seconds
Current partial assumption:
/\ \A var0 \in FinNat : (Fluent16_5[var0]) => (Fluent15_5[var0])
/\ \A var0 \in Server : \A var1 \in FinNat : (Fluent19_3[var0][var1]) => (Fluent20_3[var0][var1])
/\ \A var0 \in FinNat : (Fluent18_0[var0]) => (~(Fluent17_0[var0]))
/\ \A var0 \in FinNat : \E var1 \in FinNat : (var0 <= var1) => (~(Fluent3_2[var0]))
Round 15 took 205.191 seconds

Round 16
-------
TLC neg trace generation time: 166.256 seconds
# neg traces: 140
# min neg traces: 69
partial neg trace generation time: 27.232 seconds
attempting to eliminate the following neg trace this round:
NT1 (NegTrace): (T0->BecomeLeadern1NUM3 + T1->BecomeLeadern3NUM1 + T2->ClientRequestn3NUM1 + T3->GetEntriesn2n3 + T4->CommitEntryn2NUM1NUM1 + T5->BecomeLeadern2NUM3 + T6->ClientRequestn1NUM3 + T7->RollbackEntriesn2n1 + T8->ClientRequestn2NUM3 + T9->CommitEntryn1NUM1NUM3)

Init pos trace:
PT1 (PosTrace): (T0->BecomeLeadern1NUM1)
Using the following partial neg trace for formula synth:
NT1 (NegTrace): (T0->BecomeLeadern1NUM3)
Formula synth batch: 1
Total # workers: 8
# workers using: 8
First worker finished, shutdown count is 47.925s
Formula synthesis complete in 31.508 seconds
\A var0 \in FinNat : \E var1 \in FinNat : (var1 <= var0) => (~(Fluent21_0[var0]))
  Fluent21_0[FinNat]
    initially: FALSE
    flActions:
      BecomeLeader[1] = TRUE
\A var0 \in FinNat : \E var1 \in FinNat : (Fluent21_2[var0]) => (~(var1 <= var0))
  Fluent21_2[FinNat]
    initially: FALSE
    flActions:
      BecomeLeader[1] = TRUE
\A var0 \in FinNat : \A var1 \in Server : \E var2 \in FinNat : (var2 <= var0) => (~(Fluent21_4[var0][var1]))
  Fluent21_4[FinNat, Server]
    initially: FALSE
    flActions:
      BecomeLeader[1, 0] = TRUE
\A var0 \in Server : \A var1 \in FinNat : \E var2 \in FinNat : (var2 <= var1) => (~(Fluent21_1[var1][var0]))
  Fluent21_1[FinNat, Server]
    initially: FALSE
    flActions:
      BecomeLeader[1, 0] = TRUE

new pos trace(s):
PT2 (PosTrace): (T0->BecomeLeadern1NUM1 + T1->BecomeLeadern1NUM2 + T2->BecomeLeadern1NUM3)
Using the following partial neg trace for formula synth:
NT1 (NegTrace): (T0->BecomeLeadern1NUM3)
Formula synth batch: 2
Total # workers: 4
# workers using: 4
Formula synthesis complete in 202.471 seconds
All synthesized formulas are UNSAT, increasing the size of the partial neg trace
New init pos trace:
PT1 (PosTrace): (T0->BecomeLeadern1NUM1 + T1->BecomeLeadern3NUM2)

Using the following partial neg trace for formula synth:
NT1 (NegTrace): (T0->BecomeLeadern1NUM3 + T1->BecomeLeadern3NUM1)
Formula synth batch: 1
Total # workers: 8
# workers using: 8
First worker finished, shutdown count is 91.536s
Killing 4 incomplete formula synth workers
Formula synthesis complete in 122.092 seconds
\A var0 \in FinNat : \E var1 \in FinNat : (var1 <= var0) => (~(Fluent23_0[var0]))
  Fluent23_0[FinNat]
    initially: FALSE
    flActions:
      BecomeLeader[1] = TRUE
\A var0 \in FinNat : \E var1 \in FinNat : (var1 <= var0) => (~(Fluent23_2[var0]))
  Fluent23_2[FinNat]
    initially: FALSE
    flActions:
      BecomeLeader[1] = TRUE
\A var0 \in FinNat : \A var1 \in Server : \E var2 \in FinNat : (Fluent23_4[var1][var0]) => (~(var2 <= var0))
  Fluent23_4[Server, FinNat]
    initially: FALSE
    flActions:
      BecomeLeader[0, 1] = TRUE
\A var0 \in Server : \A var1 \in FinNat : \E var2 \in FinNat : (Fluent23_1[var1][var0]) => (~(var2 <= var1))
  Fluent23_1[FinNat, Server]
    initially: FALSE
    flActions:
      BecomeLeader[1, 0] = TRUE

new pos trace(s):
PT6 (PosTrace): (T0->BecomeLeadern1NUM1 + T1->BecomeLeadern1NUM2 + T2->BecomeLeadern1NUM3)
Using the following partial neg trace for formula synth:
NT1 (NegTrace): (T0->BecomeLeadern1NUM3 + T1->BecomeLeadern3NUM1)
Formula synth batch: 2
Total # workers: 8
# workers using: 8
First worker finished, shutdown count is 761.46s
Formula synthesis complete in 679.471 seconds
\A var0 \in FinNat : \E var1 \in FinNat : (Fluent24_0[var0]) => ((var1 <= var0) => (Fluent25_0[var0]))
  Fluent25_0[FinNat]
    initially: FALSE
    flActions:
      BecomeLeader[] = FALSE
      BecomeLeader[1] = TRUE (priority 1)
  Fluent24_0[FinNat]
    initially: FALSE
    flActions:
      BecomeLeader[1] = TRUE

Found the following new invariant this round:
\A var0 \in FinNat : \E var1 \in FinNat : (Fluent24_0[var0]) => ((var1 <= var0) => (Fluent25_0[var0]))
  Fluent25_0[FinNat]
    initially: FALSE
    flActions:
      BecomeLeader[] = FALSE
      BecomeLeader[1] = TRUE (priority 1)
  Fluent24_0[FinNat]
    initially: FALSE
    flActions:
      BecomeLeader[1] = TRUE

Minimizing the invariants found thus far.
Minimization finished in 10.037 seconds
Current partial assumption:
/\ \A var0 \in FinNat : (Fluent16_5[var0]) => (Fluent15_5[var0])
/\ \A var0 \in Server : \A var1 \in FinNat : (Fluent19_3[var0][var1]) => (Fluent20_3[var0][var1])
/\ \A var0 \in FinNat : (Fluent18_0[var0]) => (~(Fluent17_0[var0]))
/\ \A var0 \in FinNat : \E var1 \in FinNat : (var0 <= var1) => (~(Fluent3_2[var0]))
/\ \A var0 \in FinNat : \E var1 \in FinNat : (Fluent24_0[var0]) => ((var1 <= var0) => (Fluent25_0[var0]))
Round 16 took 1256.745 seconds

Round 17
-------
TLC neg trace generation time: 71.991 seconds
# neg traces: 58
# min neg traces: 23
partial neg trace generation time: 8.924 seconds
attempting to eliminate the following neg trace this round:
NT1 (NegTrace): (T0->BecomeLeadern2NUM2 + T1->BecomeLeadern1NUM1 + T2->ClientRequestn1NUM1 + T3->GetEntriesn3n1 + T4->CommitEntryn1NUM1NUM1 + T5->BecomeLeadern1NUM2 + T6->ClientRequestn2NUM2 + T7->RollbackEntriesn3n2 + T8->GetEntriesn3n2 + T9->CommitEntryn2NUM1NUM2)

Init pos trace:
PT1 (PosTrace): (T0->BecomeLeadern2NUM1)
Using the following partial neg trace for formula synth:
NT1 (NegTrace): (T0->BecomeLeadern2NUM2)
Formula synth batch: 1
Total # workers: 8
# workers using: 8
First worker finished, shutdown count is 204.879s
Formula synthesis complete in 68.3 seconds
\A var0 \in FinNat : \A var1 \in FinNat : \E var2 \in FinNat : ((var2 <= var1) => (Fluent26_2[var2])) => (var1 <= var0)
  Fluent26_2[FinNat]
    initially: FALSE
    flActions:
      BecomeLeader[] = TRUE
      BecomeLeader[1] = FALSE (priority 1)

new pos trace(s):
PT2 (PosTrace): (T0->BecomeLeadern1NUM1 + T1->BecomeLeadern1NUM2)
Using the following partial neg trace for formula synth:
NT1 (NegTrace): (T0->BecomeLeadern2NUM2)
Formula synth batch: 2
Total # workers: 1
# workers using: 1
Formula synthesis complete in 142.048 seconds
All synthesized formulas are UNSAT, increasing the size of the partial neg trace
New init pos trace:
PT1 (PosTrace): (T0->BecomeLeadern2NUM1 + T1->BecomeLeadern1NUM2)

Using the following partial neg trace for formula synth:
NT1 (NegTrace): (T0->BecomeLeadern2NUM2 + T1->BecomeLeadern1NUM1)
Formula synth batch: 1
Total # workers: 8
# workers using: 8
First worker finished, shutdown count is 766.077s
Formula synthesis complete in 463.932 seconds
\A var0 \in FinNat : \E var1 \in FinNat : ((var0 <= var1) => (Fluent29_2[var1])) => (~(Fluent28_2[var0]))
  Fluent28_2[FinNat]
    initially: FALSE
    flActions:
      BecomeLeader[1] = TRUE
  Fluent29_2[FinNat]
    initially: FALSE
    flActions:
      BecomeLeader[] = TRUE
      BecomeLeader[1] = FALSE (priority 1)

Found the following new invariant this round:
\A var0 \in FinNat : \E var1 \in FinNat : ((var0 <= var1) => (Fluent29_2[var1])) => (~(Fluent28_2[var0]))
  Fluent28_2[FinNat]
    initially: FALSE
    flActions:
      BecomeLeader[1] = TRUE
  Fluent29_2[FinNat]
    initially: FALSE
    flActions:
      BecomeLeader[] = TRUE
      BecomeLeader[1] = FALSE (priority 1)

Minimizing the invariants found thus far.
Minimization finished in 10.7 seconds
Current partial assumption:
/\ \A var0 \in FinNat : \E var1 \in FinNat : ((var0 <= var1) => (Fluent29_2[var1])) => (~(Fluent28_2[var0]))
/\ \A var0 \in FinNat : (Fluent16_5[var0]) => (Fluent15_5[var0])
/\ \A var0 \in Server : \A var1 \in FinNat : (Fluent19_3[var0][var1]) => (Fluent20_3[var0][var1])
Round 17 took 773.779 seconds

Round 18
-------
TLC neg trace generation time: 1378.847 seconds
# neg traces: 12
# min neg traces: 8
partial neg trace generation time: 10.536 seconds
attempting to eliminate the following neg trace this round:
NT1 (NegTrace): (T0->BecomeLeadern1NUM1 + T1->BecomeLeadern1NUM2 + T2->ClientRequestn1NUM2 + T3->ClientRequestn1NUM2 + T4->ClientRequestn1NUM1 + T5->GetEntriesn2n1 + T6->GetEntriesn3n2 + T7->GetEntriesn2n1 + T8->CommitEntryn2NUM2NUM2 + T9->BecomeLeadern3NUM3 + T10->ClientRequestn3NUM3 + T11->RollbackEntriesn2n3 + T12->GetEntriesn2n3 + T13->CommitEntryn2NUM2NUM3)

Init pos trace:
PT1 (PosTrace): (T0->BecomeLeadern1NUM1 + T1->BecomeLeadern1NUM2 + T2->ClientRequestn1NUM2 + T3->ClientRequestn1NUM2 + T4->ClientRequestn1NUM2)
Using the following partial neg trace for formula synth:
NT1 (NegTrace): (T0->BecomeLeadern1NUM1 + T1->BecomeLeadern1NUM2 + T2->ClientRequestn1NUM2 + T3->ClientRequestn1NUM2 + T4->ClientRequestn1NUM1)
Formula synth batch: 1
Total # workers: 8
# workers using: 8
First worker finished, shutdown count is 179.76s
Formula synthesis complete in 221.6 seconds
\A var0 \in FinNat : (Fluent31_2[var0]) => (Fluent30_2[var0])
  Fluent30_2[FinNat]
    initially: FALSE
    flActions:
      BecomeLeader[] = FALSE
      BecomeLeader[1] = TRUE (priority 1)
  Fluent31_2[FinNat]
    initially: FALSE
    flActions:
      ClientRequest[1] = TRUE
\A var0 \in FinNat : (Fluent31_0[var0]) => (~(Fluent30_0[var0]))
  Fluent30_0[FinNat]
    initially: FALSE
    flActions:
      ClientRequest[1] = TRUE
  Fluent31_0[FinNat]
    initially: FALSE
    flActions:
      ClientRequest[] = TRUE
      ClientRequest[1] = FALSE (priority 1)
\A var0 \in FinNat : (Fluent31_5[var0]) => (~(Fluent30_5[var0]))
  Fluent31_5[FinNat]
    initially: FALSE
    flActions:
      ClientRequest[1] = TRUE
  Fluent30_5[FinNat]
    initially: FALSE
    flActions:
      ClientRequest[] = TRUE
      ClientRequest[1] = FALSE (priority 1)
\A var0 \in FinNat : (Fluent30_4[var0]) => (~(Fluent31_4[var0]))
  Fluent30_4[FinNat]
    initially: FALSE
    flActions:
      ClientRequest[1] = TRUE
  Fluent31_4[FinNat]
    initially: FALSE
    flActions:
      ClientRequest[] = TRUE
      ClientRequest[1] = FALSE (priority 1)
\A var0 \in Server : \E var1 \in FinNat : (Fluent30_3[var0]) => (Fluent31_3[var1])
  Fluent31_3[FinNat]
    initially: FALSE
    flActions:
      BecomeLeader[1] = TRUE
      ClientRequest[1] = FALSE
  Fluent30_3[Server]
    initially: FALSE
    flActions:
      ClientRequest[0] = TRUE
\A var0 \in Server : \E var1 \in FinNat : \A var2 \in FinNat : (Fluent30_1[var2][var0]) => (var1 = var2)
  Fluent30_1[FinNat, Server]
    initially: FALSE
    flActions:
      ClientRequest[1, 0] = TRUE
\A var0 \in Server : \A var1 \in Server : \E var2 \in FinNat : (var0 = var1) => ((Fluent31_6[var1]) => (Fluent30_6[var2]))
  Fluent30_6[FinNat]
    initially: FALSE
    flActions:
      BecomeLeader[1] = TRUE
      ClientRequest[1] = FALSE
  Fluent31_6[Server]
    initially: FALSE
    flActions:
      BecomeLeader[0] = TRUE

new pos trace(s):
PT2 (PosTrace): (T0->BecomeLeadern1NUM1 + T1->ClientRequestn1NUM1 + T2->BecomeLeadern1NUM2)
PT3 (PosTrace): (T0->BecomeLeadern1NUM1 + T1->ClientRequestn1NUM1 + T2->BecomeLeadern1NUM2 + T3->ClientRequestn1NUM2)
PT8 (PosTrace): (T0->BecomeLeadern1NUM1 + T1->ClientRequestn1NUM1)
Using the following partial neg trace for formula synth:
NT1 (NegTrace): (T0->BecomeLeadern1NUM1 + T1->BecomeLeadern1NUM2 + T2->ClientRequestn1NUM2 + T3->ClientRequestn1NUM2 + T4->ClientRequestn1NUM1)
Formula synth batch: 2
Total # workers: 7
# workers using: 7
First worker finished, shutdown count is 265.149s
Killing 2 incomplete formula synth workers
Formula synthesis complete in 353.557 seconds
\A var0 \in FinNat : (Fluent32_0[var0]) => (Fluent31_0[var0])
  Fluent31_0[FinNat]
    initially: FALSE
    flActions:
      BecomeLeader[] = FALSE
      BecomeLeader[1] = TRUE (priority 1)
  Fluent32_0[FinNat]
    initially: FALSE
    flActions:
      ClientRequest[1] = TRUE
      BecomeLeader[] = FALSE
\A var0 \in FinNat : (Fluent31_4[var0]) => (Fluent32_4[var0])
  Fluent32_4[FinNat]
    initially: FALSE
    flActions:
      BecomeLeader[] = FALSE
      BecomeLeader[1] = TRUE (priority 1)
  Fluent31_4[FinNat]
    initially: FALSE
    flActions:
      ClientRequest[1] = TRUE
      BecomeLeader[] = FALSE
\A var0 \in FinNat : (Fluent32_5[var0]) => (Fluent31_5[var0])
  Fluent31_5[FinNat]
    initially: FALSE
    flActions:
      BecomeLeader[] = TRUE
      ClientRequest[1] = FALSE
  Fluent32_5[FinNat]
    initially: FALSE
    flActions:
      BecomeLeader[] = TRUE
      BecomeLeader[1] = FALSE (priority 1)
\A var0 \in Server : \A var1 \in FinNat : (Fluent31_3[var0][var1]) => (Fluent32_3[var0][var1])
  Fluent31_3[Server, FinNat]
    initially: FALSE
    flActions:
      BecomeLeader[] = TRUE
      BecomeLeader[0, 1] = FALSE (priority 1)
  Fluent32_3[Server, FinNat]
    initially: FALSE
    flActions:
      BecomeLeader[] = TRUE
      ClientRequest[0, 1] = FALSE
\A var0 \in Server : \E var1 \in FinNat : \A var2 \in FinNat : (Fluent31_1[var0][var2]) => (var1 = var2)
  Fluent31_1[Server, FinNat]
    initially: FALSE
    flActions:
      ClientRequest[0, 1] = TRUE
      BecomeLeader[0] = FALSE

Found the following new invariant this round:
\A var0 \in Server : \E var1 \in FinNat : \A var2 \in FinNat : (Fluent31_1[var0][var2]) => (var1 = var2)
  Fluent31_1[Server, FinNat]
    initially: FALSE
    flActions:
      ClientRequest[0, 1] = TRUE
      BecomeLeader[0] = FALSE

Minimizing the invariants found thus far.
Minimization finished in 12.6 seconds
Current partial assumption:
/\ \A var0 \in FinNat : \E var1 \in FinNat : ((var0 <= var1) => (Fluent29_2[var1])) => (~(Fluent28_2[var0]))
/\ \A var0 \in FinNat : (Fluent16_5[var0]) => (Fluent15_5[var0])
/\ \A var0 \in Server : \A var1 \in FinNat : (Fluent19_3[var0][var1]) => (Fluent20_3[var0][var1])
/\ \A var0 \in Server : \E var1 \in FinNat : \A var2 \in FinNat : (Fluent31_1[var0][var2]) => (var1 = var2)
Round 18 took 2006.347 seconds

Round 19
-------
TLC neg trace generation time: 4045.792 seconds
# neg traces: 3
# min neg traces: 3
Found ret code 1 from TLC, treating like ret code 12
partial neg trace generation time: 2.585 seconds
attempting to eliminate the following neg trace this round:
NT1 (NegTrace): (T0->BecomeLeadern1NUM0 + T1->BecomeLeadern2NUM1 + T2->ClientRequestn2NUM1 + T3->GetEntriesn1n2 + T4->ClientRequestn2NUM1 + T5->GetEntriesn3n2 + T6->GetEntriesn1n2 + T7->ClientRequestn1NUM0 + T8->CommitEntryn2NUM2NUM1 + T9->BecomeLeadern3NUM2 + T10->ClientRequestn3NUM2 + T11->RollbackEntriesn2n3 + T12->GetEntriesn2n3 + T13->CommitEntryn2NUM2NUM2)

The following previously found invariant blocks the negative trace:
\A var0 \in FinNat : \E var1 \in FinNat : (var0 <= var1) => (~(Fluent3_2[var0]))
  Fluent3_2[FinNat]
    initially: FALSE
    flActions:
      ClientRequest[1] = TRUE

Minimizing the invariants found thus far.
Minimization finished in 7.378 seconds
Current partial assumption:
/\ \A var0 \in FinNat : \E var1 \in FinNat : ((var0 <= var1) => (Fluent29_2[var1])) => (~(Fluent28_2[var0]))
/\ \A var0 \in FinNat : (Fluent16_5[var0]) => (Fluent15_5[var0])
/\ \A var0 \in Server : \A var1 \in FinNat : (Fluent19_3[var0][var1]) => (Fluent20_3[var0][var1])
/\ \A var0 \in Server : \E var1 \in FinNat : \A var2 \in FinNat : (Fluent31_1[var0][var2]) => (var1 = var2)
/\ \A var0 \in FinNat : \E var1 \in FinNat : (var0 <= var1) => (~(Fluent3_2[var0]))
Round 19 took 4060.454 seconds

Round 20
-------
TLC neg trace generation time: 1670.815 seconds
# neg traces: 2
# min neg traces: 1
partial neg trace generation time: 5.74 seconds
attempting to eliminate the following neg trace this round:
NT1 (NegTrace): (T0->BecomeLeadern1NUM1 + T1->BecomeLeadern2NUM2 + T2->ClientRequestn2NUM2 + T3->ClientRequestn2NUM2 + T4->GetEntriesn1n2 + T5->GetEntriesn1n2 + T6->ClientRequestn1NUM1 + T7->GetEntriesn3n2 + T8->CommitEntryn2NUM2NUM2 + T9->BecomeLeadern3NUM3 + T10->ClientRequestn3NUM3 + T11->RollbackEntriesn2n3 + T12->GetEntriesn2n3 + T13->CommitEntryn2NUM2NUM3)

Init pos trace:
PT1 (PosTrace): (T0->BecomeLeadern1NUM1 + T1->BecomeLeadern2NUM2 + T2->ClientRequestn2NUM2 + T3->ClientRequestn2NUM2 + T4->GetEntriesn1n2 + T5->GetEntriesn1n2 + T6->ClientRequestn2NUM2)
Using the following partial neg trace for formula synth:
NT1 (NegTrace): (T0->BecomeLeadern1NUM1 + T1->BecomeLeadern2NUM2 + T2->ClientRequestn2NUM2 + T3->ClientRequestn2NUM2 + T4->GetEntriesn1n2 + T5->GetEntriesn1n2 + T6->ClientRequestn1NUM1)
Formula synth batch: 1
Total # workers: 8
# workers using: 8
First worker finished, shutdown count is 116.088s
Killing 1 incomplete formula synth workers
Formula synthesis complete in 154.805 seconds
\A var0 \in FinNat : (Fluent32_5[var0]) => (Fluent33_5[var0])
  Fluent33_5[FinNat]
    initially: FALSE
    flActions:
      ClientRequest[] = FALSE
      ClientRequest[1] = TRUE (priority 1)
  Fluent32_5[FinNat]
    initially: FALSE
    flActions:
      ClientRequest[1] = TRUE
\A var0 \in Server : (Fluent32_7[var0]) => (~(Fluent33_7[var0]))
  Fluent32_7[Server]
    initially: FALSE
    flActions:
      ClientRequest[0] = TRUE
  Fluent33_7[Server]
    initially: FALSE
    flActions:
      GetEntries[0] = TRUE
\A var0 \in Server : (Fluent32_6[var0]) => (~(Fluent33_6[var0]))
  Fluent32_6[Server]
    initially: FALSE
    flActions:
      ClientRequest[0] = TRUE
  Fluent33_6[Server]
    initially: FALSE
    flActions:
      GetEntries[0] = TRUE
\A var0 \in Server : (Fluent32_1[var0]) => (~(Fluent33_1[var0]))
  Fluent33_1[Server]
    initially: FALSE
    flActions:
      ClientRequest[0] = TRUE
  Fluent32_1[Server]
    initially: FALSE
    flActions:
      GetEntries[0] = TRUE
\A var0 \in FinNat : (Fluent32_0[var0]) => (~(Fluent33_0[var0]))
  Fluent32_0[FinNat]
    initially: FALSE
    flActions:
      BecomeLeader[] = TRUE
      BecomeLeader[1] = FALSE (priority 1)
  Fluent33_0[FinNat]
    initially: FALSE
    flActions:
      ClientRequest[1] = TRUE
\A var0 \in Server : (Fluent33_3[var0]) => (~(Fluent32_3[var0]))
  Fluent33_3[Server]
    initially: FALSE
    flActions:
      ClientRequest[0] = TRUE
  Fluent32_3[Server]
    initially: FALSE
    flActions:
      GetEntries[0] = TRUE
\A var0 \in FinNat : \A var1 \in Server : (Fluent33_4[var1][var0]) => (~(Fluent32_4[var1]))
  Fluent32_4[Server]
    initially: FALSE
    flActions:
      GetEntries[0] = TRUE
  Fluent33_4[Server, FinNat]
    initially: FALSE
    flActions:
      ClientRequest[0, 1] = TRUE

new pos trace(s):
PT3 (PosTrace): (T0->GetEntriesn1n1 + T1->BecomeLeadern1NUM1 + T2->ClientRequestn1NUM1)
PT6 (PosTrace): (T0->BecomeLeadern1NUM1 + T1->ClientRequestn1NUM1 + T2->BecomeLeadern1NUM2)
PT2 (PosTrace): (T0->BecomeLeadern1NUM1 + T1->ClientRequestn1NUM1 + T2->BecomeLeadern1NUM2 + T3->ClientRequestn1NUM2)
Using the following partial neg trace for formula synth:
NT1 (NegTrace): (T0->BecomeLeadern1NUM1 + T1->BecomeLeadern2NUM2 + T2->ClientRequestn2NUM2 + T3->ClientRequestn2NUM2 + T4->GetEntriesn1n2 + T5->GetEntriesn1n2 + T6->ClientRequestn1NUM1)
Formula synth batch: 2
Total # workers: 8
# workers using: 8
First worker finished, shutdown count is 162.678s
Killing 3 incomplete formula synth workers
Formula synthesis complete in 216.926 seconds
\A var0 \in Server : (Fluent33_6[var0]) => (Fluent34_6[var0])
  Fluent33_6[Server]
    initially: FALSE
    flActions:
      ClientRequest[0] = TRUE
  Fluent34_6[Server]
    initially: FALSE
    flActions:
      GetEntries[0] = FALSE
      BecomeLeader[0] = TRUE
\A var0 \in Server : (Fluent33_7[var0]) => (~(Fluent34_7[var0]))
  Fluent33_7[Server]
    initially: FALSE
    flActions:
      ClientRequest[0] = TRUE
  Fluent34_7[Server]
    initially: FALSE
    flActions:
      GetEntries[0] = TRUE
      GetEntries[1] = FALSE (priority 1)
\A var0 \in Server : (Fluent34_1[var0]) => (~(Fluent33_1[var0]))
  Fluent33_1[Server]
    initially: FALSE
    flActions:
      GetEntries[0] = TRUE
      BecomeLeader[0] = FALSE
  Fluent34_1[Server]
    initially: FALSE
    flActions:
      ClientRequest[0] = TRUE
\A var0 \in Server : (Fluent33_3[var0]) => (~(Fluent34_3[var0]))
  Fluent33_3[Server]
    initially: FALSE
    flActions:
      ClientRequest[0] = TRUE
  Fluent34_3[Server]
    initially: FALSE
    flActions:
      GetEntries[0] = TRUE
      GetEntries[1] = FALSE (priority 1)
\A var0 \in FinNat : \E var1 \in Server : \A var2 \in Server : (Fluent33_5[var2][var0]) => (var1 = var2)
  Fluent33_5[Server, FinNat]
    initially: FALSE
    flActions:
      ClientRequest[0] = TRUE

new pos trace(s):
PT13 (PosTrace): (T0->BecomeLeadern1NUM1 + T1->ClientRequestn1NUM1 + T2->BecomeLeadern2NUM2 + T3->ClientRequestn2NUM2)
PT9 (PosTrace): (T0->BecomeLeadern1NUM1 + T1->ClientRequestn1NUM1 + T2->BecomeLeadern2NUM2 + T3->GetEntriesn1n1)
PT10 (PosTrace): (T0->GetEntriesn2n1 + T1->BecomeLeadern2NUM1 + T2->ClientRequestn2NUM1)
Using the following partial neg trace for formula synth:
NT1 (NegTrace): (T0->BecomeLeadern1NUM1 + T1->BecomeLeadern2NUM2 + T2->ClientRequestn2NUM2 + T3->ClientRequestn2NUM2 + T4->GetEntriesn1n2 + T5->GetEntriesn1n2 + T6->ClientRequestn1NUM1)
Formula synth batch: 3
Total # workers: 8
# workers using: 8
First worker finished, shutdown count is 410.46s
Killing 2 incomplete formula synth workers
Formula synthesis complete in 547.297 seconds
\A var0 \in Server : (Fluent34_3[var0]) => (Fluent35_3[var0])
  Fluent35_3[Server]
    initially: FALSE
    flActions:
      GetEntries[0] = TRUE
      ClientRequest[0] = FALSE
  Fluent34_3[Server]
    initially: FALSE
    flActions:
      GetEntries[0] = TRUE
      BecomeLeader[0] = FALSE

Found the following new invariant this round:
\A var0 \in Server : (Fluent34_3[var0]) => (Fluent35_3[var0])
  Fluent35_3[Server]
    initially: FALSE
    flActions:
      GetEntries[0] = TRUE
      ClientRequest[0] = FALSE
  Fluent34_3[Server]
    initially: FALSE
    flActions:
      GetEntries[0] = TRUE
      BecomeLeader[0] = FALSE

Minimizing the invariants found thus far.
Minimization finished in 25.044 seconds
Current partial assumption:
/\ \A var0 \in Server : (Fluent34_3[var0]) => (Fluent35_3[var0])
/\ \A var0 \in FinNat : \E var1 \in FinNat : ((var0 <= var1) => (Fluent29_2[var1])) => (~(Fluent28_2[var0]))
/\ \A var0 \in FinNat : (Fluent16_5[var0]) => (Fluent15_5[var0])
/\ \A var0 \in Server : \A var1 \in FinNat : (Fluent19_3[var0][var1]) => (Fluent20_3[var0][var1])
/\ \A var0 \in Server : \E var1 \in FinNat : \A var2 \in FinNat : (Fluent31_1[var0][var2]) => (var1 = var2)
Round 20 took 2777.172 seconds

Round 21
-------
TLC neg trace generation time: 7200.127 seconds
# neg traces: 10
# min neg traces: 10
Found ret code 1 from TLC, treating like ret code 12
Found ret code 1 from TLC, treating like ret code 12
Found ret code 1 from TLC, treating like ret code 12
Found ret code 1 from TLC, treating like ret code 12
Found ret code 1 from TLC, treating like ret code 12
Found ret code 1 from TLC, treating like ret code 12
partial neg trace generation time: 4.987 seconds
attempting to eliminate the following neg trace this round:
NT1 (NegTrace): (T0->BecomeLeadern1NUM0 + T1->BecomeLeadern1NUM1 + T2->ClientRequestn1NUM1 + T3->ClientRequestn1NUM1 + T4->GetEntriesn2n1 + T5->GetEntriesn3n2 + T6->GetEntriesn3n1 + T7->BecomeLeadern1NUM1 + T8->ClientRequestn1NUM0 + T9->CommitEntryn3NUM2NUM1 + T10->BecomeLeadern2NUM2 + T11->ClientRequestn2NUM2 + T12->RollbackEntriesn3n2 + T13->GetEntriesn3n2 + T14->CommitEntryn2NUM2NUM2)

The following previously found invariant blocks the negative trace:
\A var0 \in FinNat : (Fluent18_0[var0]) => (~(Fluent17_0[var0]))
  Fluent17_0[FinNat]
    initially: FALSE
    flActions:
      BecomeLeader[1] = TRUE
      ClientRequest[1] = FALSE
  Fluent18_0[FinNat]
    initially: FALSE
    flActions:
      ClientRequest[1] = TRUE

Minimizing the invariants found thus far.
Minimization finished in 4.76 seconds
Current partial assumption:
/\ \A var0 \in Server : (Fluent34_3[var0]) => (Fluent35_3[var0])
/\ \A var0 \in FinNat : \E var1 \in FinNat : ((var0 <= var1) => (Fluent29_2[var1])) => (~(Fluent28_2[var0]))
/\ \A var0 \in FinNat : (Fluent16_5[var0]) => (Fluent15_5[var0])
/\ \A var0 \in Server : \A var1 \in FinNat : (Fluent19_3[var0][var1]) => (Fluent20_3[var0][var1])
/\ \A var0 \in Server : \E var1 \in FinNat : \A var2 \in FinNat : (Fluent31_1[var0][var2]) => (var1 = var2)
/\ \A var0 \in FinNat : \E var1 \in FinNat : (var0 <= var1) => (~(Fluent3_2[var0]))
Round 21 took 7212.229 seconds

Round 22
-------
TLC neg trace generation time: 2612.91 seconds
# neg traces: 8
# min neg traces: 4
partial neg trace generation time: 12.812 seconds
attempting to eliminate the following neg trace this round:
NT1 (NegTrace): (T0->BecomeLeadern1NUM1 + T1->BecomeLeadern1NUM2 + T2->ClientRequestn1NUM2 + T3->ClientRequestn1NUM2 + T4->GetEntriesn2n1 + T5->GetEntriesn2n1 + T6->GetEntriesn3n2 + T7->CommitEntryn2NUM2NUM2 + T8->BecomeLeadern1NUM3 + T9->ClientRequestn1NUM1 + T10->BecomeLeadern3NUM3 + T11->ClientRequestn3NUM3 + T12->RollbackEntriesn2n3 + T13->GetEntriesn2n3 + T14->CommitEntryn2NUM2NUM3)

Init pos trace:
PT1 (PosTrace): (T0->BecomeLeadern1NUM1 + T1->BecomeLeadern1NUM2 + T2->ClientRequestn1NUM2 + T3->ClientRequestn1NUM2 + T4->GetEntriesn2n1 + T5->GetEntriesn2n1 + T6->GetEntriesn3n2 + T7->CommitEntryn1NUM2NUM2)
Using the following partial neg trace for formula synth:
NT1 (NegTrace): (T0->BecomeLeadern1NUM1 + T1->BecomeLeadern1NUM2 + T2->ClientRequestn1NUM2 + T3->ClientRequestn1NUM2 + T4->GetEntriesn2n1 + T5->GetEntriesn2n1 + T6->GetEntriesn3n2 + T7->CommitEntryn2NUM2NUM2)
Formula synth batch: 1
Total # workers: 8
# workers using: 8
First worker finished, shutdown count is 129.351s
Killing 2 incomplete formula synth workers
Formula synthesis complete in 172.487 seconds
\A var0 \in Server : (Fluent37_3[var0]) => (Fluent36_3[var0])
  Fluent36_3[Server]
    initially: FALSE
    flActions:
      BecomeLeader[0] = TRUE
  Fluent37_3[Server]
    initially: FALSE
    flActions:
      CommitEntry[0] = TRUE

Found the following new invariant this round:
\A var0 \in Server : (Fluent37_3[var0]) => (Fluent36_3[var0])
  Fluent36_3[Server]
    initially: FALSE
    flActions:
      BecomeLeader[0] = TRUE
  Fluent37_3[Server]
    initially: FALSE
    flActions:
      CommitEntry[0] = TRUE

Minimizing the invariants found thus far.
Minimization finished in 14.987 seconds
Current partial assumption:
/\ \A var0 \in Server : (Fluent37_3[var0]) => (Fluent36_3[var0])
/\ \A var0 \in Server : (Fluent34_3[var0]) => (Fluent35_3[var0])
/\ \A var0 \in FinNat : \E var1 \in FinNat : ((var0 <= var1) => (Fluent29_2[var1])) => (~(Fluent28_2[var0]))
/\ \A var0 \in FinNat : (Fluent16_5[var0]) => (Fluent15_5[var0])
/\ \A var0 \in Server : \A var1 \in FinNat : (Fluent19_3[var0][var1]) => (Fluent20_3[var0][var1])
Round 22 took 2824.545 seconds

Round 23
-------
TLC neg trace generation time: 2368.37 seconds
# neg traces: 8
# min neg traces: 8
Found ret code 1 from TLC, treating like ret code 12
Found ret code 1 from TLC, treating like ret code 12
Found ret code 1 from TLC, treating like ret code 12
Found ret code 1 from TLC, treating like ret code 12
partial neg trace generation time: 10.978 seconds
attempting to eliminate the following neg trace this round:
NT1 (NegTrace): (T0->BecomeLeadern1NUM1 + T1->BecomeLeadern1NUM2 + T2->ClientRequestn1NUM2 + T3->ClientRequestn1NUM2 + T4->GetEntriesn2n1 + T5->GetEntriesn3n2 + T6->GetEntriesn2n1 + T7->CommitEntryn1NUM2NUM2 + T8->ClientRequestn1NUM1 + T9->BecomeLeadern3NUM3 + T10->ClientRequestn3NUM3 + T11->RollbackEntriesn2n3 + T12->GetEntriesn2n3 + T13->CommitEntryn3NUM2NUM3)

The following previously found invariant blocks the negative trace:
\A var0 \in Server : \E var1 \in FinNat : \A var2 \in FinNat : (Fluent31_1[var0][var2]) => (var1 = var2)
  Fluent31_1[Server, FinNat]
    initially: FALSE
    flActions:
      ClientRequest[0, 1] = TRUE
      BecomeLeader[0] = FALSE

Minimizing the invariants found thus far.
Minimization finished in 5.323 seconds
Current partial assumption:
/\ \A var0 \in Server : (Fluent37_3[var0]) => (Fluent36_3[var0])
/\ \A var0 \in Server : (Fluent34_3[var0]) => (Fluent35_3[var0])
/\ \A var0 \in FinNat : \E var1 \in FinNat : ((var0 <= var1) => (Fluent29_2[var1])) => (~(Fluent28_2[var0]))
/\ \A var0 \in FinNat : (Fluent16_5[var0]) => (Fluent15_5[var0])
/\ \A var0 \in Server : \A var1 \in FinNat : (Fluent19_3[var0][var1]) => (Fluent20_3[var0][var1])
/\ \A var0 \in Server : \E var1 \in FinNat : \A var2 \in FinNat : (Fluent31_1[var0][var2]) => (var1 = var2)
Round 23 took 2391.745 seconds

Round 24
-------
TLC neg trace generation time: 7200.056 seconds
Round 24 took 7200.068 seconds

The following formula is a separating assumption:
/\ \A var0 \in Server : (Fluent37_3[var0]) => (Fluent36_3[var0])
/\ \A var0 \in Server : (Fluent34_3[var0]) => (Fluent35_3[var0])
/\ \A var0 \in FinNat : \E var1 \in FinNat : ((var0 <= var1) => (Fluent29_2[var1])) => (~(Fluent28_2[var0]))
/\ \A var0 \in FinNat : (Fluent16_5[var0]) => (Fluent15_5[var0])
/\ \A var0 \in Server : \A var1 \in FinNat : (Fluent19_3[var0][var1]) => (Fluent20_3[var0][var1])
/\ \A var0 \in Server : \E var1 \in FinNat : \A var2 \in FinNat : (Fluent31_1[var0][var2]) => (var1 = var2)
