Building the system LTS (for MongoStaticRaft.tla)
Built the system LTS in 200.452s

WARNING: sun.reflect.Reflection.getCallerClass is not supported. This will impact performance.
Round 1
-------
attempting to eliminate the following neg trace this round:
NT1 (NegTrace): (T0->CommitEntryn1_n2n3_NUM1NUM0 + T1->CommitEntryn1_n1n2_NUM1NUM1)
Total # synth jobs: 48
Formula synthesis info:
  overall (multithread) time: 59.494 seconds
  winning worker id: 11
  winning worker time: 59.448 seconds
Synthesized: \A var0 \in Quorums : \A var1 \in Server : \A var2 \in Server : Fluent0[var1][var0]
Fluent0:
  initially: TRUE
  init: 
  term: CommitEntry
  paramsMap: CommitEntry: [0,1]

new pos traces:
PT2 (PosTrace): (T0->BecomeLeadern1_n1n2_NUM1 + T1->CommitEntryn1_n1n2_NUM1NUM1)
Total # synth jobs: 48
Formula synthesis info:
  overall (multithread) time: 86.044 seconds
  winning worker id: 30
  winning worker time: 86.038 seconds
Synthesized: \A var0 \in Server : (Fluent0[var0]) => (Fluent1[var0])
Fluent1:
  initially: FALSE
  init: BecomeLeader
  term: 
  paramsMap: BecomeLeader: [0]
Fluent0:
  initially: FALSE
  init: CommitEntry
  term: 
  paramsMap: CommitEntry: [0]
The formula is an invariant! Moving to the next round.
Round 1 took 353.829 seconds

Round 2
-------
attempting to eliminate the following neg trace this round:
NT1 (NegTrace): (T0->BecomeLeadern1_n1n3_NUM0 + T1->CommitEntryn1_n2n3_NUM1NUM0 + T2->CommitEntryn1_n1n2_NUM1NUM1)
Total # synth jobs: 48
Formula synthesis info:
  overall (multithread) time: 112.556 seconds
  winning worker id: 14
  winning worker time: 112.553 seconds
Synthesized: \A var0 \in FinNat : (Fluent2[var0][var0]) => (Fluent3[var0])
Fluent3:
  initially: TRUE
  init: 
  term: CommitEntry
  paramsMap: CommitEntry: [3]
Fluent2:
  initially: TRUE
  init: 
  term: CommitEntry
  paramsMap: CommitEntry: [3,2]

new pos traces:
PT3 (PosTrace): (T0->BecomeLeadern2_n1n2_NUM1 + T1->BecomeLeadern1_n1n2_NUM2 + T2->CommitEntryn1_n1n2_NUM1NUM2)
Total # synth jobs: 48
Formula synthesis info:
  overall (multithread) time: 140.898 seconds
  winning worker id: 14
  winning worker time: 140.897 seconds
Synthesized: \A var0 \in FinNat : (Fluent2[var0]) => (Fluent3[var0])
Fluent3:
  initially: FALSE
  init: BecomeLeader
  term: 
  paramsMap: BecomeLeader: [2]
Fluent2:
  initially: FALSE
  init: CommitEntry
  term: 
  paramsMap: CommitEntry: [2]

new pos traces:
PT4 (PosTrace): (T0->BecomeLeadern1_n1n2_NUM1 + T1->CommitEntryn1_n1n2_NUM2NUM1)
Total # synth jobs: 48
Formula synthesis info:
  overall (multithread) time: 171.048 seconds
  winning worker id: 14
  winning worker time: 171.033 seconds
Synthesized: \A var0 \in FinNat : (Fluent2[var0]) => (Fluent3[var0][var0])
Fluent3:
  initially: TRUE
  init: 
  term: CommitEntry
  paramsMap: CommitEntry: [3,2]
Fluent2:
  initially: TRUE
  init: 
  term: BecomeLeader
  paramsMap: BecomeLeader: [2]
The formula is an invariant! Moving to the next round.
Round 2 took 664.444 seconds

Round 3
-------
attempting to eliminate the following neg trace this round:
NT1 (NegTrace): (T0->BecomeLeadern1_n1n3_NUM0 + T1->CommitEntryn1_n2n3_NUM1NUM0 + T2->CommitEntryn1_n1n2_NUM1NUM2)
Total # synth jobs: 48
Formula synthesis info:
  overall (multithread) time: 198.274 seconds
  winning worker id: 31
  winning worker time: 198.263 seconds
Synthesized: \A var0 \in Server : \E var1 \in Server : \A var2 \in Quorums : (Fluent4[var1][var2]) => (Fluent5[var2])
Fluent5:
  initially: TRUE
  init: 
  term: CommitEntry
  paramsMap: CommitEntry: [1]
Fluent4:
  initially: TRUE
  init: 
  term: BecomeLeader
  paramsMap: BecomeLeader: [0,1]

new pos traces:
PT5 (PosTrace): (T0->BecomeLeadern1_n1n2n3_NUM1 + T1->CommitEntryn1_n1n2_NUM1NUM1)
Total # synth jobs: 48
Formula synthesis info:
  overall (multithread) time: 272.534 seconds
  winning worker id: 0
  winning worker time: 272.524 seconds
Synthesized: \A var0 \in FinNat : (Fluent4[var0]) => (Fluent5[var0])
Fluent5:
  initially: FALSE
  init: BecomeLeader
  term: 
  paramsMap: BecomeLeader: [2]
Fluent4:
  initially: FALSE
  init: CommitEntry
  term: 
  paramsMap: CommitEntry: [3]
The formula is an invariant! Moving to the next round.
Round 3 took 691.807 seconds

Round 4
-------
attempting to eliminate the following neg trace this round:
NT1 (NegTrace): (T0->BecomeLeadern1_n1n3_NUM0 + T1->BecomeLeadern1_n1n3_NUM1 + T2->CommitEntryn1_n2n3_NUM1NUM0 + T3->CommitEntryn1_n1n2_NUM1NUM1)
Total # synth jobs: 48
Formula synthesis info:
  overall (multithread) time: 393.843 seconds
  winning worker id: 18
  winning worker time: 393.831 seconds
Synthesized: \E var0 \in FinNat : \A var1 \in Quorums : (Fluent7[var1]) => (Fluent6[var1][var0])
Fluent7:
  initially: FALSE
  init: CommitEntry
  term: 
  paramsMap: CommitEntry: [1]
Fluent6:
  initially: FALSE
  init: CommitEntry
  term: 
  paramsMap: CommitEntry: [1,3]

new pos traces:
PT6 (PosTrace): (T0->BecomeLeadern1_n1n2_NUM1 + T1->CommitEntryn1_n1n2_NUM1NUM1 + T2->BecomeLeadern1_n1n3_NUM2 + T3->CommitEntryn1_n1n3_NUM2NUM2)
Total # synth jobs: 48
Formula synthesis info:
  overall (multithread) time: 1267.865 seconds
  winning worker id: 23
  winning worker time: 1267.855 seconds
Synthesized: \A var0 \in Server : \A var1 \in Quorums : \A var2 \in FinNat : (Fluent6[var1][var2]) => (Fluent7[var0][var2][var1])
Fluent7:
  initially: TRUE
  init: 
  term: CommitEntry
  paramsMap: CommitEntry: [0,3,1]
Fluent6:
  initially: TRUE
  init: 
  term: BecomeLeader, CommitEntry
  paramsMap: BecomeLeader: [1,2]
             CommitEntry: [1,2]

new pos traces:
PT7 (PosTrace): (T0->BecomeLeadern2_n1n2_NUM1 + T1->BecomeLeadern1_n1n2n3_NUM2 + T2->CommitEntryn1_n1n2_NUM1NUM2)
Total # synth jobs: 48
Formula synthesis info:
  overall (multithread) time: 3816.075 seconds
  winning worker id: 7
  winning worker time: 3816.063 seconds
Synthesized: \A var0 \in FinNat : \E var1 \in Quorums : \A var2 \in FinNat : (Fluent6[var0][var2][var1]) => (Fluent7[var2][var0])
Fluent7:
  initially: TRUE
  init: 
  term: CommitEntry
  paramsMap: CommitEntry: [3,2]
Fluent6:
  initially: TRUE
  init: 
  term: CommitEntry
  paramsMap: CommitEntry: [2,3,1]
The formula is an invariant! Moving to the next round.
Round 4 took 5794.096 seconds

Round 5
-------
attempting to eliminate the following neg trace this round:
NT1 (NegTrace): (T0->BecomeLeadern1_n1n3_NUM0 + T1->BecomeLeadern1_n1n3_NUM1 + T2->CommitEntryn1_n1n2_NUM1NUM0 + T3->CommitEntryn1_n1n2_NUM1NUM1)
Total # synth jobs: 48
Formula synthesis info:
  overall (multithread) time: 4539.814 seconds
  winning worker id: 26
  winning worker time: 4539.81 seconds
Synthesized: \A var0 \in Quorums : \A var1 \in FinNat : (Fluent10[var0]) => ((Fluent9[var1][var0]) => (Fluent8[var1]))
Fluent9:
  initially: FALSE
  init: CommitEntry
  term: 
  paramsMap: CommitEntry: [3,1]
Fluent8:
  initially: FALSE
  init: CommitEntry
  term: 
  paramsMap: CommitEntry: [2]
Fluent10:
  initially: TRUE
  init: 
  term: BecomeLeader
  paramsMap: BecomeLeader: [1]

new pos traces:
PT8 (PosTrace): (T0->BecomeLeadern2_n1n2_NUM1 + T1->BecomeLeadern1_n1n2n3_NUM2 + T2->CommitEntryn1_n1n3_NUM1NUM2)
Total # synth jobs: 48
Formula synthesis info:
  overall (multithread) time: 4932.129 seconds
  winning worker id: 0
  winning worker time: 4932.123 seconds
Synthesized: \A var0 \in FinNat : \A var1 \in FinNat : (Fluent8[var1]) => ((Fluent9[var1][var0]) => (Fluent10[var0][var1]))
Fluent9:
  initially: FALSE
  init: CommitEntry
  term: 
  paramsMap: CommitEntry: [2,3]
Fluent8:
  initially: FALSE
  init: CommitEntry
  term: 
  paramsMap: CommitEntry: [3]
Fluent10:
  initially: FALSE
  init: CommitEntry
  term: 
  paramsMap: CommitEntry: [2,3]

new pos traces:
PT9 (PosTrace): (T0->BecomeLeadern2_n1n2_NUM1 + T1->BecomeLeadern2_n1n2_NUM2 + T2->CommitEntryn2_n1n2_NUM1NUM2 + T3->BecomeLeadern1_n1n2_NUM3 + T4->CommitEntryn1_n1n2_NUM2NUM3)
Total # synth jobs: 48
Formula synthesis info:
  overall (multithread) time: 10764.705 seconds
  winning worker id: 4
  winning worker time: 10764.697 seconds
Synthesized: \A var0 \in FinNat : \A var1 \in FinNat : (Fluent9[var0][var0]) => ((Fluent8[var1][var1]) => (Fluent10[var0]))
Fluent9:
  initially: TRUE
  init: 
  term: CommitEntry
  paramsMap: CommitEntry: [2,3]
Fluent8:
  initially: FALSE
  init: CommitEntry
  term: 
  paramsMap: CommitEntry: [2,3]
Fluent10:
  initially: TRUE
  init: 
  term: CommitEntry
  paramsMap: CommitEntry: [3]

new pos traces:
PT10 (PosTrace): (T0->BecomeLeadern2_n1n2_NUM1 + T1->CommitEntryn2_n1n2_NUM1NUM1 + T2->BecomeLeadern2_n1n2_NUM2 + T3->BecomeLeadern1_n1n2_NUM3 + T4->CommitEntryn1_n1n2_NUM2NUM3)
Total # synth jobs: 48
Formula synthesis info:
  overall (multithread) time: 5827.315 seconds
  winning worker id: 20
  winning worker time: 5827.304 seconds
Synthesized: \E var0 \in Server : \A var1 \in FinNat : ((Fluent10[var1][var1]) => (Fluent9[var0][var1])) => (Fluent8[var0][var1][var1])
Fluent9:
  initially: FALSE
  init: CommitEntry
  term: 
  paramsMap: CommitEntry: [0,3]
Fluent8:
  initially: FALSE
  init: CommitEntry
  term: 
  paramsMap: CommitEntry: [0,3,2]
Fluent10:
  initially: TRUE
  init: 
  term: CommitEntry
  paramsMap: CommitEntry: [2,3]

new pos traces:
PT11 (PosTrace): (T0->BecomeLeadern1_n1n2_NUM1 + T1->CommitEntryn1_n1n2_NUM1NUM1 + T2->BecomeLeadern2_n1n2_NUM2 + T3->CommitEntryn2_n1n2_NUM2NUM2)
Total # synth jobs: 48
Formula synthesis info:
  overall (multithread) time: 11945.647 seconds
  winning worker id: 4
  winning worker time: 11945.627 seconds
Synthesized: \A var0 \in FinNat : \A var1 \in FinNat : (Fluent10[var1][var1]) => ((Fluent9[var1][var0]) => (Fluent8[var0][var1]))
Fluent9:
  initially: FALSE
  init: CommitEntry
  term: 
  paramsMap: CommitEntry: [2,3]
Fluent8:
  initially: FALSE
  init: CommitEntry
  term: 
  paramsMap: CommitEntry: [2,3]
Fluent10:
  initially: FALSE
  init: CommitEntry
  term: 
  paramsMap: CommitEntry: [2,3]
The formula is an invariant! Moving to the next round.
Round 5 took 38372.549 seconds

Round 6
-------
attempting to eliminate the following neg trace this round:
NT1 (NegTrace): (T0->BecomeLeadern1_n1n3_NUM0 + T1->BecomeLeadern1_n1n3_NUM1 + T2->CommitEntryn1_n1n2_NUM2NUM0 + T3->CommitEntryn1_n1n2_NUM2NUM1)
Total # synth jobs: 48
Formula synthesis info:
  overall (multithread) time: 11609.223 seconds
  winning worker id: 44
  winning worker time: 11609.223 seconds
Synthesized: \A var0 \in Quorums : \A var1 \in FinNat : (Fluent12[var1]) => ((Fluent11[var0][var1]) => (Fluent13[var0]))
Fluent12:
  initially: TRUE
  init: 
  term: BecomeLeader
  paramsMap: BecomeLeader: [2]
Fluent11:
  initially: FALSE
  init: CommitEntry
  term: 
  paramsMap: CommitEntry: [1,2]
Fluent13:
  initially: FALSE
  init: BecomeLeader
  term: 
  paramsMap: BecomeLeader: [1]

new pos traces:
PT12 (PosTrace): (T0->BecomeLeadern1_n1n2n3_NUM1 + T1->CommitEntryn1_n1n2_NUM2NUM1)
Total # synth jobs: 48
Could not synthesize a spearating assumption. Here are the intermediate conjuncts:
/\ \A var0 \in Server : (Fluent0[var0]) => (Fluent1[var0])
/\ \A var0 \in FinNat : (Fluent2[var0]) => (Fluent3[var0][var0])
/\ \A var0 \in FinNat : (Fluent4[var0]) => (Fluent5[var0])
/\ \A var0 \in FinNat : \E var1 \in Quorums : \A var2 \in FinNat : (Fluent6[var0][var2][var1]) => (Fluent7[var2][var0])
/\ \A var0 \in FinNat : \A var1 \in FinNat : (Fluent10[var1][var1]) => ((Fluent9[var1][var0]) => (Fluent8[var0][var1]))
/\ UNSAT
1190924.03user 42887.46system 43:10:54elapsed 793%CPU (0avgtext+0avgdata 5633824maxresident)k
5955832inputs+1442713432outputs (433198major+24995448877minor)pagefaults 0swaps
