Building the LTS for the initial trace (TM.tla)
Built the LTS in 0.104s
Creating the initial trace
WARNING: sun.reflect.Reflection.getCallerClass is not supported. This will impact performance.
Created the initial trace in 0.16s

Round 1
-------
TLC neg trace generation time: 0.705 seconds
# neg traces: 1
# min neg traces: 1
partial neg trace generation time: 0.727 seconds
attempting to eliminate the following neg trace this round:
NT1 (NegTrace): (T0->Preparer1 + T1->Abortr1 + T2->Commitr2)

Init pos trace:
PT1 (PosTrace): (T0->Preparer1 + T1->Abortr1 + T2->Abortr1)
Using the following partial neg trace for formula synth:
NT1 (NegTrace): (T0->Preparer1 + T1->Abortr1 + T2->Commitr2)
Formula synth batch: 1
Total # workers: 1
# workers using: 1
First worker finished, shutdown count is 30.0s
Formula synthesis complete in 4.208 seconds
\A var0 \in RMs : \A var1 \in RMs : (Fluent1_0[var0]) => (var1 = var0)
  Fluent1_0[RMs]
    initially: FALSE
    flActions:
      Commit[0] = TRUE

new pos trace(s):
PT2 (PosTrace): (T0->Preparer3 + T1->Preparer2 + T2->Preparer1 + T3->Commitr1)
Using the following partial neg trace for formula synth:
NT1 (NegTrace): (T0->Preparer1 + T1->Abortr1 + T2->Commitr2)
Formula synth batch: 2
Total # workers: 1
# workers using: 1
First worker finished, shutdown count is 30.0s
Formula synthesis complete in 6.455 seconds
\A var0 \in RMs : (Fluent2_0[var0]) => (Fluent3_0[var0])
  Fluent3_0[RMs]
    initially: FALSE
    flActions:
      Prepare[0] = TRUE
  Fluent2_0[RMs]
    initially: FALSE
    flActions:
      Commit[0] = TRUE

Found the following new invariant this round:
\A var0 \in RMs : (Fluent2_0[var0]) => (Fluent3_0[var0])
  Fluent3_0[RMs]
    initially: FALSE
    flActions:
      Prepare[0] = TRUE
  Fluent2_0[RMs]
    initially: FALSE
    flActions:
      Commit[0] = TRUE

Minimizing the invariants found thus far.
Minimization finished in 0.0 seconds
Current partial assumption:
/\ \A var0 \in RMs : (Fluent2_0[var0]) => (Fluent3_0[var0])
Round 1 took 14.419 seconds

Round 2
-------
TLC neg trace generation time: 0.694 seconds
# neg traces: 1
# min neg traces: 1
partial neg trace generation time: 0.491 seconds
attempting to eliminate the following neg trace this round:
NT1 (NegTrace): (T0->Abortr1 + T1->Preparer2 + T2->Commitr2)

Init pos trace:
PT1 (PosTrace): (T0->Abortr1 + T1->Abortr1)
Using the following partial neg trace for formula synth:
NT1 (NegTrace): (T0->Abortr1 + T1->Preparer2)
Formula synth batch: 1
Total # workers: 1
# workers using: 1
First worker finished, shutdown count is 30.0s
Formula synthesis complete in 2.611 seconds
\A var0 \in RMs : (Fluent4_0[var0]) => (~(Fluent5_0[var0]))
  Fluent5_0[RMs]
    initially: FALSE
    flActions:
      Prepare[0] = TRUE
  Fluent4_0[RMs]
    initially: FALSE
    flActions:
      Prepare[0] = TRUE

new pos trace(s):
PT2 (PosTrace): (T0->Preparer1)
Using the following partial neg trace for formula synth:
NT1 (NegTrace): (T0->Abortr1 + T1->Preparer2)
Formula synth batch: 2
Total # workers: 1
# workers using: 1
First worker finished, shutdown count is 30.0s
Formula synthesis complete in 3.765 seconds
\A var0 \in RMs : \A var1 \in RMs : (Fluent6_0[var0]) => (~(Fluent5_0[var1]))
  Fluent6_0[RMs]
    initially: FALSE
    flActions:
      Abort[0] = TRUE
  Fluent5_0[RMs]
    initially: FALSE
    flActions:
      Prepare[0] = TRUE

new pos trace(s):
PT3 (PosTrace): (T0->Preparer1 + T1->Abortr1)
Using the following partial neg trace for formula synth:
NT1 (NegTrace): (T0->Abortr1 + T1->Preparer2)
Formula synth batch: 3
Total # workers: 1
# workers using: 1
First worker finished, shutdown count is 30.0s
Formula synthesis complete in 4.477 seconds
\A var0 \in RMs : (Fluent7_0[var0]) => (~(Fluent6_0[var0]))
  Fluent6_0[RMs]
    initially: FALSE
    flActions:
      Abort[0] = TRUE
  Fluent7_0[RMs]
    initially: FALSE
    flActions:
      Prepare[] = TRUE
      Abort[0] = FALSE

Found the following new invariant this round:
\A var0 \in RMs : (Fluent7_0[var0]) => (~(Fluent6_0[var0]))
  Fluent6_0[RMs]
    initially: FALSE
    flActions:
      Abort[0] = TRUE
  Fluent7_0[RMs]
    initially: FALSE
    flActions:
      Prepare[] = TRUE
      Abort[0] = FALSE

Minimizing the invariants found thus far.
Minimization finished in 0.561 seconds
Current partial assumption:
/\ \A var0 \in RMs : (Fluent7_0[var0]) => (~(Fluent6_0[var0]))
/\ \A var0 \in RMs : (Fluent2_0[var0]) => (Fluent3_0[var0])
Round 2 took 15.305 seconds

Round 3
-------
TLC neg trace generation time: 0.7 seconds
# neg traces: 1
# min neg traces: 1
partial neg trace generation time: 0.49 seconds
attempting to eliminate the following neg trace this round:
NT1 (NegTrace): (T0->Preparer1 + T1->Commitr1 + T2->Abortr2)

Init pos trace:
PT1 (PosTrace): (T0->Preparer1 + T1->Preparer3)
Using the following partial neg trace for formula synth:
NT1 (NegTrace): (T0->Preparer1 + T1->Commitr1)
Formula synth batch: 1
Total # workers: 1
# workers using: 1
First worker finished, shutdown count is 30.0s
Formula synthesis complete in 2.645 seconds
\A var0 \in RMs : (Fluent9_0[var0]) => (~(Fluent8_0[var0]))
  Fluent9_0[RMs]
    initially: FALSE
    flActions:
      Prepare[0] = TRUE
  Fluent8_0[RMs]
    initially: FALSE
    flActions:
      Commit[0] = TRUE

new pos trace(s):
PT2 (PosTrace): (T0->Preparer1 + T1->Preparer2 + T2->Preparer3 + T3->Commitr1)
Using the following partial neg trace for formula synth:
NT1 (NegTrace): (T0->Preparer1 + T1->Commitr1)
Formula synth batch: 2
Total # workers: 1
# workers using: 1
First worker finished, shutdown count is 30.0s
Formula synthesis complete in 7.193 seconds
\A var0 \in RMs : (Fluent10_0[var0]) => (~(Fluent9_0[var0]))
  Fluent9_0[RMs]
    initially: FALSE
    flActions:
      Commit[0] = TRUE
  Fluent10_0[RMs]
    initially: FALSE
    flActions:
      Prepare[0] = TRUE (mutexFl)

new pos trace(s):
PT3 (PosTrace): (T0->Preparer2 + T1->Preparer3 + T2->Preparer1 + T3->Commitr1)
Using the following partial neg trace for formula synth:
NT1 (NegTrace): (T0->Preparer1 + T1->Commitr1)
Formula synth batch: 3
Total # workers: 1
# workers using: 1
First worker finished, shutdown count is 35.964s
Formula synthesis complete in 11.994 seconds
\A var0 \in RMs : \A var1 \in RMs : (Fluent11_0[var0]) => (Fluent10_0[var1])
  Fluent11_0[RMs]
    initially: FALSE
    flActions:
      Commit[0] = TRUE
  Fluent10_0[RMs]
    initially: FALSE
    flActions:
      Prepare[0] = TRUE

Found the following new invariant this round:
\A var0 \in RMs : \A var1 \in RMs : (Fluent11_0[var0]) => (Fluent10_0[var1])
  Fluent11_0[RMs]
    initially: FALSE
    flActions:
      Commit[0] = TRUE
  Fluent10_0[RMs]
    initially: FALSE
    flActions:
      Prepare[0] = TRUE

Minimizing the invariants found thus far.
Minimization finished in 1.067 seconds
Current partial assumption:
/\ \A var0 \in RMs : \A var1 \in RMs : (Fluent11_0[var0]) => (Fluent10_0[var1])
Round 3 took 26.776 seconds

Round 4
-------
TLC neg trace generation time: 0.69 seconds
# neg traces: 1
# min neg traces: 1
partial neg trace generation time: 1.216 seconds
attempting to eliminate the following neg trace this round:
NT1 (NegTrace): (T0->Preparer1 + T1->Preparer2 + T2->Preparer3 + T3->Abortr1 + T4->Commitr2)

Init pos trace:
PT1 (PosTrace): (T0->Preparer1 + T1->Preparer2 + T2->Preparer3 + T3->Abortr1 + T4->Abortr1)
Using the following partial neg trace for formula synth:
NT1 (NegTrace): (T0->Preparer1 + T1->Preparer2 + T2->Preparer3 + T3->Abortr1 + T4->Commitr2)
Formula synth batch: 1
Total # workers: 1
# workers using: 1
First worker finished, shutdown count is 30.0s
Formula synthesis complete in 6.054 seconds
\A var0 \in RMs : (Fluent12_0[var0]) => (Fluent13_0[var0])
  Fluent13_0[RMs]
    initially: FALSE
    flActions:
      Abort[0] = TRUE
  Fluent12_0[RMs]
    initially: FALSE
    flActions:
      Commit[0] = TRUE

new pos trace(s):
PT2 (PosTrace): (T0->Preparer1 + T1->Preparer3 + T2->Preparer2 + T3->Commitr1)
Using the following partial neg trace for formula synth:
NT1 (NegTrace): (T0->Preparer1 + T1->Preparer2 + T2->Preparer3 + T3->Abortr1 + T4->Commitr2)
Formula synth batch: 2
Total # workers: 1
# workers using: 1
First worker finished, shutdown count is 31.764s
Formula synthesis complete in 10.594 seconds
\A var0 \in RMs : (Fluent14_0[var0]) => (~(Fluent13_0[var0]))
  Fluent14_0[RMs]
    initially: FALSE
    flActions:
      Abort[0] = TRUE
  Fluent13_0[RMs]
    initially: FALSE
    flActions:
      Commit[] = TRUE
      Abort[0] = FALSE

Found the following new invariant this round:
\A var0 \in RMs : (Fluent14_0[var0]) => (~(Fluent13_0[var0]))
  Fluent14_0[RMs]
    initially: FALSE
    flActions:
      Abort[0] = TRUE
  Fluent13_0[RMs]
    initially: FALSE
    flActions:
      Commit[] = TRUE
      Abort[0] = FALSE

Minimizing the invariants found thus far.
Minimization finished in 1.603 seconds
Current partial assumption:
/\ \A var0 \in RMs : (Fluent14_0[var0]) => (~(Fluent13_0[var0]))
/\ \A var0 \in RMs : \A var1 \in RMs : (Fluent11_0[var0]) => (Fluent10_0[var1])
Round 4 took 23.363 seconds

Round 5
-------
TLC neg trace generation time: 0.694 seconds
# neg traces: 1
# min neg traces: 1
partial neg trace generation time: 1.234 seconds
attempting to eliminate the following neg trace this round:
NT1 (NegTrace): (T0->Preparer1 + T1->Preparer2 + T2->Preparer3 + T3->Commitr1 + T4->Abortr2)

Init pos trace:
PT1 (PosTrace): (T0->Preparer1 + T1->Preparer2 + T2->Preparer3 + T3->Commitr1)
Using the following partial neg trace for formula synth:
NT1 (NegTrace): (T0->Preparer1 + T1->Preparer2 + T2->Preparer3 + T3->Commitr1 + T4->Abortr2)
Formula synth batch: 1
Total # workers: 1
# workers using: 1
First worker finished, shutdown count is 30.0s
Formula synthesis complete in 6.125 seconds
\A var0 \in RMs : \A var1 \in RMs : (Fluent15_0[var0]) => (var1 = var0)
  Fluent15_0[RMs]
    initially: FALSE
    flActions:
      Abort[0] = TRUE

new pos trace(s):
PT2 (PosTrace): (T0->Abortr1)
Using the following partial neg trace for formula synth:
NT1 (NegTrace): (T0->Preparer1 + T1->Preparer2 + T2->Preparer3 + T3->Commitr1 + T4->Abortr2)
Formula synth batch: 2
Total # workers: 1
# workers using: 1
First worker finished, shutdown count is 30.0s
Formula synthesis complete in 8.28 seconds
\A var0 \in RMs : (Fluent17_0[var0]) => (~(Fluent16_0[var0]))
  Fluent17_0[RMs]
    initially: FALSE
    flActions:
      Abort[0] = TRUE
  Fluent16_0[RMs]
    initially: FALSE
    flActions:
      Prepare[0] = TRUE

new pos trace(s):
PT3 (PosTrace): (T0->Preparer1 + T1->Abortr1)
Using the following partial neg trace for formula synth:
NT1 (NegTrace): (T0->Preparer1 + T1->Preparer2 + T2->Preparer3 + T3->Commitr1 + T4->Abortr2)
Formula synth batch: 3
Total # workers: 1
# workers using: 1
First worker finished, shutdown count is 39.798s
Formula synthesis complete in 13.273 seconds
\A var0 \in RMs : \A var1 \in RMs : (Fluent18_0[var0]) => (~(Fluent17_0[var1]))
  Fluent17_0[RMs]
    initially: FALSE
    flActions:
      Commit[0] = TRUE
  Fluent18_0[RMs]
    initially: FALSE
    flActions:
      Abort[0] = TRUE

Found the following new invariant this round:
\A var0 \in RMs : \A var1 \in RMs : (Fluent18_0[var0]) => (~(Fluent17_0[var1]))
  Fluent17_0[RMs]
    initially: FALSE
    flActions:
      Commit[0] = TRUE
  Fluent18_0[RMs]
    initially: FALSE
    flActions:
      Abort[0] = TRUE

Minimizing the invariants found thus far.
Minimization finished in 2.112 seconds
Current partial assumption:
/\ \A var0 \in RMs : \A var1 \in RMs : (Fluent18_0[var0]) => (~(Fluent17_0[var1]))
Round 5 took 35.643 seconds

Round 6
-------
TLC neg trace generation time: 0.679 seconds
# neg traces: 1
# min neg traces: 1
partial neg trace generation time: 0.225 seconds
attempting to eliminate the following neg trace this round:
NT1 (NegTrace): (T0->Commitr1 + T1->SilentAbortr2)

The following previously found invariant blocks the negative trace:
\A var0 \in RMs : \A var1 \in RMs : (Fluent11_0[var0]) => (Fluent10_0[var1])
  Fluent11_0[RMs]
    initially: FALSE
    flActions:
      Commit[0] = TRUE
  Fluent10_0[RMs]
    initially: FALSE
    flActions:
      Prepare[0] = TRUE

Minimizing the invariants found thus far.
Minimization finished in 0.996 seconds
Current partial assumption:
/\ \A var0 \in RMs : \A var1 \in RMs : (Fluent18_0[var0]) => (~(Fluent17_0[var1]))
/\ \A var0 \in RMs : \A var1 \in RMs : (Fluent11_0[var0]) => (Fluent10_0[var1])
Round 6 took 2.915 seconds

Round 7
-------
TLC neg trace generation time: 0.689 seconds
Round 7 took 0.696 seconds

The following formula is a separating assumption:
/\ \A var0 \in RMs : \A var1 \in RMs : (Fluent18_0[var0]) => (~(Fluent17_0[var1]))
/\ \A var0 \in RMs : \A var1 \in RMs : (Fluent11_0[var0]) => (Fluent10_0[var1])
